{"/Users/seanwoodliffe/OctopusMobile/app/_layout.tsx": {"path":"/Users/seanwoodliffe/OctopusMobile/app/_layout.tsx","statementMap":{"0":{"start":{"line":18,"column":20},"end":{"line":26,"column":2}},"1":{"start":{"line":29,"column":41},"end":{"line":29,"column":50}},"2":{"start":{"line":30,"column":19},"end":{"line":30,"column":32}},"3":{"start":{"line":31,"column":17},"end":{"line":31,"column":28}},"4":{"start":{"line":33,"column":2},"end":{"line":45,"column":45}},"5":{"start":{"line":34,"column":4},"end":{"line":34,"column":26}},"6":{"start":{"line":34,"column":19},"end":{"line":34,"column":26}},"7":{"start":{"line":36,"column":24},"end":{"line":36,"column":48}},"8":{"start":{"line":38,"column":4},"end":{"line":44,"column":5}},"9":{"start":{"line":40,"column":6},"end":{"line":40,"column":38}},"10":{"start":{"line":41,"column":11},"end":{"line":44,"column":5}},"11":{"start":{"line":43,"column":6},"end":{"line":43,"column":32}},"12":{"start":{"line":47,"column":2},"end":{"line":49,"column":3}},"13":{"start":{"line":48,"column":4},"end":{"line":48,"column":66}},"14":{"start":{"line":51,"column":2},"end":{"line":51,"column":25}},"15":{"start":{"line":55,"column":2},"end":{"line":71,"column":4}},"16":{"start":{"line":75,"column":2},"end":{"line":85,"column":4}},"17":{"start":{"line":88,"column":15},"end":{"line":93,"column":2}}},"fnMap":{"0":{"name":"AuthGate","decl":{"start":{"line":28,"column":9},"end":{"line":28,"column":17}},"loc":{"start":{"line":28,"column":63},"end":{"line":52,"column":1}},"line":28},"1":{"name":"(anonymous_1)","decl":{"start":{"line":33,"column":12},"end":{"line":33,"column":13}},"loc":{"start":{"line":33,"column":18},"end":{"line":45,"column":3}},"line":33},"2":{"name":"RootLayoutNav","decl":{"start":{"line":54,"column":9},"end":{"line":54,"column":22}},"loc":{"start":{"line":54,"column":25},"end":{"line":72,"column":1}},"line":54},"3":{"name":"RootLayout","decl":{"start":{"line":74,"column":24},"end":{"line":74,"column":34}},"loc":{"start":{"line":74,"column":37},"end":{"line":86,"column":1}},"line":74}},"branchMap":{"0":{"loc":{"start":{"line":34,"column":4},"end":{"line":34,"column":26}},"type":"if","locations":[{"start":{"line":34,"column":4},"end":{"line":34,"column":26}},{"start":{},"end":{}}],"line":34},"1":{"loc":{"start":{"line":38,"column":4},"end":{"line":44,"column":5}},"type":"if","locations":[{"start":{"line":38,"column":4},"end":{"line":44,"column":5}},{"start":{"line":41,"column":11},"end":{"line":44,"column":5}}],"line":38},"2":{"loc":{"start":{"line":38,"column":8},"end":{"line":38,"column":40}},"type":"binary-expr","locations":[{"start":{"line":38,"column":8},"end":{"line":38,"column":24}},{"start":{"line":38,"column":28},"end":{"line":38,"column":40}}],"line":38},"3":{"loc":{"start":{"line":41,"column":11},"end":{"line":44,"column":5}},"type":"if","locations":[{"start":{"line":41,"column":11},"end":{"line":44,"column":5}},{"start":{},"end":{}}],"line":41},"4":{"loc":{"start":{"line":41,"column":15},"end":{"line":41,"column":45}},"type":"binary-expr","locations":[{"start":{"line":41,"column":15},"end":{"line":41,"column":30}},{"start":{"line":41,"column":34},"end":{"line":41,"column":45}}],"line":41},"5":{"loc":{"start":{"line":47,"column":2},"end":{"line":49,"column":3}},"type":"if","locations":[{"start":{"line":47,"column":2},"end":{"line":49,"column":3}},{"start":{},"end":{}}],"line":47}},"s":{"0":0,"1":0,"2":0,"3":0,"4":0,"5":0,"6":0,"7":0,"8":0,"9":0,"10":0,"11":0,"12":0,"13":0,"14":0,"15":0,"16":0,"17":0},"f":{"0":0,"1":0,"2":0,"3":0},"b":{"0":[0,0],"1":[0,0],"2":[0,0],"3":[0,0],"4":[0,0],"5":[0,0]}}
,"/Users/seanwoodliffe/OctopusMobile/app/(auth)/_layout.tsx": {"path":"/Users/seanwoodliffe/OctopusMobile/app/(auth)/_layout.tsx","statementMap":{"0":{"start":{"line":10,"column":2},"end":{"line":19,"column":4}}},"fnMap":{"0":{"name":"AuthLayout","decl":{"start":{"line":9,"column":24},"end":{"line":9,"column":34}},"loc":{"start":{"line":9,"column":37},"end":{"line":20,"column":1}},"line":9}},"branchMap":{},"s":{"0":0},"f":{"0":0},"b":{}}
,"/Users/seanwoodliffe/OctopusMobile/app/(auth)/login.tsx": {"path":"/Users/seanwoodliffe/OctopusMobile/app/(auth)/login.tsx","statementMap":{"0":{"start":{"line":29,"column":32},"end":{"line":29,"column":56}},"1":{"start":{"line":32,"column":50},"end":{"line":32,"column":59}},"2":{"start":{"line":34,"column":36},"end":{"line":34,"column":48}},"3":{"start":{"line":35,"column":30},"end":{"line":35,"column":42}},"4":{"start":{"line":36,"column":50},"end":{"line":39,"column":8}},"5":{"start":{"line":41,"column":32},"end":{"line":47,"column":53}},"6":{"start":{"line":42,"column":4},"end":{"line":42,"column":23}},"7":{"start":{"line":43,"column":4},"end":{"line":45,"column":5}},"8":{"start":{"line":44,"column":6},"end":{"line":44,"column":71}},"9":{"start":{"line":44,"column":35},"end":{"line":44,"column":68}},"10":{"start":{"line":46,"column":4},"end":{"line":46,"column":28}},"11":{"start":{"line":46,"column":15},"end":{"line":46,"column":28}},"12":{"start":{"line":49,"column":29},"end":{"line":55,"column":50}},"13":{"start":{"line":50,"column":4},"end":{"line":50,"column":20}},"14":{"start":{"line":51,"column":4},"end":{"line":53,"column":5}},"15":{"start":{"line":52,"column":6},"end":{"line":52,"column":68}},"16":{"start":{"line":52,"column":35},"end":{"line":52,"column":65}},"17":{"start":{"line":54,"column":4},"end":{"line":54,"column":28}},"18":{"start":{"line":54,"column":15},"end":{"line":54,"column":28}},"19":{"start":{"line":57,"column":22},"end":{"line":84,"column":32}},"20":{"start":{"line":59,"column":44},"end":{"line":59,"column":46}},"21":{"start":{"line":61,"column":26},"end":{"line":61,"column":54}},"22":{"start":{"line":62,"column":4},"end":{"line":64,"column":5}},"23":{"start":{"line":63,"column":6},"end":{"line":63,"column":45}},"24":{"start":{"line":66,"column":26},"end":{"line":66,"column":48}},"25":{"start":{"line":67,"column":4},"end":{"line":69,"column":5}},"26":{"start":{"line":68,"column":6},"end":{"line":68,"column":42}},"27":{"start":{"line":71,"column":4},"end":{"line":75,"column":5}},"28":{"start":{"line":72,"column":6},"end":{"line":72,"column":34}},"29":{"start":{"line":73,"column":6},"end":{"line":73,"column":72}},"30":{"start":{"line":74,"column":6},"end":{"line":74,"column":13}},"31":{"start":{"line":77,"column":19},"end":{"line":77,"column":49}},"32":{"start":{"line":79,"column":4},"end":{"line":83,"column":5}},"33":{"start":{"line":80,"column":6},"end":{"line":80,"column":74}},"34":{"start":{"line":82,"column":6},"end":{"line":82,"column":72}},"35":{"start":{"line":86,"column":25},"end":{"line":98,"column":8}},"36":{"start":{"line":87,"column":4},"end":{"line":97,"column":6}},"37":{"start":{"line":94,"column":25},"end":{"line":94,"column":110}},"38":{"start":{"line":100,"column":2},"end":{"line":208,"column":4}},"39":{"start":{"line":211,"column":15},"end":{"line":324,"column":2}}},"fnMap":{"0":{"name":"LoginScreen","decl":{"start":{"line":31,"column":24},"end":{"line":31,"column":35}},"loc":{"start":{"line":31,"column":38},"end":{"line":209,"column":1}},"line":31},"1":{"name":"(anonymous_1)","decl":{"start":{"line":41,"column":44},"end":{"line":41,"column":45}},"loc":{"start":{"line":41,"column":62},"end":{"line":47,"column":3}},"line":41},"2":{"name":"(anonymous_2)","decl":{"start":{"line":44,"column":26},"end":{"line":44,"column":27}},"loc":{"start":{"line":44,"column":35},"end":{"line":44,"column":68}},"line":44},"3":{"name":"(anonymous_3)","decl":{"start":{"line":49,"column":41},"end":{"line":49,"column":42}},"loc":{"start":{"line":49,"column":59},"end":{"line":55,"column":3}},"line":49},"4":{"name":"(anonymous_4)","decl":{"start":{"line":52,"column":26},"end":{"line":52,"column":27}},"loc":{"start":{"line":52,"column":35},"end":{"line":52,"column":65}},"line":52},"5":{"name":"(anonymous_5)","decl":{"start":{"line":57,"column":34},"end":{"line":57,"column":35}},"loc":{"start":{"line":57,"column":46},"end":{"line":84,"column":3}},"line":57},"6":{"name":"(anonymous_6)","decl":{"start":{"line":86,"column":37},"end":{"line":86,"column":38}},"loc":{"start":{"line":86,"column":43},"end":{"line":98,"column":3}},"line":86},"7":{"name":"(anonymous_7)","decl":{"start":{"line":94,"column":19},"end":{"line":94,"column":20}},"loc":{"start":{"line":94,"column":25},"end":{"line":94,"column":110}},"line":94}},"branchMap":{"0":{"loc":{"start":{"line":43,"column":4},"end":{"line":45,"column":5}},"type":"if","locations":[{"start":{"line":43,"column":4},"end":{"line":45,"column":5}},{"start":{},"end":{}}],"line":43},"1":{"loc":{"start":{"line":46,"column":4},"end":{"line":46,"column":28}},"type":"if","locations":[{"start":{"line":46,"column":4},"end":{"line":46,"column":28}},{"start":{},"end":{}}],"line":46},"2":{"loc":{"start":{"line":51,"column":4},"end":{"line":53,"column":5}},"type":"if","locations":[{"start":{"line":51,"column":4},"end":{"line":53,"column":5}},{"start":{},"end":{}}],"line":51},"3":{"loc":{"start":{"line":54,"column":4},"end":{"line":54,"column":28}},"type":"if","locations":[{"start":{"line":54,"column":4},"end":{"line":54,"column":28}},{"start":{},"end":{}}],"line":54},"4":{"loc":{"start":{"line":62,"column":4},"end":{"line":64,"column":5}},"type":"if","locations":[{"start":{"line":62,"column":4},"end":{"line":64,"column":5}},{"start":{},"end":{}}],"line":62},"5":{"loc":{"start":{"line":67,"column":4},"end":{"line":69,"column":5}},"type":"if","locations":[{"start":{"line":67,"column":4},"end":{"line":69,"column":5}},{"start":{},"end":{}}],"line":67},"6":{"loc":{"start":{"line":71,"column":4},"end":{"line":75,"column":5}},"type":"if","locations":[{"start":{"line":71,"column":4},"end":{"line":75,"column":5}},{"start":{},"end":{}}],"line":71},"7":{"loc":{"start":{"line":79,"column":4},"end":{"line":83,"column":5}},"type":"if","locations":[{"start":{"line":79,"column":4},"end":{"line":83,"column":5}},{"start":{"line":81,"column":11},"end":{"line":83,"column":5}}],"line":79},"8":{"loc":{"start":{"line":122,"column":20},"end":{"line":122,"column":64}},"type":"cond-expr","locations":[{"start":{"line":122,"column":44},"end":{"line":122,"column":53}},{"start":{"line":122,"column":56},"end":{"line":122,"column":64}}],"line":122},"9":{"loc":{"start":{"line":165,"column":25},"end":{"line":165,"column":70}},"type":"binary-expr","locations":[{"start":{"line":165,"column":25},"end":{"line":165,"column":48}},{"start":{"line":165,"column":52},"end":{"line":165,"column":57}},{"start":{"line":165,"column":61},"end":{"line":165,"column":70}}],"line":165},"10":{"loc":{"start":{"line":180,"column":28},"end":{"line":180,"column":49}},"type":"binary-expr","locations":[{"start":{"line":180,"column":28},"end":{"line":180,"column":38}},{"start":{"line":180,"column":42},"end":{"line":180,"column":49}}],"line":180}},"s":{"0":0,"1":0,"2":0,"3":0,"4":0,"5":0,"6":0,"7":0,"8":0,"9":0,"10":0,"11":0,"12":0,"13":0,"14":0,"15":0,"16":0,"17":0,"18":0,"19":0,"20":0,"21":0,"22":0,"23":0,"24":0,"25":0,"26":0,"27":0,"28":0,"29":0,"30":0,"31":0,"32":0,"33":0,"34":0,"35":0,"36":0,"37":0,"38":0,"39":0},"f":{"0":0,"1":0,"2":0,"3":0,"4":0,"5":0,"6":0,"7":0},"b":{"0":[0,0],"1":[0,0],"2":[0,0],"3":[0,0],"4":[0,0],"5":[0,0],"6":[0,0],"7":[0,0],"8":[0,0],"9":[0,0,0],"10":[0,0]}}
,"/Users/seanwoodliffe/OctopusMobile/app/(tabs)/_layout.tsx": {"path":"/Users/seanwoodliffe/OctopusMobile/app/(tabs)/_layout.tsx","statementMap":{"0":{"start":{"line":24,"column":40},"end":{"line":32,"column":1}},"1":{"start":{"line":25,"column":2},"end":{"line":31,"column":9}},"2":{"start":{"line":35,"column":27},"end":{"line":35,"column":36}},"3":{"start":{"line":37,"column":2},"end":{"line":170,"column":4}},"4":{"start":{"line":53,"column":10},"end":{"line":55,"column":17}},"5":{"start":{"line":86,"column":12},"end":{"line":91,"column":14}},"6":{"start":{"line":101,"column":12},"end":{"line":106,"column":14}},"7":{"start":{"line":116,"column":12},"end":{"line":121,"column":14}},"8":{"start":{"line":139,"column":12},"end":{"line":144,"column":14}},"9":{"start":{"line":160,"column":12},"end":{"line":165,"column":14}},"10":{"start":{"line":173,"column":15},"end":{"line":188,"column":2}}},"fnMap":{"0":{"name":"(anonymous_0)","decl":{"start":{"line":24,"column":40},"end":{"line":24,"column":41}},"loc":{"start":{"line":25,"column":2},"end":{"line":31,"column":9}},"line":25},"1":{"name":"TabsLayout","decl":{"start":{"line":34,"column":24},"end":{"line":34,"column":34}},"loc":{"start":{"line":34,"column":37},"end":{"line":171,"column":1}},"line":34},"2":{"name":"(anonymous_2)","decl":{"start":{"line":52,"column":20},"end":{"line":52,"column":21}},"loc":{"start":{"line":53,"column":10},"end":{"line":55,"column":17}},"line":53},"3":{"name":"(anonymous_3)","decl":{"start":{"line":85,"column":22},"end":{"line":85,"column":23}},"loc":{"start":{"line":86,"column":12},"end":{"line":91,"column":14}},"line":86},"4":{"name":"(anonymous_4)","decl":{"start":{"line":100,"column":22},"end":{"line":100,"column":23}},"loc":{"start":{"line":101,"column":12},"end":{"line":106,"column":14}},"line":101},"5":{"name":"(anonymous_5)","decl":{"start":{"line":115,"column":22},"end":{"line":115,"column":23}},"loc":{"start":{"line":116,"column":12},"end":{"line":121,"column":14}},"line":116},"6":{"name":"(anonymous_6)","decl":{"start":{"line":138,"column":22},"end":{"line":138,"column":23}},"loc":{"start":{"line":139,"column":12},"end":{"line":144,"column":14}},"line":139},"7":{"name":"(anonymous_7)","decl":{"start":{"line":159,"column":22},"end":{"line":159,"column":23}},"loc":{"start":{"line":160,"column":12},"end":{"line":165,"column":14}},"line":160}},"branchMap":{"0":{"loc":{"start":{"line":25,"column":38},"end":{"line":25,"column":76}},"type":"binary-expr","locations":[{"start":{"line":25,"column":38},"end":{"line":25,"column":45}},{"start":{"line":25,"column":49},"end":{"line":25,"column":76}}],"line":25},"1":{"loc":{"start":{"line":27,"column":12},"end":{"line":27,"column":40}},"type":"cond-expr","locations":[{"start":{"line":27,"column":22},"end":{"line":27,"column":33}},{"start":{"line":27,"column":36},"end":{"line":27,"column":40}}],"line":27},"2":{"loc":{"start":{"line":135,"column":16},"end":{"line":135,"column":49}},"type":"cond-expr","locations":[{"start":{"line":135,"column":31},"end":{"line":135,"column":42}},{"start":{"line":135,"column":45},"end":{"line":135,"column":49}}],"line":135}},"s":{"0":0,"1":0,"2":0,"3":0,"4":0,"5":0,"6":0,"7":0,"8":0,"9":0,"10":0},"f":{"0":0,"1":0,"2":0,"3":0,"4":0,"5":0,"6":0,"7":0},"b":{"0":[0,0],"1":[0,0],"2":[0,0]}}
,"/Users/seanwoodliffe/OctopusMobile/app/(tabs)/deployments.tsx": {"path":"/Users/seanwoodliffe/OctopusMobile/app/(tabs)/deployments.tsx","statementMap":{"0":{"start":{"line":29,"column":81},"end":{"line":34,"column":1}},"1":{"start":{"line":37,"column":17},"end":{"line":37,"column":28}},"2":{"start":{"line":38,"column":30},"end":{"line":38,"column":58}},"3":{"start":{"line":40,"column":23},"end":{"line":40,"column":73}},"4":{"start":{"line":40,"column":48},"end":{"line":40,"column":64}},"5":{"start":{"line":42,"column":57},"end":{"line":46,"column":4}},"6":{"start":{"line":48,"column":16},"end":{"line":48,"column":38}},"7":{"start":{"line":50,"column":21},"end":{"line":59,"column":3}},"8":{"start":{"line":51,"column":17},"end":{"line":51,"column":37}},"9":{"start":{"line":52,"column":16},"end":{"line":52,"column":26}},"10":{"start":{"line":53,"column":20},"end":{"line":53,"column":71}},"11":{"start":{"line":55,"column":4},"end":{"line":55,"column":40}},"12":{"start":{"line":55,"column":22},"end":{"line":55,"column":40}},"13":{"start":{"line":56,"column":4},"end":{"line":56,"column":66}},"14":{"start":{"line":56,"column":24},"end":{"line":56,"column":66}},"15":{"start":{"line":57,"column":4},"end":{"line":57,"column":69}},"16":{"start":{"line":57,"column":25},"end":{"line":57,"column":69}},"17":{"start":{"line":58,"column":4},"end":{"line":58,"column":49}},"18":{"start":{"line":61,"column":25},"end":{"line":74,"column":3}},"19":{"start":{"line":63,"column":18},"end":{"line":63,"column":37}},"20":{"start":{"line":64,"column":4},"end":{"line":72,"column":5}},"21":{"start":{"line":65,"column":20},"end":{"line":65,"column":38}},"22":{"start":{"line":66,"column":22},"end":{"line":66,"column":40}},"23":{"start":{"line":67,"column":22},"end":{"line":67,"column":53}},"24":{"start":{"line":69,"column":6},"end":{"line":69,"column":52}},"25":{"start":{"line":69,"column":21},"end":{"line":69,"column":52}},"26":{"start":{"line":70,"column":6},"end":{"line":70,"column":56}},"27":{"start":{"line":70,"column":23},"end":{"line":70,"column":56}},"28":{"start":{"line":71,"column":6},"end":{"line":71,"column":27}},"29":{"start":{"line":73,"column":4},"end":{"line":73,"column":20}},"30":{"start":{"line":76,"column":26},"end":{"line":79,"column":14}},"31":{"start":{"line":77,"column":4},"end":{"line":77,"column":59}},"32":{"start":{"line":78,"column":4},"end":{"line":78,"column":36}},"33":{"start":{"line":81,"column":21},"end":{"line":128,"column":23}},"34":{"start":{"line":82,"column":4},"end":{"line":127,"column":11}},"35":{"start":{"line":83,"column":21},"end":{"line":83,"column":42}},"36":{"start":{"line":130,"column":23},"end":{"line":130,"column":63}},"37":{"start":{"line":130,"column":51},"end":{"line":130,"column":58}},"38":{"start":{"line":132,"column":2},"end":{"line":140,"column":3}},"39":{"start":{"line":133,"column":4},"end":{"line":139,"column":6}},"40":{"start":{"line":142,"column":2},"end":{"line":192,"column":4}},"41":{"start":{"line":147,"column":10},"end":{"line":164,"column":22}},"42":{"start":{"line":154,"column":14},"end":{"line":154,"column":39}},"43":{"start":{"line":155,"column":14},"end":{"line":155,"column":36}},"44":{"start":{"line":189,"column":38},"end":{"line":189,"column":71}},"45":{"start":{"line":195,"column":15},"end":{"line":307,"column":2}}},"fnMap":{"0":{"name":"DeploymentsScreen","decl":{"start":{"line":36,"column":24},"end":{"line":36,"column":41}},"loc":{"start":{"line":36,"column":44},"end":{"line":193,"column":1}},"line":36},"1":{"name":"(anonymous_1)","decl":{"start":{"line":40,"column":43},"end":{"line":40,"column":44}},"loc":{"start":{"line":40,"column":48},"end":{"line":40,"column":64}},"line":40},"2":{"name":"(anonymous_2)","decl":{"start":{"line":50,"column":21},"end":{"line":50,"column":22}},"loc":{"start":{"line":50,"column":53},"end":{"line":59,"column":3}},"line":50},"3":{"name":"(anonymous_3)","decl":{"start":{"line":61,"column":25},"end":{"line":61,"column":26}},"loc":{"start":{"line":61,"column":55},"end":{"line":74,"column":3}},"line":61},"4":{"name":"(anonymous_4)","decl":{"start":{"line":76,"column":38},"end":{"line":76,"column":39}},"loc":{"start":{"line":76,"column":54},"end":{"line":79,"column":3}},"line":76},"5":{"name":"(anonymous_5)","decl":{"start":{"line":81,"column":33},"end":{"line":81,"column":34}},"loc":{"start":{"line":82,"column":4},"end":{"line":127,"column":11}},"line":82},"6":{"name":"(anonymous_6)","decl":{"start":{"line":83,"column":15},"end":{"line":83,"column":16}},"loc":{"start":{"line":83,"column":21},"end":{"line":83,"column":42}},"line":83},"7":{"name":"(anonymous_7)","decl":{"start":{"line":130,"column":35},"end":{"line":130,"column":36}},"loc":{"start":{"line":130,"column":51},"end":{"line":130,"column":58}},"line":130},"8":{"name":"(anonymous_8)","decl":{"start":{"line":146,"column":28},"end":{"line":146,"column":29}},"loc":{"start":{"line":147,"column":10},"end":{"line":164,"column":22}},"line":147},"9":{"name":"(anonymous_9)","decl":{"start":{"line":153,"column":21},"end":{"line":153,"column":22}},"loc":{"start":{"line":153,"column":27},"end":{"line":156,"column":13}},"line":153},"10":{"name":"(anonymous_10)","decl":{"start":{"line":189,"column":32},"end":{"line":189,"column":33}},"loc":{"start":{"line":189,"column":38},"end":{"line":189,"column":71}},"line":189}},"branchMap":{"0":{"loc":{"start":{"line":48,"column":16},"end":{"line":48,"column":38}},"type":"binary-expr","locations":[{"start":{"line":48,"column":16},"end":{"line":48,"column":32}},{"start":{"line":48,"column":36},"end":{"line":48,"column":38}}],"line":48},"1":{"loc":{"start":{"line":55,"column":4},"end":{"line":55,"column":40}},"type":"if","locations":[{"start":{"line":55,"column":4},"end":{"line":55,"column":40}},{"start":{},"end":{}}],"line":55},"2":{"loc":{"start":{"line":56,"column":4},"end":{"line":56,"column":66}},"type":"if","locations":[{"start":{"line":56,"column":4},"end":{"line":56,"column":66}},{"start":{},"end":{}}],"line":56},"3":{"loc":{"start":{"line":57,"column":4},"end":{"line":57,"column":69}},"type":"if","locations":[{"start":{"line":57,"column":4},"end":{"line":57,"column":69}},{"start":{},"end":{}}],"line":57},"4":{"loc":{"start":{"line":64,"column":4},"end":{"line":72,"column":5}},"type":"if","locations":[{"start":{"line":64,"column":4},"end":{"line":72,"column":5}},{"start":{},"end":{}}],"line":64},"5":{"loc":{"start":{"line":69,"column":6},"end":{"line":69,"column":52}},"type":"if","locations":[{"start":{"line":69,"column":6},"end":{"line":69,"column":52}},{"start":{},"end":{}}],"line":69},"6":{"loc":{"start":{"line":70,"column":6},"end":{"line":70,"column":56}},"type":"if","locations":[{"start":{"line":70,"column":6},"end":{"line":70,"column":56}},{"start":{},"end":{}}],"line":70},"7":{"loc":{"start":{"line":97,"column":11},"end":{"line":102,"column":11}},"type":"binary-expr","locations":[{"start":{"line":97,"column":11},"end":{"line":97,"column":37}},{"start":{"line":98,"column":12},"end":{"line":101,"column":19}}],"line":97},"8":{"loc":{"start":{"line":104,"column":11},"end":{"line":108,"column":11}},"type":"binary-expr","locations":[{"start":{"line":104,"column":11},"end":{"line":104,"column":27}},{"start":{"line":104,"column":31},"end":{"line":104,"column":44}},{"start":{"line":105,"column":12},"end":{"line":107,"column":19}}],"line":104},"9":{"loc":{"start":{"line":116,"column":7},"end":{"line":120,"column":7}},"type":"binary-expr","locations":[{"start":{"line":116,"column":7},"end":{"line":116,"column":31}},{"start":{"line":117,"column":8},"end":{"line":119,"column":15}}],"line":116},"10":{"loc":{"start":{"line":122,"column":7},"end":{"line":126,"column":7}},"type":"binary-expr","locations":[{"start":{"line":122,"column":7},"end":{"line":122,"column":35}},{"start":{"line":123,"column":8},"end":{"line":125,"column":15}}],"line":122},"11":{"loc":{"start":{"line":132,"column":2},"end":{"line":140,"column":3}},"type":"if","locations":[{"start":{"line":132,"column":2},"end":{"line":140,"column":3}},{"start":{},"end":{}}],"line":132},"12":{"loc":{"start":{"line":151,"column":14},"end":{"line":151,"column":61}},"type":"binary-expr","locations":[{"start":{"line":151,"column":14},"end":{"line":151,"column":35}},{"start":{"line":151,"column":39},"end":{"line":151,"column":61}}],"line":151},"13":{"loc":{"start":{"line":160,"column":14},"end":{"line":160,"column":65}},"type":"binary-expr","locations":[{"start":{"line":160,"column":14},"end":{"line":160,"column":35}},{"start":{"line":160,"column":39},"end":{"line":160,"column":65}}],"line":160},"14":{"loc":{"start":{"line":181,"column":10},"end":{"line":187,"column":18}},"type":"cond-expr","locations":[{"start":{"line":182,"column":12},"end":{"line":186,"column":14}},{"start":{"line":187,"column":14},"end":{"line":187,"column":18}}],"line":181},"15":{"loc":{"start":{"line":185,"column":23},"end":{"line":185,"column":114}},"type":"cond-expr","locations":[{"start":{"line":185,"column":42},"end":{"line":185,"column":66}},{"start":{"line":185,"column":69},"end":{"line":185,"column":114}}],"line":185}},"s":{"0":0,"1":0,"2":0,"3":0,"4":0,"5":0,"6":0,"7":0,"8":0,"9":0,"10":0,"11":0,"12":0,"13":0,"14":0,"15":0,"16":0,"17":0,"18":0,"19":0,"20":0,"21":0,"22":0,"23":0,"24":0,"25":0,"26":0,"27":0,"28":0,"29":0,"30":0,"31":0,"32":0,"33":0,"34":0,"35":0,"36":0,"37":0,"38":0,"39":0,"40":0,"41":0,"42":0,"43":0,"44":0,"45":0},"f":{"0":0,"1":0,"2":0,"3":0,"4":0,"5":0,"6":0,"7":0,"8":0,"9":0,"10":0},"b":{"0":[0,0],"1":[0,0],"2":[0,0],"3":[0,0],"4":[0,0],"5":[0,0],"6":[0,0],"7":[0,0],"8":[0,0,0],"9":[0,0],"10":[0,0],"11":[0,0],"12":[0,0],"13":[0,0],"14":[0,0],"15":[0,0]}}
,"/Users/seanwoodliffe/OctopusMobile/app/(tabs)/environments.tsx": {"path":"/Users/seanwoodliffe/OctopusMobile/app/(tabs)/environments.tsx","statementMap":{"0":{"start":{"line":25,"column":23},"end":{"line":38,"column":1}},"1":{"start":{"line":26,"column":2},"end":{"line":37,"column":3}},"2":{"start":{"line":28,"column":6},"end":{"line":28,"column":41}},"3":{"start":{"line":30,"column":6},"end":{"line":30,"column":45}},"4":{"start":{"line":32,"column":6},"end":{"line":32,"column":43}},"5":{"start":{"line":34,"column":6},"end":{"line":34,"column":45}},"6":{"start":{"line":36,"column":6},"end":{"line":36,"column":41}},"7":{"start":{"line":48,"column":17},"end":{"line":48,"column":28}},"8":{"start":{"line":49,"column":94},"end":{"line":49,"column":111}},"9":{"start":{"line":50,"column":87},"end":{"line":50,"column":114}},"10":{"start":{"line":52,"column":19},"end":{"line":52,"column":44}},"11":{"start":{"line":53,"column":20},"end":{"line":53,"column":49}},"12":{"start":{"line":56,"column":32},"end":{"line":69,"column":30}},"13":{"start":{"line":57,"column":4},"end":{"line":57,"column":33}},"14":{"start":{"line":57,"column":23},"end":{"line":57,"column":33}},"15":{"start":{"line":59,"column":4},"end":{"line":68,"column":49}},"16":{"start":{"line":60,"column":26},"end":{"line":60,"column":81}},"17":{"start":{"line":60,"column":47},"end":{"line":60,"column":80}},"18":{"start":{"line":61,"column":6},"end":{"line":67,"column":8}},"19":{"start":{"line":64,"column":46},"end":{"line":64,"column":74}},"20":{"start":{"line":65,"column":48},"end":{"line":65,"column":114}},"21":{"start":{"line":66,"column":46},"end":{"line":66,"column":78}},"22":{"start":{"line":68,"column":22},"end":{"line":68,"column":47}},"23":{"start":{"line":71,"column":24},"end":{"line":74,"column":35}},"24":{"start":{"line":72,"column":4},"end":{"line":72,"column":17}},"25":{"start":{"line":73,"column":4},"end":{"line":73,"column":22}},"26":{"start":{"line":76,"column":33},"end":{"line":79,"column":14}},"27":{"start":{"line":77,"column":4},"end":{"line":77,"column":59}},"28":{"start":{"line":78,"column":4},"end":{"line":78,"column":42}},"29":{"start":{"line":81,"column":28},"end":{"line":155,"column":30}},"30":{"start":{"line":82,"column":26},"end":{"line":88,"column":21}},"31":{"start":{"line":90,"column":4},"end":{"line":154,"column":6}},"32":{"start":{"line":92,"column":23},"end":{"line":92,"column":51}},"33":{"start":{"line":157,"column":23},"end":{"line":157,"column":70}},"34":{"start":{"line":157,"column":58},"end":{"line":157,"column":65}},"35":{"start":{"line":159,"column":2},"end":{"line":167,"column":3}},"36":{"start":{"line":160,"column":4},"end":{"line":166,"column":6}},"37":{"start":{"line":169,"column":2},"end":{"line":208,"column":4}},"38":{"start":{"line":205,"column":38},"end":{"line":205,"column":71}},"39":{"start":{"line":211,"column":15},"end":{"line":314,"column":2}}},"fnMap":{"0":{"name":"(anonymous_0)","decl":{"start":{"line":25,"column":23},"end":{"line":25,"column":24}},"loc":{"start":{"line":25,"column":51},"end":{"line":38,"column":1}},"line":25},"1":{"name":"EnvironmentsScreen","decl":{"start":{"line":47,"column":24},"end":{"line":47,"column":42}},"loc":{"start":{"line":47,"column":45},"end":{"line":209,"column":1}},"line":47},"2":{"name":"(anonymous_2)","decl":{"start":{"line":56,"column":40},"end":{"line":56,"column":41}},"loc":{"start":{"line":56,"column":70},"end":{"line":69,"column":3}},"line":56},"3":{"name":"(anonymous_3)","decl":{"start":{"line":59,"column":28},"end":{"line":59,"column":29}},"loc":{"start":{"line":59,"column":35},"end":{"line":68,"column":5}},"line":59},"4":{"name":"(anonymous_4)","decl":{"start":{"line":60,"column":42},"end":{"line":60,"column":43}},"loc":{"start":{"line":60,"column":47},"end":{"line":60,"column":80}},"line":60},"5":{"name":"(anonymous_5)","decl":{"start":{"line":64,"column":41},"end":{"line":64,"column":42}},"loc":{"start":{"line":64,"column":46},"end":{"line":64,"column":74}},"line":64},"6":{"name":"(anonymous_6)","decl":{"start":{"line":65,"column":43},"end":{"line":65,"column":44}},"loc":{"start":{"line":65,"column":48},"end":{"line":65,"column":114}},"line":65},"7":{"name":"(anonymous_7)","decl":{"start":{"line":66,"column":41},"end":{"line":66,"column":42}},"loc":{"start":{"line":66,"column":46},"end":{"line":66,"column":78}},"line":66},"8":{"name":"(anonymous_8)","decl":{"start":{"line":68,"column":12},"end":{"line":68,"column":13}},"loc":{"start":{"line":68,"column":22},"end":{"line":68,"column":47}},"line":68},"9":{"name":"(anonymous_9)","decl":{"start":{"line":71,"column":36},"end":{"line":71,"column":37}},"loc":{"start":{"line":71,"column":42},"end":{"line":74,"column":3}},"line":71},"10":{"name":"(anonymous_10)","decl":{"start":{"line":76,"column":45},"end":{"line":76,"column":46}},"loc":{"start":{"line":76,"column":67},"end":{"line":79,"column":3}},"line":76},"11":{"name":"(anonymous_11)","decl":{"start":{"line":81,"column":40},"end":{"line":81,"column":41}},"loc":{"start":{"line":81,"column":86},"end":{"line":155,"column":3}},"line":81},"12":{"name":"(anonymous_12)","decl":{"start":{"line":92,"column":17},"end":{"line":92,"column":18}},"loc":{"start":{"line":92,"column":23},"end":{"line":92,"column":51}},"line":92},"13":{"name":"(anonymous_13)","decl":{"start":{"line":157,"column":35},"end":{"line":157,"column":36}},"loc":{"start":{"line":157,"column":58},"end":{"line":157,"column":65}},"line":157},"14":{"name":"(anonymous_14)","decl":{"start":{"line":205,"column":32},"end":{"line":205,"column":33}},"loc":{"start":{"line":205,"column":38},"end":{"line":205,"column":71}},"line":205}},"branchMap":{"0":{"loc":{"start":{"line":26,"column":2},"end":{"line":37,"column":3}},"type":"switch","locations":[{"start":{"line":27,"column":4},"end":{"line":28,"column":41}},{"start":{"line":29,"column":4},"end":{"line":30,"column":45}},{"start":{"line":31,"column":4},"end":{"line":32,"column":43}},{"start":{"line":33,"column":4},"end":{"line":34,"column":45}},{"start":{"line":35,"column":4},"end":{"line":36,"column":41}}],"line":26},"1":{"loc":{"start":{"line":52,"column":19},"end":{"line":52,"column":44}},"type":"binary-expr","locations":[{"start":{"line":52,"column":19},"end":{"line":52,"column":38}},{"start":{"line":52,"column":42},"end":{"line":52,"column":44}}],"line":52},"2":{"loc":{"start":{"line":53,"column":20},"end":{"line":53,"column":49}},"type":"binary-expr","locations":[{"start":{"line":53,"column":20},"end":{"line":53,"column":30}},{"start":{"line":53,"column":34},"end":{"line":53,"column":49}}],"line":53},"3":{"loc":{"start":{"line":57,"column":4},"end":{"line":57,"column":33}},"type":"if","locations":[{"start":{"line":57,"column":4},"end":{"line":57,"column":33}},{"start":{},"end":{}}],"line":57},"4":{"loc":{"start":{"line":65,"column":48},"end":{"line":65,"column":114}},"type":"binary-expr","locations":[{"start":{"line":65,"column":48},"end":{"line":65,"column":78}},{"start":{"line":65,"column":82},"end":{"line":65,"column":114}}],"line":65},"5":{"loc":{"start":{"line":82,"column":26},"end":{"line":88,"column":21}},"type":"cond-expr","locations":[{"start":{"line":83,"column":8},"end":{"line":83,"column":19}},{"start":{"line":84,"column":8},"end":{"line":88,"column":21}}],"line":82},"6":{"loc":{"start":{"line":84,"column":8},"end":{"line":88,"column":21}},"type":"cond-expr","locations":[{"start":{"line":85,"column":10},"end":{"line":85,"column":23}},{"start":{"line":86,"column":10},"end":{"line":88,"column":21}}],"line":84},"7":{"loc":{"start":{"line":86,"column":10},"end":{"line":88,"column":21}},"type":"cond-expr","locations":[{"start":{"line":87,"column":12},"end":{"line":87,"column":21}},{"start":{"line":88,"column":12},"end":{"line":88,"column":21}}],"line":86},"8":{"loc":{"start":{"line":108,"column":9},"end":{"line":112,"column":9}},"type":"binary-expr","locations":[{"start":{"line":108,"column":9},"end":{"line":108,"column":25}},{"start":{"line":109,"column":10},"end":{"line":111,"column":17}}],"line":108},"9":{"loc":{"start":{"line":134,"column":14},"end":{"line":134,"column":81}},"type":"binary-expr","locations":[{"start":{"line":134,"column":14},"end":{"line":134,"column":35}},{"start":{"line":134,"column":39},"end":{"line":134,"column":81}}],"line":134},"10":{"loc":{"start":{"line":146,"column":14},"end":{"line":146,"column":81}},"type":"binary-expr","locations":[{"start":{"line":146,"column":14},"end":{"line":146,"column":37}},{"start":{"line":146,"column":41},"end":{"line":146,"column":81}}],"line":146},"11":{"loc":{"start":{"line":159,"column":2},"end":{"line":167,"column":3}},"type":"if","locations":[{"start":{"line":159,"column":2},"end":{"line":167,"column":3}},{"start":{},"end":{}}],"line":159},"12":{"loc":{"start":{"line":174,"column":45},"end":{"line":174,"column":70}},"type":"binary-expr","locations":[{"start":{"line":174,"column":45},"end":{"line":174,"column":65}},{"start":{"line":174,"column":69},"end":{"line":174,"column":70}}],"line":174},"13":{"loc":{"start":{"line":197,"column":10},"end":{"line":203,"column":18}},"type":"cond-expr","locations":[{"start":{"line":198,"column":12},"end":{"line":202,"column":14}},{"start":{"line":203,"column":14},"end":{"line":203,"column":18}}],"line":197}},"s":{"0":0,"1":0,"2":0,"3":0,"4":0,"5":0,"6":0,"7":0,"8":0,"9":0,"10":0,"11":0,"12":0,"13":0,"14":0,"15":0,"16":0,"17":0,"18":0,"19":0,"20":0,"21":0,"22":0,"23":0,"24":0,"25":0,"26":0,"27":0,"28":0,"29":0,"30":0,"31":0,"32":0,"33":0,"34":0,"35":0,"36":0,"37":0,"38":0,"39":0},"f":{"0":0,"1":0,"2":0,"3":0,"4":0,"5":0,"6":0,"7":0,"8":0,"9":0,"10":0,"11":0,"12":0,"13":0,"14":0},"b":{"0":[0,0,0,0,0],"1":[0,0],"2":[0,0],"3":[0,0],"4":[0,0],"5":[0,0],"6":[0,0],"7":[0,0],"8":[0,0],"9":[0,0],"10":[0,0],"11":[0,0],"12":[0,0],"13":[0,0]}}
,"/Users/seanwoodliffe/OctopusMobile/app/(tabs)/index.tsx": {"path":"/Users/seanwoodliffe/OctopusMobile/app/(tabs)/index.tsx","statementMap":{"0":{"start":{"line":17,"column":19},"end":{"line":17,"column":53}},"1":{"start":{"line":33,"column":17},"end":{"line":33,"column":28}},"2":{"start":{"line":34,"column":34},"end":{"line":34,"column":43}},"3":{"start":{"line":35,"column":57},"end":{"line":35,"column":71}},"4":{"start":{"line":36,"column":33},"end":{"line":36,"column":50}},"5":{"start":{"line":39,"column":16},"end":{"line":58,"column":17}},"6":{"start":{"line":40,"column":4},"end":{"line":40,"column":32}},"7":{"start":{"line":40,"column":20},"end":{"line":40,"column":32}},"8":{"start":{"line":42,"column":18},"end":{"line":42,"column":33}},"9":{"start":{"line":43,"column":16},"end":{"line":43,"column":26}},"10":{"start":{"line":44,"column":20},"end":{"line":47,"column":6}},"11":{"start":{"line":45,"column":22},"end":{"line":45,"column":44}},"12":{"start":{"line":46,"column":6},"end":{"line":46,"column":69}},"13":{"start":{"line":49,"column":4},"end":{"line":57,"column":6}},"14":{"start":{"line":51,"column":33},"end":{"line":51,"column":54}},"15":{"start":{"line":52,"column":32},"end":{"line":52,"column":52}},"16":{"start":{"line":53,"column":36},"end":{"line":53,"column":83}},"17":{"start":{"line":61,"column":28},"end":{"line":66,"column":17}},"18":{"start":{"line":62,"column":4},"end":{"line":62,"column":30}},"19":{"start":{"line":62,"column":20},"end":{"line":62,"column":30}},"20":{"start":{"line":63,"column":4},"end":{"line":65,"column":19}},"21":{"start":{"line":64,"column":22},"end":{"line":64,"column":83}},"22":{"start":{"line":69,"column":25},"end":{"line":72,"column":17}},"23":{"start":{"line":70,"column":4},"end":{"line":70,"column":37}},"24":{"start":{"line":70,"column":20},"end":{"line":70,"column":37}},"25":{"start":{"line":71,"column":4},"end":{"line":71,"column":68}},"26":{"start":{"line":71,"column":51},"end":{"line":71,"column":65}},"27":{"start":{"line":75,"column":21},"end":{"line":78,"column":17}},"28":{"start":{"line":76,"column":4},"end":{"line":76,"column":37}},"29":{"start":{"line":76,"column":20},"end":{"line":76,"column":37}},"30":{"start":{"line":77,"column":4},"end":{"line":77,"column":64}},"31":{"start":{"line":77,"column":47},"end":{"line":77,"column":61}},"32":{"start":{"line":80,"column":21},"end":{"line":89,"column":3}},"33":{"start":{"line":81,"column":17},"end":{"line":81,"column":37}},"34":{"start":{"line":82,"column":16},"end":{"line":82,"column":26}},"35":{"start":{"line":83,"column":20},"end":{"line":83,"column":71}},"36":{"start":{"line":85,"column":4},"end":{"line":85,"column":40}},"37":{"start":{"line":85,"column":22},"end":{"line":85,"column":40}},"38":{"start":{"line":86,"column":4},"end":{"line":86,"column":66}},"39":{"start":{"line":86,"column":24},"end":{"line":86,"column":66}},"40":{"start":{"line":87,"column":4},"end":{"line":87,"column":69}},"41":{"start":{"line":87,"column":25},"end":{"line":87,"column":69}},"42":{"start":{"line":88,"column":4},"end":{"line":88,"column":49}},"43":{"start":{"line":91,"column":32},"end":{"line":95,"column":14}},"44":{"start":{"line":92,"column":4},"end":{"line":92,"column":59}},"45":{"start":{"line":94,"column":4},"end":{"line":94,"column":52}},"46":{"start":{"line":97,"column":2},"end":{"line":105,"column":3}},"47":{"start":{"line":98,"column":4},"end":{"line":104,"column":6}},"48":{"start":{"line":107,"column":2},"end":{"line":109,"column":3}},"49":{"start":{"line":108,"column":4},"end":{"line":108,"column":60}},"50":{"start":{"line":111,"column":2},"end":{"line":259,"column":4}},"51":{"start":{"line":191,"column":29},"end":{"line":191,"column":53}},"52":{"start":{"line":200,"column":29},"end":{"line":200,"column":57}},"53":{"start":{"line":213,"column":38},"end":{"line":213,"column":65}},"54":{"start":{"line":225,"column":16},"end":{"line":252,"column":23}},"55":{"start":{"line":227,"column":33},"end":{"line":227,"column":60}},"56":{"start":{"line":262,"column":15},"end":{"line":462,"column":2}}},"fnMap":{"0":{"name":"DashboardScreen","decl":{"start":{"line":32,"column":24},"end":{"line":32,"column":39}},"loc":{"start":{"line":32,"column":42},"end":{"line":260,"column":1}},"line":32},"1":{"name":"(anonymous_1)","decl":{"start":{"line":39,"column":24},"end":{"line":39,"column":25}},"loc":{"start":{"line":39,"column":30},"end":{"line":58,"column":3}},"line":39},"2":{"name":"(anonymous_2)","decl":{"start":{"line":44,"column":33},"end":{"line":44,"column":34}},"loc":{"start":{"line":44,"column":41},"end":{"line":47,"column":5}},"line":44},"3":{"name":"(anonymous_3)","decl":{"start":{"line":51,"column":28},"end":{"line":51,"column":29}},"loc":{"start":{"line":51,"column":33},"end":{"line":51,"column":54}},"line":51},"4":{"name":"(anonymous_4)","decl":{"start":{"line":52,"column":27},"end":{"line":52,"column":28}},"loc":{"start":{"line":52,"column":32},"end":{"line":52,"column":52}},"line":52},"5":{"name":"(anonymous_5)","decl":{"start":{"line":53,"column":31},"end":{"line":53,"column":32}},"loc":{"start":{"line":53,"column":36},"end":{"line":53,"column":83}},"line":53},"6":{"name":"(anonymous_6)","decl":{"start":{"line":61,"column":36},"end":{"line":61,"column":37}},"loc":{"start":{"line":61,"column":42},"end":{"line":66,"column":3}},"line":61},"7":{"name":"(anonymous_7)","decl":{"start":{"line":64,"column":12},"end":{"line":64,"column":13}},"loc":{"start":{"line":64,"column":22},"end":{"line":64,"column":83}},"line":64},"8":{"name":"(anonymous_8)","decl":{"start":{"line":69,"column":33},"end":{"line":69,"column":34}},"loc":{"start":{"line":69,"column":39},"end":{"line":72,"column":3}},"line":69},"9":{"name":"(anonymous_9)","decl":{"start":{"line":71,"column":46},"end":{"line":71,"column":47}},"loc":{"start":{"line":71,"column":51},"end":{"line":71,"column":65}},"line":71},"10":{"name":"(anonymous_10)","decl":{"start":{"line":75,"column":29},"end":{"line":75,"column":30}},"loc":{"start":{"line":75,"column":35},"end":{"line":78,"column":3}},"line":75},"11":{"name":"(anonymous_11)","decl":{"start":{"line":77,"column":42},"end":{"line":77,"column":43}},"loc":{"start":{"line":77,"column":47},"end":{"line":77,"column":61}},"line":77},"12":{"name":"(anonymous_12)","decl":{"start":{"line":80,"column":21},"end":{"line":80,"column":22}},"loc":{"start":{"line":80,"column":53},"end":{"line":89,"column":3}},"line":80},"13":{"name":"(anonymous_13)","decl":{"start":{"line":91,"column":44},"end":{"line":91,"column":45}},"loc":{"start":{"line":91,"column":69},"end":{"line":95,"column":3}},"line":91},"14":{"name":"(anonymous_14)","decl":{"start":{"line":191,"column":23},"end":{"line":191,"column":24}},"loc":{"start":{"line":191,"column":29},"end":{"line":191,"column":53}},"line":191},"15":{"name":"(anonymous_15)","decl":{"start":{"line":200,"column":23},"end":{"line":200,"column":24}},"loc":{"start":{"line":200,"column":29},"end":{"line":200,"column":57}},"line":200},"16":{"name":"(anonymous_16)","decl":{"start":{"line":213,"column":32},"end":{"line":213,"column":33}},"loc":{"start":{"line":213,"column":38},"end":{"line":213,"column":65}},"line":213},"17":{"name":"(anonymous_17)","decl":{"start":{"line":224,"column":37},"end":{"line":224,"column":38}},"loc":{"start":{"line":225,"column":16},"end":{"line":252,"column":23}},"line":225},"18":{"name":"(anonymous_18)","decl":{"start":{"line":227,"column":27},"end":{"line":227,"column":28}},"loc":{"start":{"line":227,"column":33},"end":{"line":227,"column":60}},"line":227}},"branchMap":{"0":{"loc":{"start":{"line":40,"column":4},"end":{"line":40,"column":32}},"type":"if","locations":[{"start":{"line":40,"column":4},"end":{"line":40,"column":32}},{"start":{},"end":{}}],"line":40},"1":{"loc":{"start":{"line":53,"column":36},"end":{"line":53,"column":83}},"type":"binary-expr","locations":[{"start":{"line":53,"column":36},"end":{"line":53,"column":59}},{"start":{"line":53,"column":63},"end":{"line":53,"column":83}}],"line":53},"2":{"loc":{"start":{"line":62,"column":4},"end":{"line":62,"column":30}},"type":"if","locations":[{"start":{"line":62,"column":4},"end":{"line":62,"column":30}},{"start":{},"end":{}}],"line":62},"3":{"loc":{"start":{"line":70,"column":4},"end":{"line":70,"column":37}},"type":"if","locations":[{"start":{"line":70,"column":4},"end":{"line":70,"column":37}},{"start":{},"end":{}}],"line":70},"4":{"loc":{"start":{"line":76,"column":4},"end":{"line":76,"column":37}},"type":"if","locations":[{"start":{"line":76,"column":4},"end":{"line":76,"column":37}},{"start":{},"end":{}}],"line":76},"5":{"loc":{"start":{"line":85,"column":4},"end":{"line":85,"column":40}},"type":"if","locations":[{"start":{"line":85,"column":4},"end":{"line":85,"column":40}},{"start":{},"end":{}}],"line":85},"6":{"loc":{"start":{"line":86,"column":4},"end":{"line":86,"column":66}},"type":"if","locations":[{"start":{"line":86,"column":4},"end":{"line":86,"column":66}},{"start":{},"end":{}}],"line":86},"7":{"loc":{"start":{"line":87,"column":4},"end":{"line":87,"column":69}},"type":"if","locations":[{"start":{"line":87,"column":4},"end":{"line":87,"column":69}},{"start":{},"end":{}}],"line":87},"8":{"loc":{"start":{"line":97,"column":2},"end":{"line":105,"column":3}},"type":"if","locations":[{"start":{"line":97,"column":2},"end":{"line":105,"column":3}},{"start":{},"end":{}}],"line":97},"9":{"loc":{"start":{"line":107,"column":2},"end":{"line":109,"column":3}},"type":"if","locations":[{"start":{"line":107,"column":2},"end":{"line":109,"column":3}},{"start":{},"end":{}}],"line":107},"10":{"loc":{"start":{"line":107,"column":6},"end":{"line":107,"column":29}},"type":"binary-expr","locations":[{"start":{"line":107,"column":6},"end":{"line":107,"column":15}},{"start":{"line":107,"column":19},"end":{"line":107,"column":29}}],"line":107},"11":{"loc":{"start":{"line":131,"column":31},"end":{"line":131,"column":58}},"type":"binary-expr","locations":[{"start":{"line":131,"column":31},"end":{"line":131,"column":48}},{"start":{"line":131,"column":52},"end":{"line":131,"column":58}}],"line":131},"12":{"loc":{"start":{"line":143,"column":50},"end":{"line":143,"column":90}},"type":"binary-expr","locations":[{"start":{"line":143,"column":50},"end":{"line":143,"column":79}},{"start":{"line":143,"column":83},"end":{"line":143,"column":90}}],"line":143},"13":{"loc":{"start":{"line":149,"column":9},"end":{"line":183,"column":9}},"type":"binary-expr","locations":[{"start":{"line":149,"column":9},"end":{"line":149,"column":14}},{"start":{"line":150,"column":10},"end":{"line":182,"column":17}}],"line":149},"14":{"loc":{"start":{"line":194,"column":50},"end":{"line":194,"column":70}},"type":"binary-expr","locations":[{"start":{"line":194,"column":50},"end":{"line":194,"column":65}},{"start":{"line":194,"column":69},"end":{"line":194,"column":70}}],"line":194},"15":{"loc":{"start":{"line":203,"column":50},"end":{"line":203,"column":74}},"type":"binary-expr","locations":[{"start":{"line":203,"column":50},"end":{"line":203,"column":69}},{"start":{"line":203,"column":73},"end":{"line":203,"column":74}}],"line":203},"16":{"loc":{"start":{"line":218,"column":11},"end":{"line":255,"column":11}},"type":"cond-expr","locations":[{"start":{"line":219,"column":12},"end":{"line":221,"column":19}},{"start":{"line":223,"column":12},"end":{"line":254,"column":19}}],"line":218},"17":{"loc":{"start":{"line":233,"column":25},"end":{"line":233,"column":76}},"type":"binary-expr","locations":[{"start":{"line":233,"column":25},"end":{"line":233,"column":55}},{"start":{"line":233,"column":59},"end":{"line":233,"column":76}}],"line":233},"18":{"loc":{"start":{"line":245,"column":25},"end":{"line":245,"column":76}},"type":"binary-expr","locations":[{"start":{"line":245,"column":25},"end":{"line":245,"column":63}},{"start":{"line":245,"column":67},"end":{"line":245,"column":76}}],"line":245}},"s":{"0":0,"1":0,"2":0,"3":0,"4":0,"5":0,"6":0,"7":0,"8":0,"9":0,"10":0,"11":0,"12":0,"13":0,"14":0,"15":0,"16":0,"17":0,"18":0,"19":0,"20":0,"21":0,"22":0,"23":0,"24":0,"25":0,"26":0,"27":0,"28":0,"29":0,"30":0,"31":0,"32":0,"33":0,"34":0,"35":0,"36":0,"37":0,"38":0,"39":0,"40":0,"41":0,"42":0,"43":0,"44":0,"45":0,"46":0,"47":0,"48":0,"49":0,"50":0,"51":0,"52":0,"53":0,"54":0,"55":0,"56":0},"f":{"0":0,"1":0,"2":0,"3":0,"4":0,"5":0,"6":0,"7":0,"8":0,"9":0,"10":0,"11":0,"12":0,"13":0,"14":0,"15":0,"16":0,"17":0,"18":0},"b":{"0":[0,0],"1":[0,0],"2":[0,0],"3":[0,0],"4":[0,0],"5":[0,0],"6":[0,0],"7":[0,0],"8":[0,0],"9":[0,0],"10":[0,0],"11":[0,0],"12":[0,0],"13":[0,0],"14":[0,0],"15":[0,0],"16":[0,0],"17":[0,0],"18":[0,0]}}
,"/Users/seanwoodliffe/OctopusMobile/app/(tabs)/insights.tsx": {"path":"/Users/seanwoodliffe/OctopusMobile/app/(tabs)/insights.tsx","statementMap":{"0":{"start":{"line":28,"column":72},"end":{"line":32,"column":1}},"1":{"start":{"line":34,"column":20},"end":{"line":34,"column":50}},"2":{"start":{"line":37,"column":36},"end":{"line":37,"column":61}},"3":{"start":{"line":39,"column":91},"end":{"line":39,"column":105}},"4":{"start":{"line":40,"column":33},"end":{"line":40,"column":59}},"5":{"start":{"line":41,"column":33},"end":{"line":41,"column":50}},"6":{"start":{"line":42,"column":30},"end":{"line":42,"column":53}},"7":{"start":{"line":44,"column":16},"end":{"line":44,"column":38}},"8":{"start":{"line":45,"column":19},"end":{"line":45,"column":44}},"9":{"start":{"line":47,"column":28},"end":{"line":47,"column":71}},"10":{"start":{"line":47,"column":50},"end":{"line":47,"column":69}},"11":{"start":{"line":50,"column":18},"end":{"line":150,"column":36}},"12":{"start":{"line":51,"column":4},"end":{"line":51,"column":32}},"13":{"start":{"line":51,"column":20},"end":{"line":51,"column":32}},"14":{"start":{"line":53,"column":16},"end":{"line":53,"column":26}},"15":{"start":{"line":54,"column":23},"end":{"line":54,"column":89}},"16":{"start":{"line":57,"column":24},"end":{"line":60,"column":6}},"17":{"start":{"line":58,"column":22},"end":{"line":58,"column":44}},"18":{"start":{"line":59,"column":6},"end":{"line":59,"column":35}},"19":{"start":{"line":63,"column":29},"end":{"line":63,"column":47}},"20":{"start":{"line":64,"column":34},"end":{"line":64,"column":87}},"21":{"start":{"line":64,"column":58},"end":{"line":64,"column":79}},"22":{"start":{"line":65,"column":30},"end":{"line":65,"column":108}},"23":{"start":{"line":65,"column":54},"end":{"line":65,"column":100}},"24":{"start":{"line":66,"column":24},"end":{"line":66,"column":99}},"25":{"start":{"line":69,"column":24},"end":{"line":69,"column":52}},"26":{"start":{"line":70,"column":32},"end":{"line":70,"column":62}},"27":{"start":{"line":73,"column":27},"end":{"line":73,"column":79}},"28":{"start":{"line":73,"column":51},"end":{"line":73,"column":78}},"29":{"start":{"line":74,"column":29},"end":{"line":74,"column":30}},"30":{"start":{"line":75,"column":4},"end":{"line":87,"column":5}},"31":{"start":{"line":76,"column":27},"end":{"line":85,"column":11}},"32":{"start":{"line":77,"column":22},"end":{"line":77,"column":46}},"33":{"start":{"line":78,"column":8},"end":{"line":83,"column":9}},"34":{"start":{"line":79,"column":24},"end":{"line":79,"column":47}},"35":{"start":{"line":80,"column":26},"end":{"line":80,"column":49}},"36":{"start":{"line":81,"column":26},"end":{"line":81,"column":51}},"37":{"start":{"line":82,"column":10},"end":{"line":82,"column":63}},"38":{"start":{"line":84,"column":8},"end":{"line":84,"column":19}},"39":{"start":{"line":86,"column":6},"end":{"line":86,"column":64}},"40":{"start":{"line":90,"column":27},"end":{"line":90,"column":74}},"41":{"start":{"line":90,"column":56},"end":{"line":90,"column":67}},"42":{"start":{"line":93,"column":31},"end":{"line":93,"column":82}},"43":{"start":{"line":93,"column":60},"end":{"line":93,"column":75}},"44":{"start":{"line":96,"column":26},"end":{"line":96,"column":95}},"45":{"start":{"line":97,"column":4},"end":{"line":104,"column":7}},"46":{"start":{"line":98,"column":22},"end":{"line":98,"column":102}},"47":{"start":{"line":98,"column":55},"end":{"line":98,"column":82}},"48":{"start":{"line":99,"column":22},"end":{"line":99,"column":87}},"49":{"start":{"line":100,"column":6},"end":{"line":100,"column":22}},"50":{"start":{"line":101,"column":6},"end":{"line":101,"column":54}},"51":{"start":{"line":101,"column":36},"end":{"line":101,"column":54}},"52":{"start":{"line":102,"column":6},"end":{"line":102,"column":81}},"53":{"start":{"line":102,"column":64},"end":{"line":102,"column":81}},"54":{"start":{"line":103,"column":6},"end":{"line":103,"column":42}},"55":{"start":{"line":107,"column":22},"end":{"line":107,"column":47}},"56":{"start":{"line":108,"column":4},"end":{"line":111,"column":7}},"57":{"start":{"line":109,"column":26},"end":{"line":109,"column":98}},"58":{"start":{"line":109,"column":55},"end":{"line":109,"column":78}},"59":{"start":{"line":110,"column":6},"end":{"line":110,"column":72}},"60":{"start":{"line":112,"column":24},"end":{"line":114,"column":18}},"61":{"start":{"line":113,"column":22},"end":{"line":113,"column":33}},"62":{"start":{"line":117,"column":24},"end":{"line":117,"column":45}},"63":{"start":{"line":118,"column":4},"end":{"line":121,"column":7}},"64":{"start":{"line":119,"column":18},"end":{"line":119,"column":49}},"65":{"start":{"line":120,"column":6},"end":{"line":120,"column":25}},"66":{"start":{"line":124,"column":22},"end":{"line":124,"column":94}},"67":{"start":{"line":125,"column":22},"end":{"line":125,"column":78}},"68":{"start":{"line":125,"column":46},"end":{"line":125,"column":77}},"69":{"start":{"line":126,"column":23},"end":{"line":126,"column":80}},"70":{"start":{"line":126,"column":47},"end":{"line":126,"column":79}},"71":{"start":{"line":128,"column":30},"end":{"line":130,"column":9}},"72":{"start":{"line":129,"column":31},"end":{"line":129,"column":77}},"73":{"start":{"line":131,"column":31},"end":{"line":133,"column":9}},"74":{"start":{"line":132,"column":32},"end":{"line":132,"column":78}},"75":{"start":{"line":134,"column":26},"end":{"line":134,"column":64}},"76":{"start":{"line":136,"column":4},"end":{"line":149,"column":6}},"77":{"start":{"line":152,"column":25},"end":{"line":156,"column":3}},"78":{"start":{"line":153,"column":4},"end":{"line":153,"column":55}},"79":{"start":{"line":153,"column":22},"end":{"line":153,"column":55}},"80":{"start":{"line":154,"column":4},"end":{"line":154,"column":62}},"81":{"start":{"line":154,"column":24},"end":{"line":154,"column":62}},"82":{"start":{"line":155,"column":4},"end":{"line":155,"column":82}},"83":{"start":{"line":158,"column":2},"end":{"line":160,"column":3}},"84":{"start":{"line":159,"column":4},"end":{"line":159,"column":59}},"85":{"start":{"line":162,"column":2},"end":{"line":170,"column":3}},"86":{"start":{"line":163,"column":4},"end":{"line":169,"column":6}},"87":{"start":{"line":172,"column":19},"end":{"line":172,"column":68}},"88":{"start":{"line":174,"column":2},"end":{"line":398,"column":4}},"89":{"start":{"line":190,"column":12},"end":{"line":204,"column":24}},"90":{"start":{"line":196,"column":29},"end":{"line":196,"column":52}},"91":{"start":{"line":318,"column":35},"end":{"line":318,"column":70}},"92":{"start":{"line":319,"column":33},"end":{"line":319,"column":57}},"93":{"start":{"line":320,"column":18},"end":{"line":331,"column":20}},"94":{"start":{"line":342,"column":20},"end":{"line":359,"column":27}},"95":{"start":{"line":373,"column":20},"end":{"line":379,"column":27}},"96":{"start":{"line":401,"column":15},"end":{"line":639,"column":2}}},"fnMap":{"0":{"name":"InsightsScreen","decl":{"start":{"line":36,"column":24},"end":{"line":36,"column":38}},"loc":{"start":{"line":36,"column":41},"end":{"line":399,"column":1}},"line":36},"1":{"name":"(anonymous_1)","decl":{"start":{"line":47,"column":45},"end":{"line":47,"column":46}},"loc":{"start":{"line":47,"column":50},"end":{"line":47,"column":69}},"line":47},"2":{"name":"(anonymous_2)","decl":{"start":{"line":50,"column":26},"end":{"line":50,"column":27}},"loc":{"start":{"line":50,"column":32},"end":{"line":150,"column":3}},"line":50},"3":{"name":"(anonymous_3)","decl":{"start":{"line":57,"column":47},"end":{"line":57,"column":48}},"loc":{"start":{"line":57,"column":55},"end":{"line":60,"column":5}},"line":57},"4":{"name":"(anonymous_4)","decl":{"start":{"line":64,"column":53},"end":{"line":64,"column":54}},"loc":{"start":{"line":64,"column":58},"end":{"line":64,"column":79}},"line":64},"5":{"name":"(anonymous_5)","decl":{"start":{"line":65,"column":49},"end":{"line":65,"column":50}},"loc":{"start":{"line":65,"column":54},"end":{"line":65,"column":100}},"line":65},"6":{"name":"(anonymous_6)","decl":{"start":{"line":73,"column":46},"end":{"line":73,"column":47}},"loc":{"start":{"line":73,"column":51},"end":{"line":73,"column":78}},"line":73},"7":{"name":"(anonymous_7)","decl":{"start":{"line":76,"column":49},"end":{"line":76,"column":50}},"loc":{"start":{"line":76,"column":64},"end":{"line":85,"column":7}},"line":76},"8":{"name":"(anonymous_8)","decl":{"start":{"line":90,"column":51},"end":{"line":90,"column":52}},"loc":{"start":{"line":90,"column":56},"end":{"line":90,"column":67}},"line":90},"9":{"name":"(anonymous_9)","decl":{"start":{"line":93,"column":55},"end":{"line":93,"column":56}},"loc":{"start":{"line":93,"column":60},"end":{"line":93,"column":75}},"line":93},"10":{"name":"(anonymous_10)","decl":{"start":{"line":97,"column":24},"end":{"line":97,"column":25}},"loc":{"start":{"line":97,"column":32},"end":{"line":104,"column":5}},"line":97},"11":{"name":"(anonymous_11)","decl":{"start":{"line":98,"column":50},"end":{"line":98,"column":51}},"loc":{"start":{"line":98,"column":55},"end":{"line":98,"column":82}},"line":98},"12":{"name":"(anonymous_12)","decl":{"start":{"line":108,"column":24},"end":{"line":108,"column":25}},"loc":{"start":{"line":108,"column":32},"end":{"line":111,"column":5}},"line":108},"13":{"name":"(anonymous_13)","decl":{"start":{"line":109,"column":50},"end":{"line":109,"column":51}},"loc":{"start":{"line":109,"column":55},"end":{"line":109,"column":78}},"line":109},"14":{"name":"(anonymous_14)","decl":{"start":{"line":113,"column":12},"end":{"line":113,"column":13}},"loc":{"start":{"line":113,"column":22},"end":{"line":113,"column":33}},"line":113},"15":{"name":"(anonymous_15)","decl":{"start":{"line":118,"column":24},"end":{"line":118,"column":25}},"loc":{"start":{"line":118,"column":32},"end":{"line":121,"column":5}},"line":118},"16":{"name":"(anonymous_16)","decl":{"start":{"line":125,"column":41},"end":{"line":125,"column":42}},"loc":{"start":{"line":125,"column":46},"end":{"line":125,"column":77}},"line":125},"17":{"name":"(anonymous_17)","decl":{"start":{"line":126,"column":42},"end":{"line":126,"column":43}},"loc":{"start":{"line":126,"column":47},"end":{"line":126,"column":79}},"line":126},"18":{"name":"(anonymous_18)","decl":{"start":{"line":129,"column":26},"end":{"line":129,"column":27}},"loc":{"start":{"line":129,"column":31},"end":{"line":129,"column":77}},"line":129},"19":{"name":"(anonymous_19)","decl":{"start":{"line":132,"column":27},"end":{"line":132,"column":28}},"loc":{"start":{"line":132,"column":32},"end":{"line":132,"column":78}},"line":132},"20":{"name":"(anonymous_20)","decl":{"start":{"line":152,"column":25},"end":{"line":152,"column":26}},"loc":{"start":{"line":152,"column":54},"end":{"line":156,"column":3}},"line":152},"21":{"name":"(anonymous_21)","decl":{"start":{"line":189,"column":27},"end":{"line":189,"column":28}},"loc":{"start":{"line":190,"column":12},"end":{"line":204,"column":24}},"line":190},"22":{"name":"(anonymous_22)","decl":{"start":{"line":196,"column":23},"end":{"line":196,"column":24}},"loc":{"start":{"line":196,"column":29},"end":{"line":196,"column":52}},"line":196},"23":{"name":"(anonymous_23)","decl":{"start":{"line":317,"column":41},"end":{"line":317,"column":42}},"loc":{"start":{"line":317,"column":59},"end":{"line":332,"column":17}},"line":317},"24":{"name":"(anonymous_24)","decl":{"start":{"line":341,"column":45},"end":{"line":341,"column":46}},"loc":{"start":{"line":342,"column":20},"end":{"line":359,"column":27}},"line":342},"25":{"name":"(anonymous_25)","decl":{"start":{"line":372,"column":43},"end":{"line":372,"column":44}},"loc":{"start":{"line":373,"column":20},"end":{"line":379,"column":27}},"line":373}},"branchMap":{"0":{"loc":{"start":{"line":44,"column":16},"end":{"line":44,"column":38}},"type":"binary-expr","locations":[{"start":{"line":44,"column":16},"end":{"line":44,"column":32}},{"start":{"line":44,"column":36},"end":{"line":44,"column":38}}],"line":44},"1":{"loc":{"start":{"line":45,"column":19},"end":{"line":45,"column":44}},"type":"binary-expr","locations":[{"start":{"line":45,"column":19},"end":{"line":45,"column":38}},{"start":{"line":45,"column":42},"end":{"line":45,"column":44}}],"line":45},"2":{"loc":{"start":{"line":51,"column":4},"end":{"line":51,"column":32}},"type":"if","locations":[{"start":{"line":51,"column":4},"end":{"line":51,"column":32}},{"start":{},"end":{}}],"line":51},"3":{"loc":{"start":{"line":65,"column":54},"end":{"line":65,"column":100}},"type":"binary-expr","locations":[{"start":{"line":65,"column":54},"end":{"line":65,"column":74}},{"start":{"line":65,"column":78},"end":{"line":65,"column":100}}],"line":65},"4":{"loc":{"start":{"line":66,"column":24},"end":{"line":66,"column":99}},"type":"cond-expr","locations":[{"start":{"line":66,"column":47},"end":{"line":66,"column":95}},{"start":{"line":66,"column":98},"end":{"line":66,"column":99}}],"line":66},"5":{"loc":{"start":{"line":73,"column":51},"end":{"line":73,"column":78}},"type":"binary-expr","locations":[{"start":{"line":73,"column":51},"end":{"line":73,"column":64}},{"start":{"line":73,"column":68},"end":{"line":73,"column":78}}],"line":73},"6":{"loc":{"start":{"line":75,"column":4},"end":{"line":87,"column":5}},"type":"if","locations":[{"start":{"line":75,"column":4},"end":{"line":87,"column":5}},{"start":{},"end":{}}],"line":75},"7":{"loc":{"start":{"line":78,"column":8},"end":{"line":83,"column":9}},"type":"if","locations":[{"start":{"line":78,"column":8},"end":{"line":83,"column":9}},{"start":{},"end":{}}],"line":78},"8":{"loc":{"start":{"line":79,"column":24},"end":{"line":79,"column":47}},"type":"binary-expr","locations":[{"start":{"line":79,"column":24},"end":{"line":79,"column":42}},{"start":{"line":79,"column":46},"end":{"line":79,"column":47}}],"line":79},"9":{"loc":{"start":{"line":80,"column":26},"end":{"line":80,"column":49}},"type":"binary-expr","locations":[{"start":{"line":80,"column":26},"end":{"line":80,"column":44}},{"start":{"line":80,"column":48},"end":{"line":80,"column":49}}],"line":80},"10":{"loc":{"start":{"line":81,"column":26},"end":{"line":81,"column":51}},"type":"binary-expr","locations":[{"start":{"line":81,"column":26},"end":{"line":81,"column":46}},{"start":{"line":81,"column":50},"end":{"line":81,"column":51}}],"line":81},"11":{"loc":{"start":{"line":98,"column":22},"end":{"line":98,"column":102}},"type":"binary-expr","locations":[{"start":{"line":98,"column":22},"end":{"line":98,"column":89}},{"start":{"line":98,"column":93},"end":{"line":98,"column":102}}],"line":98},"12":{"loc":{"start":{"line":99,"column":22},"end":{"line":99,"column":87}},"type":"binary-expr","locations":[{"start":{"line":99,"column":22},"end":{"line":99,"column":48}},{"start":{"line":99,"column":52},"end":{"line":99,"column":87}}],"line":99},"13":{"loc":{"start":{"line":101,"column":6},"end":{"line":101,"column":54}},"type":"if","locations":[{"start":{"line":101,"column":6},"end":{"line":101,"column":54}},{"start":{},"end":{}}],"line":101},"14":{"loc":{"start":{"line":102,"column":6},"end":{"line":102,"column":81}},"type":"if","locations":[{"start":{"line":102,"column":6},"end":{"line":102,"column":81}},{"start":{},"end":{}}],"line":102},"15":{"loc":{"start":{"line":102,"column":10},"end":{"line":102,"column":62}},"type":"binary-expr","locations":[{"start":{"line":102,"column":10},"end":{"line":102,"column":33}},{"start":{"line":102,"column":37},"end":{"line":102,"column":62}}],"line":102},"16":{"loc":{"start":{"line":109,"column":26},"end":{"line":109,"column":98}},"type":"binary-expr","locations":[{"start":{"line":109,"column":26},"end":{"line":109,"column":85}},{"start":{"line":109,"column":89},"end":{"line":109,"column":98}}],"line":109},"17":{"loc":{"start":{"line":110,"column":34},"end":{"line":110,"column":65}},"type":"binary-expr","locations":[{"start":{"line":110,"column":34},"end":{"line":110,"column":60}},{"start":{"line":110,"column":64},"end":{"line":110,"column":65}}],"line":110},"18":{"loc":{"start":{"line":128,"column":30},"end":{"line":130,"column":9}},"type":"cond-expr","locations":[{"start":{"line":129,"column":8},"end":{"line":129,"column":111}},{"start":{"line":130,"column":8},"end":{"line":130,"column":9}}],"line":128},"19":{"loc":{"start":{"line":129,"column":31},"end":{"line":129,"column":77}},"type":"binary-expr","locations":[{"start":{"line":129,"column":31},"end":{"line":129,"column":51}},{"start":{"line":129,"column":55},"end":{"line":129,"column":77}}],"line":129},"20":{"loc":{"start":{"line":131,"column":31},"end":{"line":133,"column":9}},"type":"cond-expr","locations":[{"start":{"line":132,"column":8},"end":{"line":132,"column":113}},{"start":{"line":133,"column":8},"end":{"line":133,"column":9}}],"line":131},"21":{"loc":{"start":{"line":132,"column":32},"end":{"line":132,"column":78}},"type":"binary-expr","locations":[{"start":{"line":132,"column":32},"end":{"line":132,"column":52}},{"start":{"line":132,"column":56},"end":{"line":132,"column":78}}],"line":132},"22":{"loc":{"start":{"line":153,"column":4},"end":{"line":153,"column":55}},"type":"if","locations":[{"start":{"line":153,"column":4},"end":{"line":153,"column":55}},{"start":{},"end":{}}],"line":153},"23":{"loc":{"start":{"line":154,"column":4},"end":{"line":154,"column":62}},"type":"if","locations":[{"start":{"line":154,"column":4},"end":{"line":154,"column":62}},{"start":{},"end":{}}],"line":154},"24":{"loc":{"start":{"line":158,"column":2},"end":{"line":160,"column":3}},"type":"if","locations":[{"start":{"line":158,"column":2},"end":{"line":160,"column":3}},{"start":{},"end":{}}],"line":158},"25":{"loc":{"start":{"line":158,"column":6},"end":{"line":158,"column":36}},"type":"binary-expr","locations":[{"start":{"line":158,"column":6},"end":{"line":158,"column":22}},{"start":{"line":158,"column":26},"end":{"line":158,"column":36}}],"line":158},"26":{"loc":{"start":{"line":162,"column":2},"end":{"line":170,"column":3}},"type":"if","locations":[{"start":{"line":162,"column":2},"end":{"line":170,"column":3}},{"start":{},"end":{}}],"line":162},"27":{"loc":{"start":{"line":194,"column":16},"end":{"line":194,"column":71}},"type":"binary-expr","locations":[{"start":{"line":194,"column":16},"end":{"line":194,"column":39}},{"start":{"line":194,"column":43},"end":{"line":194,"column":71}}],"line":194},"28":{"loc":{"start":{"line":200,"column":16},"end":{"line":200,"column":69}},"type":"binary-expr","locations":[{"start":{"line":200,"column":16},"end":{"line":200,"column":39}},{"start":{"line":200,"column":43},"end":{"line":200,"column":69}}],"line":200},"29":{"loc":{"start":{"line":214,"column":24},"end":{"line":214,"column":54}},"type":"binary-expr","locations":[{"start":{"line":214,"column":24},"end":{"line":214,"column":49}},{"start":{"line":214,"column":53},"end":{"line":214,"column":54}}],"line":214},"30":{"loc":{"start":{"line":220,"column":9},"end":{"line":395,"column":9}},"type":"binary-expr","locations":[{"start":{"line":220,"column":9},"end":{"line":220,"column":16}},{"start":{"line":221,"column":10},"end":{"line":394,"column":13}}],"line":220},"31":{"loc":{"start":{"line":256,"column":37},"end":{"line":256,"column":115}},"type":"cond-expr","locations":[{"start":{"line":256,"column":66},"end":{"line":256,"column":90}},{"start":{"line":256,"column":93},"end":{"line":256,"column":115}}],"line":256},"32":{"loc":{"start":{"line":259,"column":26},"end":{"line":259,"column":86}},"type":"cond-expr","locations":[{"start":{"line":259,"column":55},"end":{"line":259,"column":70}},{"start":{"line":259,"column":73},"end":{"line":259,"column":86}}],"line":259},"33":{"loc":{"start":{"line":261,"column":27},"end":{"line":261,"column":99}},"type":"cond-expr","locations":[{"start":{"line":261,"column":56},"end":{"line":261,"column":77}},{"start":{"line":261,"column":80},"end":{"line":261,"column":99}}],"line":261},"34":{"loc":{"start":{"line":266,"column":27},"end":{"line":266,"column":99}},"type":"cond-expr","locations":[{"start":{"line":266,"column":56},"end":{"line":266,"column":77}},{"start":{"line":266,"column":80},"end":{"line":266,"column":99}}],"line":266},"35":{"loc":{"start":{"line":271,"column":29},"end":{"line":271,"column":67}},"type":"cond-expr","locations":[{"start":{"line":271,"column":58},"end":{"line":271,"column":61}},{"start":{"line":271,"column":64},"end":{"line":271,"column":67}}],"line":271},"36":{"loc":{"start":{"line":339,"column":15},"end":{"line":364,"column":15}},"type":"cond-expr","locations":[{"start":{"line":340,"column":16},"end":{"line":361,"column":23}},{"start":{"line":363,"column":16},"end":{"line":363,"column":72}}],"line":339},"37":{"loc":{"start":{"line":351,"column":25},"end":{"line":357,"column":25}},"type":"binary-expr","locations":[{"start":{"line":351,"column":25},"end":{"line":351,"column":41}},{"start":{"line":352,"column":26},"end":{"line":356,"column":33}}],"line":351},"38":{"loc":{"start":{"line":370,"column":15},"end":{"line":384,"column":15}},"type":"cond-expr","locations":[{"start":{"line":371,"column":16},"end":{"line":381,"column":23}},{"start":{"line":383,"column":16},"end":{"line":383,"column":69}}],"line":370}},"s":{"0":0,"1":0,"2":0,"3":0,"4":0,"5":0,"6":0,"7":0,"8":0,"9":0,"10":0,"11":0,"12":0,"13":0,"14":0,"15":0,"16":0,"17":0,"18":0,"19":0,"20":0,"21":0,"22":0,"23":0,"24":0,"25":0,"26":0,"27":0,"28":0,"29":0,"30":0,"31":0,"32":0,"33":0,"34":0,"35":0,"36":0,"37":0,"38":0,"39":0,"40":0,"41":0,"42":0,"43":0,"44":0,"45":0,"46":0,"47":0,"48":0,"49":0,"50":0,"51":0,"52":0,"53":0,"54":0,"55":0,"56":0,"57":0,"58":0,"59":0,"60":0,"61":0,"62":0,"63":0,"64":0,"65":0,"66":0,"67":0,"68":0,"69":0,"70":0,"71":0,"72":0,"73":0,"74":0,"75":0,"76":0,"77":0,"78":0,"79":0,"80":0,"81":0,"82":0,"83":0,"84":0,"85":0,"86":0,"87":0,"88":0,"89":0,"90":0,"91":0,"92":0,"93":0,"94":0,"95":0,"96":0},"f":{"0":0,"1":0,"2":0,"3":0,"4":0,"5":0,"6":0,"7":0,"8":0,"9":0,"10":0,"11":0,"12":0,"13":0,"14":0,"15":0,"16":0,"17":0,"18":0,"19":0,"20":0,"21":0,"22":0,"23":0,"24":0,"25":0},"b":{"0":[0,0],"1":[0,0],"2":[0,0],"3":[0,0],"4":[0,0],"5":[0,0],"6":[0,0],"7":[0,0],"8":[0,0],"9":[0,0],"10":[0,0],"11":[0,0],"12":[0,0],"13":[0,0],"14":[0,0],"15":[0,0],"16":[0,0],"17":[0,0],"18":[0,0],"19":[0,0],"20":[0,0],"21":[0,0],"22":[0,0],"23":[0,0],"24":[0,0],"25":[0,0],"26":[0,0],"27":[0,0],"28":[0,0],"29":[0,0],"30":[0,0],"31":[0,0],"32":[0,0],"33":[0,0],"34":[0,0],"35":[0,0],"36":[0,0],"37":[0,0],"38":[0,0]}}
,"/Users/seanwoodliffe/OctopusMobile/app/(tabs)/projects.tsx": {"path":"/Users/seanwoodliffe/OctopusMobile/app/(tabs)/projects.tsx","statementMap":{"0":{"start":{"line":32,"column":17},"end":{"line":32,"column":28}},"1":{"start":{"line":33,"column":38},"end":{"line":33,"column":50}},"2":{"start":{"line":34,"column":38},"end":{"line":34,"column":65}},"3":{"start":{"line":35,"column":52},"end":{"line":35,"column":66}},"4":{"start":{"line":37,"column":46},"end":{"line":40,"column":4}},"5":{"start":{"line":42,"column":22},"end":{"line":42,"column":39}},"6":{"start":{"line":45,"column":19},"end":{"line":50,"column":42}},"7":{"start":{"line":46,"column":4},"end":{"line":48,"column":5}},"8":{"start":{"line":47,"column":6},"end":{"line":47,"column":63}},"9":{"start":{"line":47,"column":37},"end":{"line":47,"column":61}},"10":{"start":{"line":49,"column":4},"end":{"line":49,"column":23}},"11":{"start":{"line":53,"column":25},"end":{"line":64,"column":51}},"12":{"start":{"line":54,"column":4},"end":{"line":62,"column":5}},"13":{"start":{"line":55,"column":6},"end":{"line":61,"column":9}},"14":{"start":{"line":56,"column":21},"end":{"line":56,"column":45}},"15":{"start":{"line":57,"column":21},"end":{"line":57,"column":45}},"16":{"start":{"line":58,"column":8},"end":{"line":58,"column":37}},"17":{"start":{"line":58,"column":27},"end":{"line":58,"column":37}},"18":{"start":{"line":59,"column":8},"end":{"line":59,"column":36}},"19":{"start":{"line":59,"column":27},"end":{"line":59,"column":36}},"20":{"start":{"line":60,"column":8},"end":{"line":60,"column":44}},"21":{"start":{"line":63,"column":4},"end":{"line":63,"column":20}},"22":{"start":{"line":66,"column":31},"end":{"line":69,"column":22}},"23":{"start":{"line":67,"column":4},"end":{"line":67,"column":59}},"24":{"start":{"line":68,"column":4},"end":{"line":68,"column":36}},"25":{"start":{"line":71,"column":29},"end":{"line":74,"column":14}},"26":{"start":{"line":72,"column":4},"end":{"line":72,"column":59}},"27":{"start":{"line":73,"column":4},"end":{"line":73,"column":42}},"28":{"start":{"line":76,"column":24},"end":{"line":137,"column":60}},"29":{"start":{"line":77,"column":30},"end":{"line":77,"column":49}},"30":{"start":{"line":79,"column":4},"end":{"line":136,"column":6}},"31":{"start":{"line":81,"column":23},"end":{"line":81,"column":47}},"32":{"start":{"line":99,"column":14},"end":{"line":99,"column":36}},"33":{"start":{"line":100,"column":14},"end":{"line":100,"column":44}},"34":{"start":{"line":139,"column":23},"end":{"line":139,"column":66}},"35":{"start":{"line":139,"column":54},"end":{"line":139,"column":61}},"36":{"start":{"line":141,"column":2},"end":{"line":149,"column":3}},"37":{"start":{"line":142,"column":4},"end":{"line":148,"column":6}},"38":{"start":{"line":151,"column":2},"end":{"line":230,"column":4}},"39":{"start":{"line":168,"column":38},"end":{"line":168,"column":55}},"40":{"start":{"line":179,"column":14},"end":{"line":179,"column":39}},"41":{"start":{"line":180,"column":14},"end":{"line":180,"column":35}},"42":{"start":{"line":190,"column":14},"end":{"line":190,"column":39}},"43":{"start":{"line":191,"column":14},"end":{"line":191,"column":41}},"44":{"start":{"line":227,"column":38},"end":{"line":227,"column":71}},"45":{"start":{"line":233,"column":15},"end":{"line":361,"column":2}}},"fnMap":{"0":{"name":"ProjectsScreen","decl":{"start":{"line":31,"column":24},"end":{"line":31,"column":38}},"loc":{"start":{"line":31,"column":41},"end":{"line":231,"column":1}},"line":31},"1":{"name":"(anonymous_1)","decl":{"start":{"line":45,"column":27},"end":{"line":45,"column":28}},"loc":{"start":{"line":45,"column":33},"end":{"line":50,"column":3}},"line":45},"2":{"name":"(anonymous_2)","decl":{"start":{"line":47,"column":32},"end":{"line":47,"column":33}},"loc":{"start":{"line":47,"column":37},"end":{"line":47,"column":61}},"line":47},"3":{"name":"(anonymous_3)","decl":{"start":{"line":53,"column":33},"end":{"line":53,"column":34}},"loc":{"start":{"line":53,"column":39},"end":{"line":64,"column":3}},"line":53},"4":{"name":"(anonymous_4)","decl":{"start":{"line":55,"column":32},"end":{"line":55,"column":33}},"loc":{"start":{"line":55,"column":42},"end":{"line":61,"column":7}},"line":55},"5":{"name":"(anonymous_5)","decl":{"start":{"line":66,"column":43},"end":{"line":66,"column":44}},"loc":{"start":{"line":66,"column":72},"end":{"line":69,"column":3}},"line":66},"6":{"name":"(anonymous_6)","decl":{"start":{"line":71,"column":41},"end":{"line":71,"column":42}},"loc":{"start":{"line":71,"column":63},"end":{"line":74,"column":3}},"line":71},"7":{"name":"(anonymous_7)","decl":{"start":{"line":76,"column":36},"end":{"line":76,"column":37}},"loc":{"start":{"line":76,"column":69},"end":{"line":137,"column":3}},"line":76},"8":{"name":"(anonymous_8)","decl":{"start":{"line":81,"column":17},"end":{"line":81,"column":18}},"loc":{"start":{"line":81,"column":23},"end":{"line":81,"column":47}},"line":81},"9":{"name":"(anonymous_9)","decl":{"start":{"line":98,"column":21},"end":{"line":98,"column":22}},"loc":{"start":{"line":98,"column":28},"end":{"line":101,"column":13}},"line":98},"10":{"name":"(anonymous_10)","decl":{"start":{"line":139,"column":35},"end":{"line":139,"column":36}},"loc":{"start":{"line":139,"column":54},"end":{"line":139,"column":61}},"line":139},"11":{"name":"(anonymous_11)","decl":{"start":{"line":168,"column":32},"end":{"line":168,"column":33}},"loc":{"start":{"line":168,"column":38},"end":{"line":168,"column":55}},"line":168},"12":{"name":"(anonymous_12)","decl":{"start":{"line":178,"column":21},"end":{"line":178,"column":22}},"loc":{"start":{"line":178,"column":27},"end":{"line":181,"column":13}},"line":178},"13":{"name":"(anonymous_13)","decl":{"start":{"line":189,"column":21},"end":{"line":189,"column":22}},"loc":{"start":{"line":189,"column":27},"end":{"line":192,"column":13}},"line":189},"14":{"name":"(anonymous_14)","decl":{"start":{"line":227,"column":32},"end":{"line":227,"column":33}},"loc":{"start":{"line":227,"column":38},"end":{"line":227,"column":71}},"line":227}},"branchMap":{"0":{"loc":{"start":{"line":39,"column":16},"end":{"line":39,"column":39}},"type":"binary-expr","locations":[{"start":{"line":39,"column":16},"end":{"line":39,"column":26}},{"start":{"line":39,"column":30},"end":{"line":39,"column":39}}],"line":39},"1":{"loc":{"start":{"line":42,"column":22},"end":{"line":42,"column":39}},"type":"binary-expr","locations":[{"start":{"line":42,"column":22},"end":{"line":42,"column":33}},{"start":{"line":42,"column":37},"end":{"line":42,"column":39}}],"line":42},"2":{"loc":{"start":{"line":46,"column":4},"end":{"line":48,"column":5}},"type":"if","locations":[{"start":{"line":46,"column":4},"end":{"line":48,"column":5}},{"start":{},"end":{}}],"line":46},"3":{"loc":{"start":{"line":54,"column":4},"end":{"line":62,"column":5}},"type":"if","locations":[{"start":{"line":54,"column":4},"end":{"line":62,"column":5}},{"start":{},"end":{}}],"line":54},"4":{"loc":{"start":{"line":54,"column":8},"end":{"line":54,"column":43}},"type":"binary-expr","locations":[{"start":{"line":54,"column":8},"end":{"line":54,"column":28}},{"start":{"line":54,"column":32},"end":{"line":54,"column":43}}],"line":54},"5":{"loc":{"start":{"line":58,"column":8},"end":{"line":58,"column":37}},"type":"if","locations":[{"start":{"line":58,"column":8},"end":{"line":58,"column":37}},{"start":{},"end":{}}],"line":58},"6":{"loc":{"start":{"line":58,"column":12},"end":{"line":58,"column":25}},"type":"binary-expr","locations":[{"start":{"line":58,"column":12},"end":{"line":58,"column":16}},{"start":{"line":58,"column":20},"end":{"line":58,"column":25}}],"line":58},"7":{"loc":{"start":{"line":59,"column":8},"end":{"line":59,"column":36}},"type":"if","locations":[{"start":{"line":59,"column":8},"end":{"line":59,"column":36}},{"start":{},"end":{}}],"line":59},"8":{"loc":{"start":{"line":59,"column":12},"end":{"line":59,"column":25}},"type":"binary-expr","locations":[{"start":{"line":59,"column":12},"end":{"line":59,"column":17}},{"start":{"line":59,"column":21},"end":{"line":59,"column":25}}],"line":59},"9":{"loc":{"start":{"line":86,"column":13},"end":{"line":86,"column":42}},"type":"cond-expr","locations":[{"start":{"line":86,"column":31},"end":{"line":86,"column":35}},{"start":{"line":86,"column":38},"end":{"line":86,"column":42}}],"line":86},"10":{"loc":{"start":{"line":105,"column":20},"end":{"line":105,"column":63}},"type":"cond-expr","locations":[{"start":{"line":105,"column":40},"end":{"line":105,"column":46}},{"start":{"line":105,"column":49},"end":{"line":105,"column":63}}],"line":105},"11":{"loc":{"start":{"line":107,"column":21},"end":{"line":107,"column":85}},"type":"cond-expr","locations":[{"start":{"line":107,"column":41},"end":{"line":107,"column":62}},{"start":{"line":107,"column":65},"end":{"line":107,"column":85}}],"line":107},"12":{"loc":{"start":{"line":113,"column":9},"end":{"line":117,"column":16}},"type":"cond-expr","locations":[{"start":{"line":114,"column":10},"end":{"line":116,"column":17}},{"start":{"line":117,"column":12},"end":{"line":117,"column":16}}],"line":113},"13":{"loc":{"start":{"line":122,"column":31},"end":{"line":122,"column":93}},"type":"cond-expr","locations":[{"start":{"line":122,"column":49},"end":{"line":122,"column":69}},{"start":{"line":122,"column":72},"end":{"line":122,"column":93}}],"line":122},"14":{"loc":{"start":{"line":125,"column":13},"end":{"line":125,"column":52}},"type":"cond-expr","locations":[{"start":{"line":125,"column":31},"end":{"line":125,"column":41}},{"start":{"line":125,"column":44},"end":{"line":125,"column":52}}],"line":125},"15":{"loc":{"start":{"line":128,"column":11},"end":{"line":133,"column":11}},"type":"binary-expr","locations":[{"start":{"line":128,"column":11},"end":{"line":128,"column":55}},{"start":{"line":129,"column":12},"end":{"line":132,"column":15}}],"line":128},"16":{"loc":{"start":{"line":141,"column":2},"end":{"line":149,"column":3}},"type":"if","locations":[{"start":{"line":141,"column":2},"end":{"line":149,"column":3}},{"start":{},"end":{}}],"line":141},"17":{"loc":{"start":{"line":167,"column":11},"end":{"line":171,"column":11}},"type":"binary-expr","locations":[{"start":{"line":167,"column":11},"end":{"line":167,"column":32}},{"start":{"line":168,"column":12},"end":{"line":170,"column":24}}],"line":167},"18":{"loc":{"start":{"line":177,"column":38},"end":{"line":177,"column":84}},"type":"binary-expr","locations":[{"start":{"line":177,"column":38},"end":{"line":177,"column":58}},{"start":{"line":177,"column":62},"end":{"line":177,"column":84}}],"line":177},"19":{"loc":{"start":{"line":183,"column":48},"end":{"line":183,"column":98}},"type":"binary-expr","locations":[{"start":{"line":183,"column":48},"end":{"line":183,"column":68}},{"start":{"line":183,"column":72},"end":{"line":183,"column":98}}],"line":183},"20":{"loc":{"start":{"line":188,"column":38},"end":{"line":188,"column":90}},"type":"binary-expr","locations":[{"start":{"line":188,"column":38},"end":{"line":188,"column":64}},{"start":{"line":188,"column":68},"end":{"line":18
[...]
:"cond-expr","locations":[{"start":{"line":482,"column":76},"end":{"line":482,"column":99}},{"start":{"line":482,"column":102},"end":{"line":482,"column":104}}],"line":482},"43":{"loc":{"start":{"line":522,"column":30},"end":{"line":522,"column":68}},"type":"binary-expr","locations":[{"start":{"line":522,"column":30},"end":{"line":522,"column":59}},{"start":{"line":522,"column":63},"end":{"line":522,"column":68}}],"line":522},"44":{"loc":{"start":{"line":523,"column":28},"end":{"line":523,"column":61}},"type":"binary-expr","locations":[{"start":{"line":523,"column":28},"end":{"line":523,"column":55}},{"start":{"line":523,"column":59},"end":{"line":523,"column":61}}],"line":523},"45":{"loc":{"start":{"line":524,"column":28},"end":{"line":524,"column":61}},"type":"binary-expr","locations":[{"start":{"line":524,"column":28},"end":{"line":524,"column":55}},{"start":{"line":524,"column":59},"end":{"line":524,"column":61}}],"line":524},"46":{"loc":{"start":{"line":546,"column":4},"end":{"line":546,"column":81}},"type":"if","locations":[{"start":{"line":546,"column":4},"end":{"line":546,"column":81}},{"start":{},"end":{}}],"line":546},"47":{"loc":{"start":{"line":547,"column":4},"end":{"line":547,"column":81}},"type":"if","locations":[{"start":{"line":547,"column":4},"end":{"line":547,"column":81}},{"start":{},"end":{}}],"line":547},"48":{"loc":{"start":{"line":548,"column":4},"end":{"line":548,"column":83}},"type":"if","locations":[{"start":{"line":548,"column":4},"end":{"line":548,"column":83}},{"start":{},"end":{}}],"line":548},"49":{"loc":{"start":{"line":549,"column":4},"end":{"line":549,"column":59}},"type":"if","locations":[{"start":{"line":549,"column":4},"end":{"line":549,"column":59}},{"start":{},"end":{}}],"line":549},"50":{"loc":{"start":{"line":550,"column":4},"end":{"line":550,"column":68}},"type":"if","locations":[{"start":{"line":550,"column":4},"end":{"line":550,"column":68}},{"start":{},"end":{}}],"line":550},"51":{"loc":{"start":{"line":551,"column":4},"end":{"line":551,"column":80}},"type":"if","locations":[{"start":{"line":551,"column":4},"end":{"line":551,"column":80}},{"start":{},"end":{}}],"line":551},"52":{"loc":{"start":{"line":554,"column":29},"end":{"line":554,"column":77}},"type":"cond-expr","locations":[{"start":{"line":554,"column":49},"end":{"line":554,"column":72}},{"start":{"line":554,"column":75},"end":{"line":554,"column":77}}],"line":554},"53":{"loc":{"start":{"line":680,"column":4},"end":{"line":680,"column":81}},"type":"if","locations":[{"start":{"line":680,"column":4},"end":{"line":680,"column":81}},{"start":{},"end":{}}],"line":680},"54":{"loc":{"start":{"line":681,"column":4},"end":{"line":681,"column":81}},"type":"if","locations":[{"start":{"line":681,"column":4},"end":{"line":681,"column":81}},{"start":{},"end":{}}],"line":681},"55":{"loc":{"start":{"line":682,"column":4},"end":{"line":682,"column":107}},"type":"if","locations":[{"start":{"line":682,"column":4},"end":{"line":682,"column":107}},{"start":{},"end":{}}],"line":682},"56":{"loc":{"start":{"line":683,"column":4},"end":{"line":683,"column":107}},"type":"if","locations":[{"start":{"line":683,"column":4},"end":{"line":683,"column":107}},{"start":{},"end":{}}],"line":683},"57":{"loc":{"start":{"line":684,"column":4},"end":{"line":684,"column":80}},"type":"if","locations":[{"start":{"line":684,"column":4},"end":{"line":684,"column":80}},{"start":{},"end":{}}],"line":684},"58":{"loc":{"start":{"line":686,"column":53},"end":{"line":686,"column":101}},"type":"cond-expr","locations":[{"start":{"line":686,"column":73},"end":{"line":686,"column":96}},{"start":{"line":686,"column":99},"end":{"line":686,"column":101}}],"line":686},"59":{"loc":{"start":{"line":714,"column":11},"end":{"line":714,"column":37}},"type":"binary-expr","locations":[{"start":{"line":714,"column":11},"end":{"line":714,"column":31}},{"start":{"line":714,"column":35},"end":{"line":714,"column":37}}],"line":714},"60":{"loc":{"start":{"line":727,"column":11},"end":{"line":727,"column":37}},"type":"binary-expr","locations":[{"start":{"line":727,"column":11},"end":{"line":727,"column":31}},{"start":{"line":727,"column":35},"end":{"line":727,"column":37}}],"line":727},"61":{"loc":{"start":{"line":744,"column":4},"end":{"line":744,"column":81}},"type":"if","locations":[{"start":{"line":744,"column":4},"end":{"line":744,"column":81}},{"start":{},"end":{}}],"line":744},"62":{"loc":{"start":{"line":745,"column":4},"end":{"line":745,"column":81}},"type":"if","locations":[{"start":{"line":745,"column":4},"end":{"line":745,"column":81}},{"start":{},"end":{}}],"line":745},"63":{"loc":{"start":{"line":746,"column":4},"end":{"line":746,"column":74}},"type":"if","locations":[{"start":{"line":746,"column":4},"end":{"line":746,"column":74}},{"start":{},"end":{}}],"line":746},"64":{"loc":{"start":{"line":747,"column":4},"end":{"line":747,"column":59}},"type":"if","locations":[{"start":{"line":747,"column":4},"end":{"line":747,"column":59}},{"start":{},"end":{}}],"line":747},"65":{"loc":{"start":{"line":749,"column":51},"end":{"line":749,"column":99}},"type":"cond-expr","locations":[{"start":{"line":749,"column":71},"end":{"line":749,"column":94}},{"start":{"line":749,"column":97},"end":{"line":749,"column":99}}],"line":749},"66":{"loc":{"start":{"line":771,"column":4},"end":{"line":771,"column":81}},"type":"if","locations":[{"start":{"line":771,"column":4},"end":{"line":771,"column":81}},{"start":{},"end":{}}],"line":771},"67":{"loc":{"start":{"line":772,"column":4},"end":{"line":772,"column":81}},"type":"if","locations":[{"start":{"line":772,"column":4},"end":{"line":772,"column":81}},{"start":{},"end":{}}],"line":772},"68":{"loc":{"start":{"line":773,"column":4},"end":{"line":773,"column":73}},"type":"if","locations":[{"start":{"line":773,"column":4},"end":{"line":773,"column":73}},{"start":{},"end":{}}],"line":773},"69":{"loc":{"start":{"line":775,"column":53},"end":{"line":775,"column":101}},"type":"cond-expr","locations":[{"start":{"line":775,"column":73},"end":{"line":775,"column":96}},{"start":{"line":775,"column":99},"end":{"line":775,"column":101}}],"line":775},"70":{"loc":{"start":{"line":803,"column":11},"end":{"line":803,"column":37}},"type":"binary-expr","locations":[{"start":{"line":803,"column":11},"end":{"line":803,"column":31}},{"start":{"line":803,"column":35},"end":{"line":803,"column":37}}],"line":803},"71":{"loc":{"start":{"line":822,"column":4},"end":{"line":822,"column":81}},"type":"if","locations":[{"start":{"line":822,"column":4},"end":{"line":822,"column":81}},{"start":{},"end":{}}],"line":822},"72":{"loc":{"start":{"line":823,"column":4},"end":{"line":823,"column":81}},"type":"if","locations":[{"start":{"line":823,"column":4},"end":{"line":823,"column":81}},{"start":{},"end":{}}],"line":823},"73":{"loc":{"start":{"line":824,"column":4},"end":{"line":824,"column":73}},"type":"if","locations":[{"start":{"line":824,"column":4},"end":{"line":824,"column":73}},{"start":{},"end":{}}],"line":824},"74":{"loc":{"start":{"line":825,"column":4},"end":{"line":825,"column":73}},"type":"if","locations":[{"start":{"line":825,"column":4},"end":{"line":825,"column":73}},{"start":{},"end":{}}],"line":825},"75":{"loc":{"start":{"line":826,"column":4},"end":{"line":826,"column":85}},"type":"if","locations":[{"start":{"line":826,"column":4},"end":{"line":826,"column":85}},{"start":{},"end":{}}],"line":826},"76":{"loc":{"start":{"line":827,"column":4},"end":{"line":827,"column":74}},"type":"if","locations":[{"start":{"line":827,"column":4},"end":{"line":827,"column":74}},{"start":{},"end":{}}],"line":827},"77":{"loc":{"start":{"line":829,"column":56},"end":{"line":829,"column":104}},"type":"cond-expr","locations":[{"start":{"line":829,"column":76},"end":{"line":829,"column":99}},{"start":{"line":829,"column":102},"end":{"line":829,"column":104}}],"line":829},"78":{"loc":{"start":{"line":859,"column":4},"end":{"line":859,"column":81}},"type":"if","locations":[{"start":{"line":859,"column":4},"end":{"line":859,"column":81}},{"start":{},"end":{}}],"line":859},"79":{"loc":{"start":{"line":860,"column":4},"end":{"line":860,"column":81}},"type":"if","locations":[{"start":{"line":860,"column":4},"end":{"line":860,"column":81}},{"start":{},"end":{}}],"line":860},"80":{"loc":{"start":{"line":862,"column":104},"end":{"line":862,"column":152}},"type":"cond-expr","locations":[{"start":{"line":862,"column":124},"end":{"line":862,"column":147}},{"start":{"line":862,"column":150},"end":{"line":862,"column":152}}],"line":862},"81":{"loc":{"start":{"line":892,"column":28},"end":{"line":892,"column":61}},"type":"binary-expr","locations":[{"start":{"line":892,"column":28},"end":{"line":892,"column":55}},{"start":{"line":892,"column":59},"end":{"line":892,"column":61}}],"line":892},"82":{"loc":{"start":{"line":893,"column":28},"end":{"line":893,"column":61}},"type":"binary-expr","locations":[{"start":{"line":893,"column":28},"end":{"line":893,"column":55}},{"start":{"line":893,"column":59},"end":{"line":893,"column":61}}],"line":893},"83":{"loc":{"start":{"line":986,"column":6},"end":{"line":988,"column":7}},"type":"if","locations":[{"start":{"line":986,"column":6},"end":{"line":988,"column":7}},{"start":{},"end":{}}],"line":986},"84":{"loc":{"start":{"line":986,"column":10},"end":{"line":986,"column":70}},"type":"binary-expr","locations":[{"start":{"line":986,"column":10},"end":{"line":986,"column":42}},{"start":{"line":986,"column":46},"end":{"line":986,"column":70}}],"line":986},"85":{"loc":{"start":{"line":1010,"column":6},"end":{"line":1012,"column":7}},"type":"if","locations":[{"start":{"line":1010,"column":6},"end":{"line":1012,"column":7}},{"start":{},"end":{}}],"line":1010},"86":{"loc":{"start":{"line":1010,"column":10},"end":{"line":1010,"column":70}},"type":"binary-expr","locations":[{"start":{"line":1010,"column":10},"end":{"line":1010,"column":42}},{"start":{"line":1010,"column":46},"end":{"line":1010,"column":70}}],"line":1010},"87":{"loc":{"start":{"line":1038,"column":24},"end":{"line":1038,"column":84}},"type":"cond-expr","locations":[{"start":{"line":1038,"column":55},"end":{"line":1038,"column":59}},{"start":{"line":1038,"column":62},"end":{"line":1038,"column":84}}],"line":1038},"88":{"loc":{"start":{"line":1039,"column":24},"end":{"line":1039,"column":84}},"type":"cond-expr","locations":[{"start":{"line":1039,"column":55},"end":{"line":1039,"column":59}},{"start":{"line":1039,"column":62},"end":{"line":1039,"column":84}}],"line":1039},"89":{"loc":{"start":{"line":1042,"column":6},"end":{"line":1044,"column":7}},"type":"if","locations":[{"start":{"line":1042,"column":6},"end":{"line":1044,"column":7}},{"start":{},"end":{}}],"line":1042},"90":{"loc":{"start":{"line":1042,"column":10},"end":{"line":1042,"column":34}},"type":"binary-expr","locations":[{"start":{"line":1042,"column":10},"end":{"line":1042,"column":20}},{"start":{"line":1042,"column":24},"end":{"line":1042,"column":34}}],"line":1042},"91":{"loc":{"start":{"line":1048,"column":27},"end":{"line":1048,"column":57}},"type":"binary-expr","locations":[{"start":{"line":1048,"column":27},"end":{"line":1048,"column":44}},{"start":{"line":1048,"column":48},"end":{"line":1048,"column":57}}],"line":1048},"92":{"loc":{"start":{"line":1049,"column":34},"end":{"line":1049,"column":60}},"type":"binary-expr","locations":[{"start":{"line":1049,"column":34},"end":{"line":1049,"column":52}},{"start":{"line":1049,"column":56},"end":{"line":1049,"column":60}}],"line":1049},"93":{"loc":{"start":{"line":1050,"column":19},"end":{"line":1050,"column":45}},"type":"binary-expr","locations":[{"start":{"line":1050,"column":19},"end":{"line":1050,"column":39}},{"start":{"line":1050,"column":43},"end":{"line":1050,"column":45}}],"line":1050},"94":{"loc":{"start":{"line":1051,"column":21},"end":{"line":1051,"column":95}},"type":"binary-expr","locations":[{"start":{"line":1051,"column":21},"end":{"line":1051,"column":41}},{"start":{"line":1051,"column":45},"end":{"line":1051,"column":67}},{"start":{"line":1051,"column":71},"end":{"line":1051,"column":95}}],"line":1051},"95":{"loc":{"start":{"line":1056,"column":6},"end":{"line":1058,"column":7}},"type":"if","locations":[{"start":{"line":1056,"column":6},"end":{"line":1058,"column":7}},{"start":{},"end":{}}],"line":1056},"96":{"loc":{"start":{"line":1056,"column":10},"end":{"line":1056,"column":70}},"type":"binary-expr","locations":[{"start":{"line":1056,"column":10},"end":{"line":1056,"column":42}},{"start":{"line":1056,"column":46},"end":{"line":1056,"column":70}}],"line":1056},"97":{"loc":{"start":{"line":1079,"column":6},"end":{"line":1081,"column":7}},"type":"if","locations":[{"start":{"line":1079,"column":6},"end":{"line":1081,"column":7}},{"start":{},"end":{}}],"line":1079},"98":{"loc":{"start":{"line":1079,"column":10},"end":{"line":1079,"column":70}},"type":"binary-expr","locations":[{"start":{"line":1079,"column":10},"end":{"line":1079,"column":42}},{"start":{"line":1079,"column":46},"end":{"line":1079,"column":70}}],"line":1079},"99":{"loc":{"start":{"line":1102,"column":6},"end":{"line":1104,"column":7}},"type":"if","locations":[{"start":{"line":1102,"column":6},"end":{"line":1104,"column":7}},{"start":{},"end":{}}],"line":1102},"100":{"loc":{"start":{"line":1102,"column":10},"end":{"line":1102,"column":70}},"type":"binary-expr","locations":[{"start":{"line":1102,"column":10},"end":{"line":1102,"column":42}},{"start":{"line":1102,"column":46},"end":{"line":1102,"column":70}}],"line":1102}},"s":{"0":7,"1":7,"2":7,"3":14,"4":14,"5":14,"6":14,"7":14,"8":14,"9":14,"10":7,"11":35,"12":35,"13":1,"14":34,"15":34,"16":34,"17":35,"18":35,"19":35,"20":0,"21":34,"22":26,"23":26,"24":26,"25":9,"26":9,"27":9,"28":34,"29":7,"30":9,"31":3,"32":6,"33":6,"34":1,"35":0,"36":2,"37":0,"38":3,"39":0,"40":7,"41":31,"42":31,"43":35,"44":35,"45":9,"46":9,"47":9,"48":3,"49":6,"50":4,"51":4,"52":2,"53":7,"54":15,"55":15,"56":0,"57":7,"58":1,"59":1,"60":1,"61":1,"62":7,"63":4,"64":6,"65":5,"66":1,"67":7,"68":2,"69":4,"70":4,"71":1,"72":7,"73":2,"74":2,"75":2,"76":2,"77":1,"78":1,"79":1,"80":0,"81":7,"82":2,"83":2,"84":2,"85":2,"86":7,"87":0,"88":0,"89":0,"90":0,"91":7,"92":0,"93":0,"94":0,"95":0,"96":0,"97":0,"98":0,"99":0,"100":0,"101":0,"102":7,"103":2,"104":2,"105":2,"106":2,"107":0,"108":2,"109":1,"110":2,"111":1,"112":2,"113":2,"114":2,"115":7,"116":2,"117":2,"118":2,"119":1,"120":7,"121":0,"122":0,"123":0,"124":0,"125":7,"126":1,"127":1,"128":1,"129":1,"130":7,"131":0,"132":0,"133":0,"134":0,"135":7,"136":0,"137":0,"138":0,"139":0,"140":0,"141":0,"142":0,"143":0,"144":0,"145":0,"146":7,"147":0,"148":0,"149":0,"150":0,"151":7,"152":0,"153":0,"154":0,"155":0,"156":7,"157":2,"158":2,"159":2,"160":2,"161":0,"162":2,"163":0,"164":2,"165":1,"166":2,"167":1,"168":2,"169":0,"170":2,"171":2,"172":2,"173":7,"174":1,"175":1,"176":1,"177":1,"178":7,"179":1,"180":1,"181":1,"182":1,"183":7,"184":2,"185":2,"186":2,"187":2,"188":0,"189":2,"190":0,"191":2,"192":1,"193":2,"194":0,"195":2,"196":0,"197":2,"198":0,"199":2,"200":2,"201":2,"202":7,"203":1,"204":1,"205":1,"206":1,"207":7,"208":1,"209":1,"210":1,"211":1,"212":7,"213":0,"214":0,"215":0,"216":0,"217":7,"218":0,"219":0,"220":0,"221":0,"222":7,"223":0,"224":0,"225":0,"226":7,"227":0,"228":0,"229":0,"230":7,"231":0,"232":0,"233":0,"234":0,"235":7,"236":1,"237":1,"238":1,"239":7,"240":2,"241":2,"242":2,"243":2,"244":0,"245":2,"246":0,"247":2,"248":1,"249":2,"250":1,"251":2,"252":0,"253":2,"254":2,"255":2,"256":7,"257":1,"258":1,"259":1,"260":1,"261":7,"262":0,"263":0,"264":0,"265":0,"266":7,"267":0,"268":0,"269":0,"270":0,"271":7,"272":0,"273":0,"274":0,"275":0,"276":0,"277":0,"278":0,"279":0,"280":0,"281":0,"282":0,"283":0,"284":0,"285":0,"286":7,"287":1,"288":1,"289":1,"290":1,"291":0,"292":1,"293":0,"294":1,"295":0,"296":1,"297":1,"298":1,"299":7,"300":1,"301":1,"302":1,"303":1,"304":7,"305":0,"306":0,"307":0,"308":0,"309":7,"310":0,"311":0,"312":0,"313":0,"314":0,"315":0,"316":0,"317":0,"318":0,"319":0,"320":0,"321":0,"322":0,"323":0,"324":0,"325":0,"326":0,"327":0,"328":7,"329":0,"330":0,"331":0,"332":0,"333":7,"334":0,"335":0,"336":0,"337":0,"338":0,"339":0,"340":0,"341":0,"342":0,"343":0,"344":7,"345":1,"346":1,"347":1,"348":1,"349":7,"350":0,"351":0,"352":0,"353":0,"354":7,"355":0,"356":0,"357":0,"358":0,"359":7,"360":0,"361":0,"362":0,"363":0,"364":7,"365":0,"366":0,"367":0,"368":0,"369":7,"370":0,"371":0,"372":0,"373":0,"374":0,"375":0,"376":0,"377":0,"378":7,"379":0,"380":0,"381":0,"382":0,"383":0,"384":0,"385":0,"386":0,"387":7,"388":0,"389":0,"390":0,"391":0,"392":0,"393":0,"394":0,"395":0,"396":0,"397":0,"398":0,"399":0,"400":0,"401":0,"402":7,"403":0,"404":0,"405":0,"406":0,"407":0,"408":0,"409":0,"410":0,"411":7,"412":0,"413":0,"414":0,"415":0,"416":0,"417":0,"418":0,"419":0},"f":{"0":14,"1":35,"2":35,"3":0,"4":26,"5":9,"6":9,"7":31,"8":4,"9":15,"10":1,"11":1,"12":4,"13":6,"14":2,"15":4,"16":2,"17":2,"18":2,"19":2,"20":0,"21":0,"22":0,"23":0,"24":2,"25":2,"26":2,"27":2,"28":0,"29":0,"30":1,"31":1,"32":0,"33":0,"34":0,"35":0,"36":0,"37":0,"38":0,"39":0,"40":2,"41":2,"42":1,"43":1,"44":1,"45":1,"46":2,"47":2,"48":1,"49":1,"50":1,"51":1,"52":0,"53":0,"54":0,"55":0,"56":0,"57":0,"58":0,"59":0,"60":0,"61":0,"62":1,"63":1,"64":2,"65":2,"66":1,"67":1,"68":0,"69":0,"70":0,"71":0,"72":0,"73":0,"74":1,"75":1,"76":1,"77":1,"78":0,"79":0,"80":0,"81":0,"82":0,"83":0,"84":0,"85":0,"86":1,"87":1,"88":0,"89":0,"90":0,"91":0,"92":0,"93":0,"94":0,"95":0,"96":0,"97":0,"98":0,"99":0,"100":0,"101":0,"102":0,"103":0,"104":0,"105":0,"106":0,"107":0},"b":{"0":[0],"1":[6],"2":[10],"3":[14,11],"4":[1,34],"5":[35,0],"6":[26,0],"7":[9,0],"8":[9,3],"9":[9,5],"10":[3,6],"11":[1,0,2,0,3,3,3,3,0],"12":[0,0],"13":[3,0],"14":[0,0],"15":[0,0],"16":[31],"17":[9,0],"18":[3,6],"19":[9,7,4],"20":[4,2],"21":[15,0],"22":[1,0],"23":[1,1],"24":[2,1],"25":[0,0],"26":[0,0],"27":[0,0],"28":[0,2],"29":[1,1],"30":[1,1],"31":[1,1],"32":[0,0],"33":[1,0],"34":[0,0],"35":[0,0],"36":[0,0],"37":[0,2],"38":[0,2],"39":[1,1],"40":[1,1],"41":[0,2],"42":[1,1],"43":[1,1],"44":[1,1],"45":[1,1],"46":[0,2],"47":[0,2],"48":[1,1],"49":[0,2],"50":[0,2],"51":[0,2],"52":[1,1],"53":[0,2],"54":[0,2],"55":[1,1],"56":[1,1],"57":[0,2],"58":[1,1],"59":[0,0],"60":[0,0],"61":[0,0],"62":[0,0],"63":[0,0],"64":[0,0],"65":[0,0],"66":[0,1],"67":[0,1],"68":[0,1],"69":[0,1],"70":[0,0],"71":[0,0],"72":[0,0],"73":[0,0],"74":[0,0],"75":[0,0],"76":[0,0],"77":[0,0],"78":[0,0],"79":[0,0],"80":[0,0],"81":[1,1],"82":[1,1],"83":[0,0],"84":[0,0],"85":[0,0],"86":[0,0],"87":[0,0],"88":[0,0],"89":[0,0],"90":[0,0],"91":[0,0],"92":[0,0],"93":[0,0],"94":[0,0,0],"95":[0,0],"96":[0,0],"97":[0,0],"98":[0,0],"99":[0,0],"100":[0,0]},"_coverageSchema":"1a1c01bbd47fc00a2c39e90264f33305004495a9","hash":"1734a06d30e777d8100139a514deb2444403aabf"}
,"/Users/seanwoodliffe/OctopusMobile/src/lib/api/types.ts": {"path":"/Users/seanwoodliffe/OctopusMobile/src/lib/api/types.ts","statementMap":{},"fnMap":{},"branchMap":{},"s":{},"f":{},"b":{}}
,"/Users/seanwoodliffe/OctopusMobile/src/theme/colors.ts": {"path":"/Users/seanwoodliffe/OctopusMobile/src/theme/colors.ts","statementMap":{"0":{"start":{"line":6,"column":22},"end":{"line":83,"column":10}}},"fnMap":{},"branchMap":{},"s":{"0":3},"f":{},"b":{},"_coverageSchema":"1a1c01bbd47fc00a2c39e90264f33305004495a9","hash":"2cc78956ee2ffda6ca7624c14baa3712287d22c7"}
,"/Users/seanwoodliffe/OctopusMobile/src/theme/spacing.ts": {"path":"/Users/seanwoodliffe/OctopusMobile/src/theme/spacing.ts","statementMap":{"0":{"start":{"line":5,"column":23},"end":{"line":12,"column":10}},"1":{"start":{"line":14,"column":28},"end":{"line":20,"column":10}},"2":{"start":{"line":22,"column":24},"end":{"line":30,"column":10}},"3":{"start":{"line":32,"column":26},"end":{"line":37,"column":1}},"4":{"start":{"line":39,"column":26},"end":{"line":43,"column":1}}},"fnMap":{},"branchMap":{},"s":{"0":3,"1":3,"2":3,"3":3,"4":3},"f":{},"b":{},"_coverageSchema":"1a1c01bbd47fc00a2c39e90264f33305004495a9","hash":"530f0a4df3dd8140efecb3cc4a4989f754435a54"}
}
