TN:
SF:app/_layout.tsx
FN:28,AuthGate
FN:33,(anonymous_1)
FN:54,RootLayoutNav
FN:74,RootLayout
FNF:4
FNH:0
FNDA:0,AuthGate
FNDA:0,(anonymous_1)
FNDA:0,RootLayoutNav
FNDA:0,RootLayout
DA:18,0
DA:29,0
DA:30,0
DA:31,0
DA:33,0
DA:34,0
DA:36,0
DA:38,0
DA:40,0
DA:41,0
DA:43,0
DA:47,0
DA:48,0
DA:51,0
DA:55,0
DA:75,0
DA:88,0
LF:17
LH:0
BRDA:34,0,0,0
BRDA:34,0,1,0
BRDA:38,1,0,0
BRDA:38,1,1,0
BRDA:38,2,0,0
BRDA:38,2,1,0
BRDA:41,3,0,0
BRDA:41,3,1,0
BRDA:41,4,0,0
BRDA:41,4,1,0
BRDA:47,5,0,0
BRDA:47,5,1,0
BRF:12
BRH:0
end_of_record
TN:
SF:app/(auth)/_layout.tsx
FN:9,AuthLayout
FNF:1
FNH:0
FNDA:0,AuthLayout
DA:10,0
LF:1
LH:0
BRF:0
BRH:0
end_of_record
TN:
SF:app/(auth)/login.tsx
FN:31,LoginScreen
FN:41,(anonymous_1)
FN:44,(anonymous_2)
FN:49,(anonymous_3)
FN:52,(anonymous_4)
FN:57,(anonymous_5)
FN:86,(anonymous_6)
FN:94,(anonymous_7)
FNF:8
FNH:0
FNDA:0,LoginScreen
FNDA:0,(anonymous_1)
FNDA:0,(anonymous_2)
FNDA:0,(anonymous_3)
FNDA:0,(anonymous_4)
FNDA:0,(anonymous_5)
FNDA:0,(anonymous_6)
FNDA:0,(anonymous_7)
DA:29,0
DA:32,0
DA:34,0
DA:35,0
DA:36,0
DA:41,0
DA:42,0
DA:43,0
DA:44,0
DA:46,0
DA:49,0
DA:50,0
DA:51,0
DA:52,0
DA:54,0
DA:57,0
DA:59,0
DA:61,0
DA:62,0
DA:63,0
DA:66,0
DA:67,0
DA:68,0
DA:71,0
DA:72,0
DA:73,0
DA:74,0
DA:77,0
DA:79,0
DA:80,0
DA:82,0
DA:86,0
DA:87,0
DA:94,0
DA:100,0
DA:211,0
LF:36
LH:0
BRDA:43,0,0,0
BRDA:43,0,1,0
BRDA:46,1,0,0
BRDA:46,1,1,0
BRDA:51,2,0,0
BRDA:51,2,1,0
BRDA:54,3,0,0
BRDA:54,3,1,0
BRDA:62,4,0,0
BRDA:62,4,1,0
BRDA:67,5,0,0
BRDA:67,5,1,0
BRDA:71,6,0,0
BRDA:71,6,1,0
BRDA:79,7,0,0
BRDA:79,7,1,0
BRDA:122,8,0,0
BRDA:122,8,1,0
BRDA:165,9,0,0
BRDA:165,9,1,0
BRDA:165,9,2,0
BRDA:180,10,0,0
BRDA:180,10,1,0
BRF:23
BRH:0
end_of_record
TN:
SF:app/(tabs)/_layout.tsx
FN:24,(anonymous_0)
FN:34,TabsLayout
FN:52,(anonymous_2)
FN:85,(anonymous_3)
FN:100,(anonymous_4)
FN:115,(anonymous_5)
FN:138,(anonymous_6)
FN:159,(anonymous_7)
FNF:8
FNH:0
FNDA:0,(anonymous_0)
FNDA:0,TabsLayout
FNDA:0,(anonymous_2)
FNDA:0,(anonymous_3)
FNDA:0,(anonymous_4)
FNDA:0,(anonymous_5)
FNDA:0,(anonymous_6)
FNDA:0,(anonymous_7)
DA:24,0
DA:25,0
DA:35,0
DA:37,0
DA:53,0
DA:86,0
DA:101,0
DA:116,0
DA:139,0
DA:160,0
DA:173,0
LF:11
LH:0
BRDA:25,0,0,0
BRDA:25,0,1,0
BRDA:27,1,0,0
BRDA:27,1,1,0
BRDA:135,2,0,0
BRDA:135,2,1,0
BRF:6
BRH:0
end_of_record
TN:
SF:app/(tabs)/deployments.tsx
FN:36,DeploymentsScreen
FN:40,(anonymous_1)
FN:50,(anonymous_2)
FN:61,(anonymous_3)
FN:76,(anonymous_4)
FN:81,(anonymous_5)
FN:83,(anonymous_6)
FN:130,(anonymous_7)
FN:146,(anonymous_8)
FN:153,(anonymous_9)
FN:189,(anonymous_10)
FNF:11
FNH:0
FNDA:0,DeploymentsScreen
FNDA:0,(anonymous_1)
FNDA:0,(anonymous_2)
FNDA:0,(anonymous_3)
FNDA:0,(anonymous_4)
FNDA:0,(anonymous_5)
FNDA:0,(anonymous_6)
FNDA:0,(anonymous_7)
FNDA:0,(anonymous_8)
FNDA:0,(anonymous_9)
FNDA:0,(anonymous_10)
DA:29,0
DA:37,0
DA:38,0
DA:40,0
DA:42,0
DA:48,0
DA:50,0
DA:51,0
DA:52,0
DA:53,0
DA:55,0
DA:56,0
DA:57,0
DA:58,0
DA:61,0
DA:63,0
DA:64,0
DA:65,0
DA:66,0
DA:67,0
DA:69,0
DA:70,0
DA:71,0
DA:73,0
DA:76,0
DA:77,0
DA:78,0
DA:81,0
DA:82,0
DA:83,0
DA:130,0
DA:132,0
DA:133,0
DA:142,0
DA:147,0
DA:154,0
DA:155,0
DA:189,0
DA:195,0
LF:39
LH:0
BRDA:48,0,0,0
BRDA:48,0,1,0
BRDA:55,1,0,0
BRDA:55,1,1,0
BRDA:56,2,0,0
BRDA:56,2,1,0
BRDA:57,3,0,0
BRDA:57,3,1,0
BRDA:64,4,0,0
BRDA:64,4,1,0
BRDA:69,5,0,0
BRDA:69,5,1,0
BRDA:70,6,0,0
BRDA:70,6,1,0
BRDA:97,7,0,0
BRDA:97,7,1,0
BRDA:104,8,0,0
BRDA:104,8,1,0
BRDA:104,8,2,0
BRDA:116,9,0,0
BRDA:116,9,1,0
BRDA:122,10,0,0
BRDA:122,10,1,0
BRDA:132,11,0,0
BRDA:132,11,1,0
BRDA:151,12,0,0
BRDA:151,12,1,0
BRDA:160,13,0,0
BRDA:160,13,1,0
BRDA:181,14,0,0
BRDA:181,14,1,0
BRDA:185,15,0,0
BRDA:185,15,1,0
BRF:33
BRH:0
end_of_record
TN:
SF:app/(tabs)/environments.tsx
FN:25,(anonymous_0)
FN:47,EnvironmentsScreen
FN:56,(anonymous_2)
FN:59,(anonymous_3)
FN:60,(anonymous_4)
FN:64,(anonymous_5)
FN:65,(anonymous_6)
FN:66,(anonymous_7)
FN:68,(anonymous_8)
FN:71,(anonymous_9)
FN:76,(anonymous_10)
FN:81,(anonymous_11)
FN:92,(anonymous_12)
FN:157,(anonymous_13)
FN:205,(anonymous_14)
FNF:15
FNH:0
FNDA:0,(anonymous_0)
FNDA:0,EnvironmentsScreen
FNDA:0,(anonymous_2)
FNDA:0,(anonymous_3)
FNDA:0,(anonymous_4)
FNDA:0,(anonymous_5)
FNDA:0,(anonymous_6)
FNDA:0,(anonymous_7)
FNDA:0,(anonymous_8)
FNDA:0,(anonymous_9)
FNDA:0,(anonymous_10)
FNDA:0,(anonymous_11)
FNDA:0,(anonymous_12)
FNDA:0,(anonymous_13)
FNDA:0,(anonymous_14)
DA:25,0
DA:26,0
DA:28,0
DA:30,0
DA:32,0
DA:34,0
DA:36,0
DA:48,0
DA:49,0
DA:50,0
DA:52,0
DA:53,0
DA:56,0
DA:57,0
DA:59,0
DA:60,0
DA:61,0
DA:64,0
DA:65,0
DA:66,0
DA:68,0
DA:71,0
DA:72,0
DA:73,0
DA:76,0
DA:77,0
DA:78,0
DA:81,0
DA:82,0
DA:90,0
DA:92,0
DA:157,0
DA:159,0
DA:160,0
DA:169,0
DA:205,0
DA:211,0
LF:37
LH:0
BRDA:26,0,0,0
BRDA:26,0,1,0
BRDA:26,0,2,0
BRDA:26,0,3,0
BRDA:26,0,4,0
BRDA:52,1,0,0
BRDA:52,1,1,0
BRDA:53,2,0,0
BRDA:53,2,1,0
BRDA:57,3,0,0
BRDA:57,3,1,0
BRDA:65,4,0,0
BRDA:65,4,1,0
BRDA:82,5,0,0
BRDA:82,5,1,0
BRDA:84,6,0,0
BRDA:84,6,1,0
BRDA:86,7,0,0
BRDA:86,7,1,0
BRDA:108,8,0,0
BRDA:108,8,1,0
BRDA:134,9,0,0
BRDA:134,9,1,0
BRDA:146,10,0,0
BRDA:146,10,1,0
BRDA:159,11,0,0
BRDA:159,11,1,0
BRDA:174,12,0,0
BRDA:174,12,1,0
BRDA:197,13,0,0
BRDA:197,13,1,0
BRF:31
BRH:0
end_of_record
TN:
SF:app/(tabs)/index.tsx
FN:32,DashboardScreen
FN:39,(anonymous_1)
FN:44,(anonymous_2)
FN:51,(anonymous_3)
FN:52,(anonymous_4)
FN:53,(anonymous_5)
FN:61,(anonymous_6)
FN:64,(anonymous_7)
FN:69,(anonymous_8)
FN:71,(anonymous_9)
FN:75,(anonymous_10)
FN:77,(anonymous_11)
FN:80,(anonymous_12)
FN:91,(anonymous_13)
FN:191,(anonymous_14)
FN:200,(anonymous_15)
FN:213,(anonymous_16)
FN:224,(anonymous_17)
FN:227,(anonymous_18)
FNF:19
FNH:0
FNDA:0,DashboardScreen
FNDA:0,(anonymous_1)
FNDA:0,(anonymous_2)
FNDA:0,(anonymous_3)
FNDA:0,(anonymous_4)
FNDA:0,(anonymous_5)
FNDA:0,(anonymous_6)
FNDA:0,(anonymous_7)
FNDA:0,(anonymous_8)
FNDA:0,(anonymous_9)
FNDA:0,(anonymous_10)
FNDA:0,(anonymous_11)
FNDA:0,(anonymous_12)
FNDA:0,(anonymous_13)
FNDA:0,(anonymous_14)
FNDA:0,(anonymous_15)
FNDA:0,(anonymous_16)
FNDA:0,(anonymous_17)
FNDA:0,(anonymous_18)
DA:17,0
DA:33,0
DA:34,0
DA:35,0
DA:36,0
DA:39,0
DA:40,0
DA:42,0
DA:43,0
DA:44,0
DA:45,0
DA:46,0
DA:49,0
DA:51,0
DA:52,0
DA:53,0
DA:61,0
DA:62,0
DA:63,0
DA:64,0
DA:69,0
DA:70,0
DA:71,0
DA:75,0
DA:76,0
DA:77,0
DA:80,0
DA:81,0
DA:82,0
DA:83,0
DA:85,0
DA:86,0
DA:87,0
DA:88,0
DA:91,0
DA:92,0
DA:94,0
DA:97,0
DA:98,0
DA:107,0
DA:108,0
DA:111,0
DA:191,0
DA:200,0
DA:213,0
DA:225,0
DA:227,0
DA:262,0
LF:48
LH:0
BRDA:40,0,0,0
BRDA:40,0,1,0
BRDA:53,1,0,0
BRDA:53,1,1,0
BRDA:62,2,0,0
BRDA:62,2,1,0
BRDA:70,3,0,0
BRDA:70,3,1,0
BRDA:76,4,0,0
BRDA:76,4,1,0
BRDA:85,5,0,0
BRDA:85,5,1,0
BRDA:86,6,0,0
BRDA:86,6,1,0
BRDA:87,7,0,0
BRDA:87,7,1,0
BRDA:97,8,0,0
BRDA:97,8,1,0
BRDA:107,9,0,0
BRDA:107,9,1,0
BRDA:107,10,0,0
BRDA:107,10,1,0
BRDA:131,11,0,0
BRDA:131,11,1,0
BRDA:143,12,0,0
BRDA:143,12,1,0
BRDA:149,13,0,0
BRDA:149,13,1,0
BRDA:194,14,0,0
BRDA:194,14,1,0
BRDA:203,15,0,0
BRDA:203,15,1,0
BRDA:218,16,0,0
BRDA:218,16,1,0
BRDA:233,17,0,0
BRDA:233,17,1,0
BRDA:245,18,0,0
BRDA:245,18,1,0
BRF:38
BRH:0
end_of_record
TN:
SF:app/(tabs)/insights.tsx
FN:36,InsightsScreen
FN:47,(anonymous_1)
FN:50,(anonymous_2)
FN:57,(anonymous_3)
FN:64,(anonymous_4)
FN:65,(anonymous_5)
FN:73,(anonymous_6)
FN:76,(anonymous_7)
FN:90,(anonymous_8)
FN:93,(anonymous_9)
FN:97,(anonymous_10)
FN:98,(anonymous_11)
FN:108,(anonymous_12)
FN:109,(anonymous_13)
FN:113,(anonymous_14)
FN:118,(anonymous_15)
FN:125,(anonymous_16)
FN:126,(anonymous_17)
FN:129,(anonymous_18)
FN:132,(anonymous_19)
FN:152,(anonymous_20)
FN:189,(anonymous_21)
FN:196,(anonymous_22)
FN:317,(anonymous_23)
FN:341,(anonymous_24)
FN:372,(anonymous_25)
FNF:26
FNH:0
FNDA:0,InsightsScreen
FNDA:0,(anonymous_1)
FNDA:0,(anonymous_2)
FNDA:0,(anonymous_3)
FNDA:0,(anonymous_4)
FNDA:0,(anonymous_5)
FNDA:0,(anonymous_6)
FNDA:0,(anonymous_7)
FNDA:0,(anonymous_8)
FNDA:0,(anonymous_9)
FNDA:0,(anonymous_10)
FNDA:0,(anonymous_11)
FNDA:0,(anonymous_12)
FNDA:0,(anonymous_13)
FNDA:0,(anonymous_14)
FNDA:0,(anonymous_15)
FNDA:0,(anonymous_16)
FNDA:0,(anonymous_17)
FNDA:0,(anonymous_18)
FNDA:0,(anonymous_19)
FNDA:0,(anonymous_20)
FNDA:0,(anonymous_21)
FNDA:0,(anonymous_22)
FNDA:0,(anonymous_23)
FNDA:0,(anonymous_24)
FNDA:0,(anonymous_25)
DA:28,0
DA:34,0
DA:37,0
DA:39,0
DA:40,0
DA:41,0
DA:42,0
DA:44,0
DA:45,0
DA:47,0
DA:50,0
DA:51,0
DA:53,0
DA:54,0
DA:57,0
DA:58,0
DA:59,0
DA:63,0
DA:64,0
DA:65,0
DA:66,0
DA:69,0
DA:70,0
DA:73,0
DA:74,0
DA:75,0
DA:76,0
DA:77,0
DA:78,0
DA:79,0
DA:80,0
DA:81,0
DA:82,0
DA:84,0
DA:86,0
DA:90,0
DA:93,0
DA:96,0
DA:97,0
DA:98,0
DA:99,0
DA:100,0
DA:101,0
DA:102,0
DA:103,0
DA:107,0
DA:108,0
DA:109,0
DA:110,0
DA:112,0
DA:113,0
DA:117,0
DA:118,0
DA:119,0
DA:120,0
DA:124,0
DA:125,0
DA:126,0
DA:128,0
DA:129,0
DA:131,0
DA:132,0
DA:134,0
DA:136,0
DA:152,0
DA:153,0
DA:154,0
DA:155,0
DA:158,0
DA:159,0
DA:162,0
DA:163,0
DA:172,0
DA:174,0
DA:190,0
DA:196,0
DA:318,0
DA:319,0
DA:320,0
DA:342,0
DA:373,0
DA:401,0
LF:82
LH:0
BRDA:44,0,0,0
BRDA:44,0,1,0
BRDA:45,1,0,0
BRDA:45,1,1,0
BRDA:51,2,0,0
BRDA:51,2,1,0
BRDA:65,3,0,0
BRDA:65,3,1,0
BRDA:66,4,0,0
BRDA:66,4,1,0
BRDA:73,5,0,0
BRDA:73,5,1,0
BRDA:75,6,0,0
BRDA:75,6,1,0
BRDA:78,7,0,0
BRDA:78,7,1,0
BRDA:79,8,0,0
BRDA:79,8,1,0
BRDA:80,9,0,0
BRDA:80,9,1,0
BRDA:81,10,0,0
BRDA:81,10,1,0
BRDA:98,11,0,0
BRDA:98,11,1,0
BRDA:99,12,0,0
BRDA:99,12,1,0
BRDA:101,13,0,0
BRDA:101,13,1,0
BRDA:102,14,0,0
BRDA:102,14,1,0
BRDA:102,15,0,0
BRDA:102,15,1,0
BRDA:109,16,0,0
BRDA:109,16,1,0
BRDA:110,17,0,0
BRDA:110,17,1,0
BRDA:128,18,0,0
BRDA:128,18,1,0
BRDA:129,19,0,0
BRDA:129,19,1,0
BRDA:131,20,0,0
BRDA:131,20,1,0
BRDA:132,21,0,0
BRDA:132,21,1,0
BRDA:153,22,0,0
BRDA:153,22,1,0
BRDA:154,23,0,0
BRDA:154,23,1,0
BRDA:158,24,0,0
BRDA:158,24,1,0
BRDA:158,25,0,0
BRDA:158,25,1,0
BRDA:162,26,0,0
BRDA:162,26,1,0
BRDA:194,27,0,0
BRDA:194,27,1,0
BRDA:200,28,0,0
BRDA:200,28,1,0
BRDA:214,29,0,0
BRDA:214,29,1,0
BRDA:220,30,0,0
BRDA:220,30,1,0
BRDA:256,31,0,0
BRDA:256,31,1,0
BRDA:259,32,0,0
BRDA:259,32,1,0
BRDA:261,33,0,0
BRDA:261,33,1,0
BRDA:266,34,0,0
BRDA:266,34,1,0
BRDA:271,35,0,0
BRDA:271,35,1,0
BRDA:339,36,0,0
BRDA:339,36,1,0
BRDA:351,37,0,0
BRDA:351,37,1,0
BRDA:370,38,0,0
BRDA:370,38,1,0
BRF:78
BRH:0
end_of_record
TN:
SF:app/(tabs)/projects.tsx
FN:31,ProjectsScreen
FN:45,(anonymous_1)
FN:47,(anonymous_2)
FN:53,(anonymous_3)
FN:55,(anonymous_4)
FN:66,(anonymous_5)
FN:71,(anonymous_6)
FN:76,(anonymous_7)
FN:81,(anonymous_8)
FN:98,(anonymous_9)
FN:139,(anonymous_10)
FN:168,(anonymous_11)
FN:178,(anonymous_12)
FN:189,(anonymous_13)
FN:227,(anonymous_14)
FNF:15
FNH:0
FNDA:0,ProjectsScreen
FNDA:0,(anonymous_1)
FNDA:0,(anonymous_2)
FNDA:0,(anonymous_3)
FNDA:0,(anonymous_4)
FNDA:0,(anonymous_5)
FNDA:0,(anonymous_6)
FNDA:0,(anonymous_7)
FNDA:0,(anonymous_8)
FNDA:0,(anonymous_9)
FNDA:0,(anonymous_10)
FNDA:0,(anonymous_11)
FNDA:0,(anonymous_12)
FNDA:0,(anonymous_13)
FNDA:0,(anonymous_14)
DA:32,0
DA:33,0
DA:34,0
DA:35,0
DA:37,0
DA:42,0
DA:45,0
DA:46,0
DA:47,0
DA:49,0
DA:53,0
DA:54,0
DA:55,0
DA:56,0
DA:57,0
DA:58,0
DA:59,0
DA:60,0
DA:63,0
DA:66,0
DA:67,0
DA:68,0
DA:71,0
DA:72,0
DA:73,0
DA:76,0
DA:77,0
DA:79,0
DA:81,0
DA:99,0
DA:100,0
DA:139,0
DA:141,0
DA:142,0
DA:151,0
DA:168,0
DA:179,0
DA:180,0
DA:190,0
DA:191,0
DA:227,0
DA:233,0
LF:42
LH:0
BRDA:39,0,0,0
BRDA:39,0,1,0
BRDA:42,1,0,0
BRDA:42,1,1,0
BRDA:46,2,0,0
BRDA:46,2,1,0
BRDA:54,3,0,0
BRDA:54,3,1,0
BRDA:54,4,0,0
BRDA:54,4,1,0
BRDA:58,5,0,0
BRDA:58,5,1,0
BRDA:58,6,0,0
BRDA:58,6,1,0
BRDA:59,7,0,0
BRDA:59,7,1,0
BRDA:59,8,0,0
BRDA:59,8,1,0
BRDA:86,9,0,0
BRDA:86,9,1,0
BRDA:105,10,0,0
BRDA:105,10,1,0
BRDA:107,11,0,0
BRDA:107,11,1,0
BRDA:113,12,0,0
BRDA:113,12,1,0
BRDA:122,13,0,0
BRDA:122,13,1,0
BRDA:125,14,0,0
BRDA:125,14,1,0
BRDA:128,15,0,0
BRDA:128,15,1,0
BRDA:141,16,0,0
BRDA:141,16,1,0
BRDA:167,17,0,0
BRDA:167,17,1,0
BRDA:177,18,0,0
BRDA:177,18,1,0
BRDA:183,19,0,0
BRDA:183,19,1,0
BRDA:188,20,0,0
BRDA:188,20,1,0
BRDA:197,21,0,0
BRDA:197,21,1,0
BRDA:199,22,0,0
BRDA:199,22,1,0
BRDA:219,23,0,0
BRDA:219,23,1,0
BRDA:223,24,0,0
BRDA:223,24,1,0
BRF:50
BRH:0
end_of_record
TN:
SF:app/(tabs)/runbooks.tsx
FN:33,RunbooksScreen
FN:45,(anonymous_1)
FN:46,(anonymous_2)
FN:50,(anonymous_3)
FN:53,(anonymous_4)
FN:65,(anonymous_5)
FN:66,(anonymous_6)
FN:70,(anonymous_7)
FN:80,(anonymous_8)
FN:81,(anonymous_9)
FN:93,(anonymous_10)
FN:98,(anonymous_11)
FN:103,(anonymous_12)
FN:114,(anonymous_13)
FN:117,(anonymous_14)
FN:154,(anonymous_15)
FN:208,(anonymous_16)
FNF:17
FNH:0
FNDA:0,RunbooksScreen
FNDA:0,(anonymous_1)
FNDA:0,(anonymous_2)
FNDA:0,(anonymous_3)
FNDA:0,(anonymous_4)
FNDA:0,(anonymous_5)
FNDA:0,(anonymous_6)
FNDA:0,(anonymous_7)
FNDA:0,(anonymous_8)
FNDA:0,(anonymous_9)
FNDA:0,(anonymous_10)
FNDA:0,(anonymous_11)
FNDA:0,(anonymous_12)
FNDA:0,(anonymous_13)
FNDA:0,(anonymous_14)
FNDA:0,(anonymous_15)
FNDA:0,(anonymous_16)
DA:34,0
DA:35,0
DA:36,0
DA:37,0
DA:39,0
DA:40,0
DA:41,0
DA:42,0
DA:45,0
DA:46,0
DA:50,0
DA:51,0
DA:53,0
DA:54,0
DA:56,0
DA:57,0
DA:58,0
DA:61,0
DA:65,0
DA:66,0
DA:72,0
DA:73,0
DA:74,0
DA:75,0
DA:80,0
DA:81,0
DA:82,0
DA:83,0
DA:84,0
DA:87,0
DA:93,0
DA:94,0
DA:95,0
DA:98,0
DA:99,0
DA:100,0
DA:103,0
DA:104,0
DA:105,0
DA:106,0
DA:108,0
DA:109,0
DA:110,0
DA:111,0
DA:114,0
DA:115,0
DA:117,0
DA:154,0
DA:156,0
DA:157,0
DA:166,0
DA:167,0
DA:170,0
DA:208,0
DA:214,0
LF:55
LH:0
BRDA:39,0,0,0
BRDA:39,0,1,0
BRDA:40,1,0,0
BRDA:40,1,1,0
BRDA:41,2,0,0
BRDA:41,2,1,0
BRDA:42,3,0,0
BRDA:42,3,1,0
BRDA:42,3,2,0
BRDA:57,4,0,0
BRDA:57,4,1,0
BRDA:68,5,0,0
BRDA:68,5,1,0
BRDA:72,6,0,0
BRDA:72,6,1,0
BRDA:73,7,0,0
BRDA:73,7,1,0
BRDA:74,8,0,0
BRDA:74,8,1,0
BRDA:108,9,0,0
BRDA:108,9,1,0
BRDA:109,10,0,0
BRDA:109,10,1,0
BRDA:110,11,0,0
BRDA:110,11,1,0
BRDA:131,12,0,0
BRDA:131,12,1,0
BRDA:138,13,0,0
BRDA:138,13,1,0
BRDA:144,14,0,0
BRDA:144,14,1,0
BRDA:156,15,0,0
BRDA:156,15,1,0
BRDA:166,16,0,0
BRDA:166,16,1,0
BRDA:166,17,0,0
BRDA:166,17,1,0
BRDA:200,18,0,0
BRDA:200,18,1,0
BRF:39
BRH:0
end_of_record
TN:
SF:app/(tabs)/settings.tsx
FN:27,SettingsScreen
FN:33,(anonymous_1)
FN:34,(anonymous_2)
FN:41,(anonymous_3)
FN:50,(anonymous_4)
FN:59,(anonymous_5)
FN:63,(anonymous_6)
FNF:7
FNH:0
FNDA:0,SettingsScreen
FNDA:0,(anonymous_1)
FNDA:0,(anonymous_2)
FNDA:0,(anonymous_3)
FNDA:0,(anonymous_4)
FNDA:0,(anonymous_5)
FNDA:0,(anonymous_6)
DA:28,0
DA:29,0
DA:30,0
DA:33,0
DA:34,0
DA:35,0
DA:36,0
DA:41,0
DA:42,0
DA:51,0
DA:52,0
DA:59,0
DA:60,0
DA:63,0
DA:64,0
DA:67,0
DA:189,0
LF:17
LH:0
BRDA:35,0,0,0
BRDA:35,0,1,0
BRDA:81,1,0,0
BRDA:81,1,1,0
BRDA:85,2,0,0
BRDA:85,2,1,0
BRDA:86,3,0,0
BRDA:86,3,1,0
BRDA:90,4,0,0
BRDA:90,4,1,0
BRDA:111,5,0,0
BRDA:111,5,1,0
BRDA:116,6,0,0
BRDA:116,6,1,0
BRDA:121,7,0,0
BRDA:121,7,1,0
BRDA:157,8,0,0
BRDA:157,8,1,0
BRF:18
BRH:0
end_of_record
TN:
SF:app/deployment/[id].tsx
FN:12,DeploymentDetailScreen
FN:18,(anonymous_1)
FN:33,(anonymous_2)
FNF:3
FNH:0
FNDA:0,DeploymentDetailScreen
FNDA:0,(anonymous_1)
FNDA:0,(anonymous_2)
DA:13,0
DA:14,0
DA:16,0
DA:18,0
DA:20,0
DA:21,0
DA:25,0
DA:26,0
DA:29,0
DA:30,0
DA:33,0
DA:39,0
LF:12
LH:0
BRDA:20,0,0,0
BRDA:20,0,1,0
BRDA:25,1,0,0
BRDA:25,1,1,0
BRDA:29,2,0,0
BRDA:29,2,1,0
BRF:6
BRH:0
end_of_record
TN:
SF:app/environment/[id].tsx
FN:26,(anonymous_0)
FN:41,(anonymous_1)
FN:56,(anonymous_2)
FN:69,EnvironmentDetailScreen
FN:82,(anonymous_4)
FN:87,(anonymous_5)
FN:93,(anonymous_6)
FN:95,(anonymous_7)
FN:96,(anonymous_8)
FN:97,(anonymous_9)
FN:98,(anonymous_10)
FN:102,(anonymous_11)
FN:103,(anonymous_12)
FN:127,(anonymous_13)
FN:140,(anonymous_14)
FN:237,(anonymous_15)
FNF:16
FNH:0
FNDA:0,(anonymous_0)
FNDA:0,(anonymous_1)
FNDA:0,(anonymous_2)
FNDA:0,EnvironmentDetailScreen
FNDA:0,(anonymous_4)
FNDA:0,(anonymous_5)
FNDA:0,(anonymous_6)
FNDA:0,(anonymous_7)
FNDA:0,(anonymous_8)
FNDA:0,(anonymous_9)
FNDA:0,(anonymous_10)
FNDA:0,(anonymous_11)
FNDA:0,(anonymous_12)
FNDA:0,(anonymous_13)
FNDA:0,(anonymous_14)
FNDA:0,(anonymous_15)
DA:26,0
DA:27,0
DA:29,0
DA:31,0
DA:33,0
DA:35,0
DA:37,0
DA:41,0
DA:42,0
DA:44,0
DA:46,0
DA:48,0
DA:50,0
DA:52,0
DA:56,0
DA:57,0
DA:59,0
DA:61,0
DA:63,0
DA:65,0
DA:70,0
DA:71,0
DA:73,0
DA:74,0
DA:79,0
DA:80,0
DA:82,0
DA:83,0
DA:84,0
DA:87,0
DA:88,0
DA:89,0
DA:93,0
DA:94,0
DA:95,0
DA:96,0
DA:97,0
DA:98,0
DA:102,0
DA:103,0
DA:128,0
DA:140,0
DA:142,0
DA:143,0
DA:146,0
DA:147,0
DA:156,0
DA:157,0
DA:165,0
DA:237,0
DA:244,0
LF:51
LH:0
BRDA:27,0,0,0
BRDA:27,0,1,0
BRDA:27,0,2,0
BRDA:27,0,3,0
BRDA:27,0,4,0
BRDA:42,1,0,0
BRDA:42,1,1,0
BRDA:42,1,2,0
BRDA:42,1,3,0
BRDA:42,1,4,0
BRDA:57,2,0,0
BRDA:57,2,1,0
BRDA:57,2,2,0
BRDA:57,2,3,0
BRDA:79,3,0,0
BRDA:79,3,1,0
BRDA:80,4,0,0
BRDA:80,4,1,0
BRDA:121,5,0,0
BRDA:121,5,1,0
BRDA:125,6,0,0
BRDA:125,6,1,0
BRDA:132,7,0,0
BRDA:132,7,1,0
BRDA:142,8,0,0
BRDA:142,8,1,0
BRDA:142,9,0,0
BRDA:142,9,1,0
BRDA:146,10,0,0
BRDA:146,10,1,0
BRDA:156,11,0,0
BRDA:156,11,1,0
BRDA:229,12,0,0
BRDA:229,12,1,0
BRF:34
BRH:0
end_of_record
TN:
SF:app/machine/[id].tsx
FN:27,(anonymous_0)
FN:42,(anonymous_1)
FN:57,(anonymous_2)
FN:72,(anonymous_3)
FN:95,MachineDetailScreen
FN:104,(anonymous_5)
FN:106,(anonymous_6)
FN:107,(anonymous_7)
FN:112,(anonymous_8)
FN:120,(anonymous_9)
FN:128,(anonymous_10)
FN:289,(anonymous_11)
FN:308,(anonymous_12)
FN:326,(anonymous_13)
FN:343,(anonymous_14)
FNF:15
FNH:0
FNDA:0,(anonymous_0)
FNDA:0,(anonymous_1)
FNDA:0,(anonymous_2)
FNDA:0,(anonymous_3)
FNDA:0,MachineDetailScreen
FNDA:0,(anonymous_5)
FNDA:0,(anonymous_6)
FNDA:0,(anonymous_7)
FNDA:0,(anonymous_8)
FNDA:0,(anonymous_9)
FNDA:0,(anonymous_10)
FNDA:0,(anonymous_11)
FNDA:0,(anonymous_12)
FNDA:0,(anonymous_13)
FNDA:0,(anonymous_14)
DA:27,0
DA:28,0
DA:30,0
DA:32,0
DA:34,0
DA:36,0
DA:38,0
DA:42,0
DA:43,0
DA:45,0
DA:47,0
DA:49,0
DA:51,0
DA:53,0
DA:57,0
DA:58,0
DA:60,0
DA:62,0
DA:64,0
DA:66,0
DA:68,0
DA:72,0
DA:73,0
DA:75,0
DA:77,0
DA:79,0
DA:81,0
DA:83,0
DA:85,0
DA:87,0
DA:89,0
DA:91,0
DA:96,0
DA:97,0
DA:99,0
DA:100,0
DA:101,0
DA:104,0
DA:105,0
DA:106,0
DA:107,0
DA:108,0
DA:112,0
DA:113,0
DA:121,0
DA:122,0
DA:123,0
DA:124,0
DA:128,0
DA:133,0
DA:134,0
DA:142,0
DA:143,0
DA:146,0
DA:147,0
DA:156,0
DA:157,0
DA:165,0
DA:290,0
DA:309,0
DA:327,0
DA:344,0
DA:357,0
LF:63
LH:0
BRDA:28,0,0,0
BRDA:28,0,1,0
BRDA:28,0,2,0
BRDA:28,0,3,0
BRDA:28,0,4,0
BRDA:43,1,0,0
BRDA:43,1,1,0
BRDA:43,1,2,0
BRDA:43,1,3,0
BRDA:43,1,4,0
BRDA:58,2,0,0
BRDA:58,2,1,0
BRDA:58,2,2,0
BRDA:58,2,3,0
BRDA:58,2,4,0
BRDA:73,3,0,0
BRDA:73,3,1,0
BRDA:73,3,2,0
BRDA:73,3,3,0
BRDA:73,3,4,0
BRDA:73,3,5,0
BRDA:73,3,6,0
BRDA:73,3,7,0
BRDA:73,3,8,0
BRDA:105,4,0,0
BRDA:105,4,1,0
BRDA:105,5,0,0
BRDA:105,5,1,0
BRDA:108,6,0,0
BRDA:108,6,1,0
BRDA:134,7,0,0
BRDA:134,7,1,0
BRDA:142,8,0,0
BRDA:142,8,1,0
BRDA:142,9,0,0
BRDA:142,9,1,0
BRDA:146,10,0,0
BRDA:146,10,1,0
BRDA:156,11,0,0
BRDA:156,11,1,0
BRDA:213,12,0,0
BRDA:213,12,1,0
BRDA:219,13,0,0
BRDA:219,13,1,0
BRDA:246,14,0,0
BRDA:246,14,1,0
BRDA:255,15,0,0
BRDA:255,15,1,0
BRDA:267,16,0,0
BRDA:267,16,1,0
BRDA:287,17,0,0
BRDA:287,17,1,0
BRDA:306,18,0,0
BRDA:306,18,1,0
BRDA:320,19,0,0
BRDA:320,19,1,0
BRDA:337,20,0,0
BRDA:337,20,1,0
BRF:58
BRH:0
end_of_record
TN:
SF:app/project/[id].tsx
FN:46,ProjectDetailScreen
FN:56,(anonymous_1)
FN:77,(anonymous_2)
FN:85,(anonymous_3)
FN:89,(anonymous_4)
FN:101,(anonymous_5)
FN:115,(anonymous_6)
FN:117,(anonymous_7)
FN:128,(anonymous_8)
FN:130,(anonymous_9)
FN:153,(anonymous_10)
FN:155,(anonymous_11)
FN:164,(anonymous_12)
FN:169,(anonymous_13)
FN:171,(anonymous_14)
FN:177,(anonymous_15)
FN:185,(anonymous_16)
FN:190,(anonymous_17)
FN:192,(anonymous_18)
FN:203,(anonymous_19)
FN:211,(anonymous_20)
FN:219,(anonymous_21)
FN:238,(anonymous_22)
FN:248,(anonymous_23)
FN:258,(anonymous_24)
FN:269,(anonymous_25)
FN:283,(anonymous_26)
FN:297,(anonymous_27)
FN:311,(anonymous_28)
FN:349,(anonymous_29)
FN:362,(anonymous_30)
FN:382,(anonymous_31)
FN:393,(anonymous_32)
FN:417,(anonymous_33)
FN:429,(anonymous_34)
FN:518,(anonymous_35)
FN:561,(anonymous_36)
FN:571,(anonymous_37)
FN:579,(anonymous_38)
FN:587,(anonymous_39)
FN:598,(anonymous_40)
FN:631,(anonymous_41)
FN:655,(anonymous_42)
FN:668,(anonymous_43)
FN:676,(anonymous_44)
FN:686,(anonymous_45)
FN:699,(anonymous_46)
FN:703,(anonymous_47)
FN:725,(anonymous_48)
FN:736,(anonymous_49)
FN:737,(anonymous_50)
FN:745,(anonymous_51)
FN:766,(anonymous_52)
FN:779,(anonymous_53)
FN:805,(anonymous_54)
FNF:55
FNH:0
FNDA:0,ProjectDetailScreen
FNDA:0,(anonymous_1)
FNDA:0,(anonymous_2)
FNDA:0,(anonymous_3)
FNDA:0,(anonymous_4)
FNDA:0,(anonymous_5)
FNDA:0,(anonymous_6)
FNDA:0,(anonymous_7)
FNDA:0,(anonymous_8)
FNDA:0,(anonymous_9)
FNDA:0,(anonymous_10)
FNDA:0,(anonymous_11)
FNDA:0,(anonymous_12)
FNDA:0,(anonymous_13)
FNDA:0,(anonymous_14)
FNDA:0,(anonymous_15)
FNDA:0,(anonymous_16)
FNDA:0,(anonymous_17)
FNDA:0,(anonymous_18)
FNDA:0,(anonymous_19)
FNDA:0,(anonymous_20)
FNDA:0,(anonymous_21)
FNDA:0,(anonymous_22)
FNDA:0,(anonymous_23)
FNDA:0,(anonymous_24)
FNDA:0,(anonymous_25)
FNDA:0,(anonymous_26)
FNDA:0,(anonymous_27)
FNDA:0,(anonymous_28)
FNDA:0,(anonymous_29)
FNDA:0,(anonymous_30)
FNDA:0,(anonymous_31)
FNDA:0,(anonymous_32)
FNDA:0,(anonymous_33)
FNDA:0,(anonymous_34)
FNDA:0,(anonymous_35)
FNDA:0,(anonymous_36)
FNDA:0,(anonymous_37)
FNDA:0,(anonymous_38)
FNDA:0,(anonymous_39)
FNDA:0,(anonymous_40)
FNDA:0,(anonymous_41)
FNDA:0,(anonymous_42)
FNDA:0,(anonymous_43)
FNDA:0,(anonymous_44)
FNDA:0,(anonymous_45)
FNDA:0,(anonymous_46)
FNDA:0,(anonymous_47)
FNDA:0,(anonymous_48)
FNDA:0,(anonymous_49)
FNDA:0,(anonymous_50)
FNDA:0,(anonymous_51)
FNDA:0,(anonymous_52)
FNDA:0,(anonymous_53)
FNDA:0,(anonymous_54)
DA:47,0
DA:48,0
DA:49,0
DA:50,0
DA:51,0
DA:52,0
DA:54,0
DA:56,0
DA:57,0
DA:58,0
DA:62,0
DA:63,0
DA:64,0
DA:65,0
DA:66,0
DA:67,0
DA:68,0
DA:69,0
DA:70,0
DA:72,0
DA:74,0
DA:77,0
DA:78,0
DA:80,0
DA:85,0
DA:86,0
DA:89,0
DA:90,0
DA:91,0
DA:93,0
DA:95,0
DA:96,0
DA:101,0
DA:102,0
DA:103,0
DA:104,0
DA:105,0
DA:106,0
DA:111,0
DA:115,0
DA:116,0
DA:117,0
DA:120,0
DA:121,0
DA:124,0
DA:128,0
DA:129,0
DA:130,0
DA:131,0
DA:132,0
DA:135,0
DA:140,0
DA:141,0
DA:147,0
DA:150,0
DA:153,0
DA:154,0
DA:155,0
DA:156,0
DA:157,0
DA:158,0
DA:164,0
DA:165,0
DA:166,0
DA:167,0
DA:168,0
DA:169,0
DA:170,0
DA:171,0
DA:172,0
DA:173,0
DA:176,0
DA:177,0
DA:178,0
DA:180,0
DA:181,0
DA:182,0
DA:183,0
DA:185,0
DA:186,0
DA:190,0
DA:191,0
DA:192,0
DA:193,0
DA:194,0
DA:195,0
DA:197,0
DA:199,0
DA:203,0
DA:204,0
DA:205,0
DA:206,0
DA:207,0
DA:208,0
DA:211,0
DA:212,0
DA:220,0
DA:221,0
DA:225,0
DA:226,0
DA:227,0
DA:229,0
DA:230,0
DA:238,0
DA:239,0
DA:240,0
DA:248,0
DA:249,0
DA:250,0
DA:251,0
DA:252,0
DA:253,0
DA:254,0
DA:258,0
DA:259,0
DA:260,0
DA:261,0
DA:262,0
DA:263,0
DA:264,0
DA:269,0
DA:270,0
DA:271,0
DA:272,0
DA:273,0
DA:274,0
DA:275,0
DA:276,0
DA:277,0
DA:279,0
DA:283,0
DA:284,0
DA:285,0
DA:286,0
DA:287,0
DA:288,0
DA:289,0
DA:290,0
DA:291,0
DA:293,0
DA:297,0
DA:298,0
DA:299,0
DA:300,0
DA:301,0
DA:302,0
DA:303,0
DA:304,0
DA:305,0
DA:307,0
DA:311,0
DA:312,0
DA:313,0
DA:314,0
DA:315,0
DA:316,0
DA:317,0
DA:318,0
DA:319,0
DA:321,0
DA:325,0
DA:326,0
DA:329,0
DA:330,0
DA:339,0
DA:340,0
DA:349,0
DA:360,0
DA:362,0
DA:382,0
DA:384,0
DA:386,0
DA:394,0
DA:395,0
DA:418,0
DA:419,0
DA:420,0
DA:423,0
DA:425,0
DA:430,0
DA:431,0
DA:432,0
DA:518,0
DA:519,0
DA:520,0
DA:530,0
DA:531,0
DA:543,0
DA:562,0
DA:572,0
DA:573,0
DA:575,0
DA:580,0
DA:581,0
DA:588,0
DA:589,0
DA:590,0
DA:592,0
DA:594,0
DA:599,0
DA:600,0
DA:601,0
DA:602,0
DA:603,0
DA:631,0
DA:655,0
DA:656,0
DA:657,0
DA:666,0
DA:669,0
DA:676,0
DA:686,0
DA:687,0
DA:688,0
DA:697,0
DA:700,0
DA:704,0
DA:705,0
DA:725,0
DA:726,0
DA:727,0
DA:736,0
DA:737,0
DA:738,0
DA:740,0
DA:743,0
DA:746,0
DA:766,0
DA:767,0
DA:768,0
DA:777,0
DA:780,0
DA:796,0
DA:806,0
DA:934,0
LF:235
LH:0
BRDA:74,0,0,0
BRDA:74,0,1,0
BRDA:78,1,0,0
BRDA:78,1,1,0
BRDA:90,2,0,0
BRDA:90,2,1,0
BRDA:95,3,0,0
BRDA:95,3,1,0
BRDA:95,4,0,0
BRDA:95,4,1,0
BRDA:103,5,0,0
BRDA:103,5,1,0
BRDA:105,6,0,0
BRDA:105,6,1,0
BRDA:120,7,0,0
BRDA:120,7,1,0
BRDA:120,8,0,0
BRDA:120,8,1,0
BRDA:131,9,0,0
BRDA:131,9,1,0
BRDA:143,10,0,0
BRDA:143,10,1,0
BRDA:154,11,0,0
BRDA:154,11,1,0
BRDA:154,12,0,0
BRDA:154,12,1,0
BRDA:165,13,0,0
BRDA:165,13,1,0
BRDA:168,14,0,0
BRDA:168,14,1,0
BRDA:173,15,0,0
BRDA:173,15,1,0
BRDA:182,16,0,0
BRDA:182,16,1,0
BRDA:194,17,0,0
BRDA:194,17,1,0
BRDA:249,18,0,0
BRDA:249,18,1,0
BRDA:249,18,2,0
BRDA:249,18,3,0
BRDA:249,18,4,0
BRDA:249,18,5,0
BRDA:249,18,6,0
BRDA:249,18,7,0
BRDA:259,19,0,0
BRDA:259,19,1,0
BRDA:259,19,2,0
BRDA:259,19,3,0
BRDA:259,19,4,0
BRDA:259,19,5,0
BRDA:259,19,6,0
BRDA:259,19,7,0
BRDA:270,20,0,0
BRDA:270,20,1,0
BRDA:270,20,2,0
BRDA:270,20,3,0
BRDA:270,20,4,0
BRDA:270,20,5,0
BRDA:270,20,6,0
BRDA:270,20,7,0
BRDA:270,20,8,0
BRDA:284,21,0,0
BRDA:284,21,1,0
BRDA:284,21,2,0
BRDA:284,21,3,0
BRDA:284,21,4,0
BRDA:284,21,5,0
BRDA:284,21,6,0
BRDA:284,21,7,0
BRDA:284,21,8,0
BRDA:298,22,0,0
BRDA:298,22,1,0
BRDA:298,22,2,0
BRDA:298,22,3,0
BRDA:298,22,4,0
BRDA:298,22,5,0
BRDA:298,22,6,0
BRDA:298,22,7,0
BRDA:298,22,8,0
BRDA:312,23,0,0
BRDA:312,23,1,0
BRDA:312,23,2,0
BRDA:312,23,3,0
BRDA:312,23,4,0
BRDA:312,23,5,0
BRDA:312,23,6,0
BRDA:312,23,7,0
BRDA:312,23,8,0
BRDA:325,24,0,0
BRDA:325,24,1,0
BRDA:325,25,0,0
BRDA:325,25,1,0
BRDA:329,26,0,0
BRDA:329,26,1,0
BRDA:339,27,0,0
BRDA:339,27,1,0
BRDA:367,28,0,0
BRDA:367,28,1,0
BRDA:374,29,0,0
BRDA:374,29,1,0
BRDA:384,30,0,0
BRDA:384,30,1,0
BRDA:390,31,0,0
BRDA:390,31,1,0
BRDA:401,32,0,0
BRDA:401,32,1,0
BRDA:405,33,0,0
BRDA:405,33,1,0
BRDA:420,34,0,0
BRDA:420,34,1,0
BRDA:423,35,0,0
BRDA:423,35,1,0
BRDA:430,36,0,0
BRDA:430,36,1,0
BRDA:437,37,0,0
BRDA:437,37,1,0
BRDA:439,38,0,0
BRDA:439,38,1,0
BRDA:439,39,0,0
BRDA:439,39,1,0
BRDA:468,40,0,0
BRDA:468,40,1,0
BRDA:470,41,0,0
BRDA:470,41,1,0
BRDA:481,42,0,0
BRDA:481,42,1,0
BRDA:481,43,0,0
BRDA:481,43,1,0
BRDA:486,44,0,0
BRDA:486,44,1,0
BRDA:486,45,0,0
BRDA:486,45,1,0
BRDA:488,46,0,0
BRDA:488,46,1,0
BRDA:495,47,0,0
BRDA:495,47,1,0
BRDA:495,47,2,0
BRDA:519,48,0,0
BRDA:519,48,1,0
BRDA:519,49,0,0
BRDA:519,49,1,0
BRDA:524,50,0,0
BRDA:524,50,1,0
BRDA:530,51,0,0
BRDA:530,51,1,0
BRDA:578,52,0,0
BRDA:578,52,1,0
BRDA:581,53,0,0
BRDA:581,53,1,0
BRDA:592,54,0,0
BRDA:592,54,1,0
BRDA:599,55,0,0
BRDA:599,55,1,0
BRDA:602,56,0,0
BRDA:602,56,1,0
BRDA:607,57,0,0
BRDA:607,57,1,0
BRDA:614,58,0,0
BRDA:614,58,1,0
BRDA:615,59,0,0
BRDA:615,59,1,0
BRDA:615,60,0,0
BRDA:615,60,1,0
BRDA:616,61,0,0
BRDA:616,61,1,0
BRDA:628,62,0,0
BRDA:628,62,1,0
BRDA:656,63,0,0
BRDA:656,63,1,0
BRDA:687,64,0,0
BRDA:687,64,1,0
BRDA:711,65,0,0
BRDA:711,65,1,0
BRDA:726,66,0,0
BRDA:726,66,1,0
BRDA:737,67,0,0
BRDA:737,67,1,0
BRDA:749,68,0,0
BRDA:749,68,1,0
BRDA:754,69,0,0
BRDA:754,69,1,0
BRDA:754,70,0,0
BRDA:754,70,1,0
BRDA:758,71,0,0
BRDA:758,71,1,0
BRDA:767,72,0,0
BRDA:767,72,1,0
BRDA:784,73,0,0
BRDA:784,73,1,0
BRDA:808,74,0,0
BRDA:808,74,1,0
BRDA:810,75,0,0
BRDA:810,75,1,0
BRDA:833,76,0,0
BRDA:833,76,1,0
BRDA:837,77,0,0
BRDA:837,77,1,0
BRDA:845,78,0,0
BRDA:845,78,1,0
BRDA:849,79,0,0
BRDA:849,79,1,0
BRDA:851,80,0,0
BRDA:851,80,1,0
BRDA:860,81,0,0
BRDA:860,81,1,0
BRDA:876,82,0,0
BRDA:876,82,1,0
BRDA:891,83,0,0
BRDA:891,83,1,0
BRDA:906,84,0,0
BRDA:906,84,1,0
BRDA:922,85,0,0
BRDA:922,85,1,0
BRF:213
BRH:0
end_of_record
TN:
SF:app/runbook/[id].tsx
FN:40,RunbookDetailScreen
FN:62,(anonymous_1)
FN:68,(anonymous_2)
FN:75,(anonymous_3)
FN:77,(anonymous_4)
FN:80,(anonymous_5)
FN:85,(anonymous_6)
FN:96,(anonymous_7)
FN:117,(anonymous_8)
FN:129,(anonymous_9)
FN:140,(anonymous_10)
FN:141,(anonymous_11)
FN:249,(anonymous_12)
FN:266,(anonymous_13)
FN:270,(anonymous_14)
FN:300,(anonymous_15)
FN:306,(anonymous_16)
FN:313,(anonymous_17)
FN:320,(anonymous_18)
FN:354,(anonymous_19)
FNF:20
FNH:0
FNDA:0,RunbookDetailScreen
FNDA:0,(anonymous_1)
FNDA:0,(anonymous_2)
FNDA:0,(anonymous_3)
FNDA:0,(anonymous_4)
FNDA:0,(anonymous_5)
FNDA:0,(anonymous_6)
FNDA:0,(anonymous_7)
FNDA:0,(anonymous_8)
FNDA:0,(anonymous_9)
FNDA:0,(anonymous_10)
FNDA:0,(anonymous_11)
FNDA:0,(anonymous_12)
FNDA:0,(anonymous_13)
FNDA:0,(anonymous_14)
FNDA:0,(anonymous_15)
FNDA:0,(anonymous_16)
FNDA:0,(anonymous_17)
FNDA:0,(anonymous_18)
FNDA:0,(anonymous_19)
DA:41,0
DA:42,0
DA:44,0
DA:45,0
DA:46,0
DA:47,0
DA:49,0
DA:50,0
DA:51,0
DA:52,0
DA:53,0
DA:55,0
DA:57,0
DA:58,0
DA:59,0
DA:62,0
DA:63,0
DA:65,0
DA:66,0
DA:67,0
DA:68,0
DA:71,0
DA:75,0
DA:76,0
DA:77,0
DA:80,0
DA:81,0
DA:82,0
DA:85,0
DA:86,0
DA:87,0
DA:88,0
DA:90,0
DA:91,0
DA:92,0
DA:93,0
DA:96,0
DA:97,0
DA:98,0
DA:99,0
DA:102,0
DA:103,0
DA:110,0
DA:111,0
DA:113,0
DA:117,0
DA:122,0
DA:124,0
DA:125,0
DA:129,0
DA:130,0
DA:131,0
DA:132,0
DA:134,0
DA:135,0
DA:136,0
DA:137,0
DA:140,0
DA:141,0
DA:144,0
DA:145,0
DA:148,0
DA:149,0
DA:158,0
DA:159,0
DA:167,0
DA:250,0
DA:267,0
DA:271,0
DA:272,0
DA:300,0
DA:306,0
DA:314,0
DA:321,0
DA:322,0
DA:354,0
DA:375,0
LF:77
LH:0
BRDA:50,0,0,0
BRDA:50,0,1,0
BRDA:57,1,0,0
BRDA:57,1,1,0
BRDA:58,2,0,0
BRDA:58,2,1,0
BRDA:59,3,0,0
BRDA:59,3,1,0
BRDA:59,3,2,0
BRDA:63,4,0,0
BRDA:63,4,1,0
BRDA:63,5,0,0
BRDA:63,5,1,0
BRDA:65,6,0,0
BRDA:65,6,1,0
BRDA:67,7,0,0
BRDA:67,7,1,0
BRDA:67,8,0,0
BRDA:67,8,1,0
BRDA:76,9,0,0
BRDA:76,9,1,0
BRDA:76,10,0,0
BRDA:76,10,1,0
BRDA:77,11,0,0
BRDA:77,11,1,0
BRDA:86,12,0,0
BRDA:86,12,1,0
BRDA:97,13,0,0
BRDA:97,13,1,0
BRDA:97,14,0,0
BRDA:97,14,1,0
BRDA:97,14,2,0
BRDA:107,15,0,0
BRDA:107,15,1,0
BRDA:125,16,0,0
BRDA:125,16,1,0
BRDA:134,17,0,0
BRDA:134,17,1,0
BRDA:135,18,0,0
BRDA:135,18,1,0
BRDA:136,19,0,0
BRDA:136,19,1,0
BRDA:141,20,0,0
BRDA:141,20,1,0
BRDA:144,21,0,0
BRDA:144,21,1,0
BRDA:144,22,0,0
BRDA:144,22,1,0
BRDA:148,23,0,0
BRDA:148,23,1,0
BRDA:158,24,0,0
BRDA:158,24,1,0
BRDA:199,25,0,0
BRDA:199,25,1,0
BRDA:203,26,0,0
BRDA:203,26,1,0
BRDA:234,27,0,0
BRDA:234,27,1,0
BRDA:247,28,0,0
BRDA:247,28,1,0
BRDA:264,29,0,0
BRDA:264,29,1,0
BRDA:318,30,0,0
BRDA:318,30,1,0
BRDA:326,31,0,0
BRDA:326,31,1,0
BRDA:328,32,0,0
BRDA:328,32,1,0
BRDA:332,33,0,0
BRDA:332,33,1,0
BRF:70
BRH:0
end_of_record
TN:
SF:app/task/[id].tsx
FN:40,(anonymous_0)
FN:57,(anonymous_1)
FN:79,(anonymous_2)
FN:89,(anonymous_3)
FN:112,(anonymous_4)
FN:124,(anonymous_5)
FN:141,(anonymous_6)
FN:150,(anonymous_7)
FN:185,(anonymous_8)
FN:209,(anonymous_9)
FN:234,(anonymous_10)
FN:238,(anonymous_11)
FN:256,TaskDetailScreen
FN:263,(anonymous_13)
FN:287,(anonymous_14)
FN:289,(anonymous_15)
FN:295,(anonymous_16)
FN:309,(anonymous_17)
FN:314,(anonymous_18)
FN:323,(anonymous_19)
FN:337,(anonymous_20)
FN:353,(anonymous_21)
FN:458,(anonymous_22)
FN:462,(anonymous_23)
FN:463,(anonymous_24)
FN:512,(anonymous_25)
FN:523,(anonymous_26)
FN:538,(anonymous_27)
FN:556,(anonymous_28)
FNF:29
FNH:0
FNDA:0,(anonymous_0)
FNDA:0,(anonymous_1)
FNDA:0,(anonymous_2)
FNDA:0,(anonymous_3)
FNDA:0,(anonymous_4)
FNDA:0,(anonymous_5)
FNDA:0,(anonymous_6)
FNDA:0,(anonymous_7)
FNDA:0,(anonymous_8)
FNDA:0,(anonymous_9)
FNDA:0,(anonymous_10)
FNDA:0,(anonymous_11)
FNDA:0,TaskDetailScreen
FNDA:0,(anonymous_13)
FNDA:0,(anonymous_14)
FNDA:0,(anonymous_15)
FNDA:0,(anonymous_16)
FNDA:0,(anonymous_17)
FNDA:0,(anonymous_18)
FNDA:0,(anonymous_19)
FNDA:0,(anonymous_20)
FNDA:0,(anonymous_21)
FNDA:0,(anonymous_22)
FNDA:0,(anonymous_23)
FNDA:0,(anonymous_24)
FNDA:0,(anonymous_25)
FNDA:0,(anonymous_26)
FNDA:0,(anonymous_27)
FNDA:0,(anonymous_28)
DA:40,0
DA:41,0
DA:44,0
DA:46,0
DA:48,0
DA:51,0
DA:53,0
DA:57,0
DA:58,0
DA:60,0
DA:62,0
DA:64,0
DA:66,0
DA:68,0
DA:70,0
DA:79,0
DA:80,0
DA:82,0
DA:83,0
DA:85,0
DA:90,0
DA:91,0
DA:92,0
DA:113,0
DA:125,0
DA:141,0
DA:147,0
DA:148,0
DA:150,0
DA:152,0
DA:154,0
DA:155,0
DA:159,0
DA:160,0
DA:161,0
DA:162,0
DA:163,0
DA:165,0
DA:166,0
DA:169,0
DA:172,0
DA:174,0
DA:186,0
DA:209,0
DA:235,0
DA:239,0
DA:240,0
DA:257,0
DA:258,0
DA:259,0
DA:260,0
DA:261,0
DA:263,0
DA:265,0
DA:271,0
DA:277,0
DA:282,0
DA:283,0
DA:284,0
DA:287,0
DA:288,0
DA:289,0
DA:290,0
DA:295,0
DA:296,0
DA:297,0
DA:298,0
DA:299,0
DA:300,0
DA:302,0
DA:303,0
DA:304,0
DA:306,0
DA:309,0
DA:310,0
DA:311,0
DA:314,0
DA:315,0
DA:324,0
DA:325,0
DA:326,0
DA:328,0
DA:329,0
DA:337,0
DA:342,0
DA:343,0
DA:344,0
DA:345,0
DA:346,0
DA:348,0
DA:349,0
DA:353,0
DA:354,0
DA:355,0
DA:356,0
DA:357,0
DA:359,0
DA:360,0
DA:364,0
DA:365,0
DA:368,0
DA:369,0
DA:378,0
DA:379,0
DA:387,0
DA:388,0
DA:390,0
DA:459,0
DA:462,0
DA:463,0
DA:513,0
DA:514,0
DA:524,0
DA:525,0
DA:539,0
DA:556,0
DA:599,0
LF:117
LH:0
BRDA:41,0,0,0
BRDA:41,0,1,0
BRDA:41,0,2,0
BRDA:41,0,3,0
BRDA:41,0,4,0
BRDA:41,0,5,0
BRDA:41,0,6,0
BRDA:58,1,0,0
BRDA:58,1,1,0
BRDA:58,1,2,0
BRDA:58,1,3,0
BRDA:58,1,4,0
BRDA:58,1,5,0
BRDA:79,2,0,0
BRDA:82,3,0,0
BRDA:82,3,1,0
BRDA:83,4,0,0
BRDA:83,4,1,0
BRDA:90,5,0,0
BRDA:90,5,1,0
BRDA:90,6,0,0
BRDA:90,6,1,0
BRDA:102,7,0,0
BRDA:102,7,1,0
BRDA:105,8,0,0
BRDA:105,8,1,0
BRDA:105,8,2,0
BRDA:106,9,0,0
BRDA:106,9,1,0
BRDA:110,10,0,0
BRDA:110,10,1,0
BRDA:110,10,2,0
BRDA:122,11,0,0
BRDA:122,11,1,0
BRDA:122,11,2,0
BRDA:154,12,0,0
BRDA:154,12,1,0
BRDA:154,13,0,0
BRDA:154,13,1,0
BRDA:159,14,0,0
BRDA:159,14,1,0
BRDA:182,15,0,0
BRDA:182,15,1,0
BRDA:187,16,0,0
BRDA:187,16,1,0
BRDA:195,17,0,0
BRDA:195,17,1,0
BRDA:195,17,2,0
BRDA:205,18,0,0
BRDA:205,18,1,0
BRDA:212,19,0,0
BRDA:212,19,1,0
BRDA:215,20,0,0
BRDA:215,20,1,0
BRDA:221,21,0,0
BRDA:221,21,1,0
BRDA:240,22,0,0
BRDA:240,22,1,0
BRDA:263,23,0,0
BRDA:263,23,1,0
BRDA:272,24,0,0
BRDA:272,24,1,0
BRDA:273,25,0,0
BRDA:273,25,1,0
BRDA:278,26,0,0
BRDA:278,26,1,0
BRDA:288,27,0,0
BRDA:288,27,1,0
BRDA:288,28,0,0
BRDA:288,28,1,0
BRDA:288,28,2,0
BRDA:297,29,0,0
BRDA:297,29,1,0
BRDA:302,30,0,0
BRDA:302,30,1,0
BRDA:303,31,0,0
BRDA:303,31,1,0
BRDA:310,32,0,0
BRDA:310,32,1,0
BRDA:364,33,0,0
BRDA:364,33,1,0
BRDA:364,34,0,0
BRDA:364,34,1,0
BRDA:368,35,0,0
BRDA:368,35,1,0
BRDA:378,36,0,0
BRDA:378,36,1,0
BRDA:387,37,0,0
BRDA:387,37,1,0
BRDA:419,38,0,0
BRDA:419,38,1,0
BRDA:419,38,2,0
BRDA:438,39,0,0
BRDA:438,39,1,0
BRDA:444,40,0,0
BRDA:444,40,1,0
BRDA:456,41,0,0
BRDA:456,41,1,0
BRDA:456,41,2,0
BRDA:464,42,0,0
BRDA:464,42,1,0
BRDA:486,43,0,0
BRDA:486,43,1,0
BRDA:495,44,0,0
BRDA:495,44,1,0
BRDA:511,45,0,0
BRDA:511,45,1,0
BRDA:517,46,0,0
BRDA:517,46,1,0
BRDA:522,47,0,0
BRDA:522,47,1,0
BRDA:528,48,0,0
BRDA:528,48,1,0
BRDA:536,49,0,0
BRDA:536,49,1,0
BRDA:536,49,2,0
BRDA:536,49,3,0
BRDA:545,50,0,0
BRDA:545,50,1,0
BRDA:548,51,0,0
BRDA:548,51,1,0
BRDA:559,52,0,0
BRDA:559,52,1,0
BRDA:561,53,0,0
BRDA:561,53,1,0
BRDA:563,54,0,0
BRDA:563,54,1,0
BRDA:569,55,0,0
BRDA:569,55,1,0
BRDA:569,56,0,0
BRDA:569,56,1,0
BRDA:580,57,0,0
BRDA:580,57,1,0
BRDA:587,58,0,0
BRDA:587,58,1,0
BRDA:587,58,2,0
BRDA:587,58,3,0
BRF:137
BRH:0
end_of_record
TN:
SF:src/components/SpaceSelector.tsx
FN:28,(anonymous_0)
FN:38,(anonymous_1)
FN:50,(anonymous_2)
FN:55,(anonymous_3)
FN:60,(anonymous_4)
FN:71,(anonymous_5)
FN:87,(anonymous_6)
FN:91,(anonymous_7)
FN:93,(anonymous_8)
FN:97,(anonymous_9)
FN:112,(anonymous_10)
FN:113,(anonymous_11)
FN:117,(anonymous_12)
FN:122,(anonymous_13)
FNF:14
FNH:0
FNDA:0,(anonymous_0)
FNDA:0,(anonymous_1)
FNDA:0,(anonymous_2)
FNDA:0,(anonymous_3)
FNDA:0,(anonymous_4)
FNDA:0,(anonymous_5)
FNDA:0,(anonymous_6)
FNDA:0,(anonymous_7)
FNDA:0,(anonymous_8)
FNDA:0,(anonymous_9)
FNDA:0,(anonymous_10)
FNDA:0,(anonymous_11)
FNDA:0,(anonymous_12)
FNDA:0,(anonymous_13)
DA:25,0
DA:28,0
DA:29,0
DA:38,0
DA:39,0
DA:40,0
DA:41,0
DA:43,0
DA:50,0
DA:51,0
DA:52,0
DA:53,0
DA:55,0
DA:56,0
DA:57,0
DA:60,0
DA:61,0
DA:62,0
DA:63,0
DA:66,0
DA:68,0
DA:71,0
DA:87,0
DA:91,0
DA:93,0
DA:97,0
DA:112,0
DA:114,0
DA:115,0
DA:117,0
DA:122,0
DA:165,0
LF:32
LH:0
BRDA:29,0,0,0
BRDA:29,0,1,0
BRDA:38,1,0,0
BRDA:39,2,0,0
BRDA:39,2,1,0
BRDA:40,3,0,0
BRDA:40,3,1,0
BRDA:40,4,0,0
BRDA:40,4,1,0
BRDA:41,5,0,0
BRDA:41,5,1,0
BRDA:41,6,0,0
BRDA:41,6,1,0
BRDA:66,7,0,0
BRDA:66,7,1,0
BRDA:73,8,0,0
BRDA:73,8,1,0
BRDA:104,9,0,0
BRDA:104,9,1,0
BRDA:119,10,0,0
BRDA:119,10,1,0
BRDA:120,11,0,0
BRDA:120,11,1,0
BRDA:128,12,0,0
BRDA:128,12,1,0
BRDA:134,13,0,0
BRDA:134,13,1,0
BRDA:142,14,0,0
BRDA:142,14,1,0
BRF:29
BRH:0
end_of_record
TN:
SF:src/components/ui/Button.tsx
FN:31,(anonymous_0)
FN:42,(anonymous_1)
FN:70,(anonymous_2)
FNF:3
FNH:3
FNDA:16,(anonymous_0)
FNDA:2,(anonymous_1)
FNDA:16,(anonymous_2)
DA:31,1
DA:42,16
DA:43,2
DA:44,2
DA:45,2
DA:49,16
DA:58,16
DA:66,16
DA:70,16
DA:87,1
LF:10
LH:10
BRDA:34,0,0,12
BRDA:35,1,0,13
BRDA:36,2,0,14
BRDA:37,3,0,15
BRDA:40,4,0,15
BRDA:43,5,0,2
BRDA:43,5,1,0
BRDA:43,6,0,2
BRDA:43,6,1,2
BRDA:53,7,0,16
BRDA:53,7,1,1
BRDA:54,8,0,16
BRDA:54,8,1,15
BRDA:54,8,2,3
BRDA:62,9,0,16
BRDA:62,9,1,15
BRDA:62,9,2,3
BRDA:69,10,0,16
BRDA:69,10,1,15
BRDA:72,11,0,16
BRDA:72,11,1,0
BRDA:72,11,2,0
BRDA:75,12,0,2
BRDA:75,12,1,14
BRDA:77,13,0,2
BRDA:77,13,1,0
BRF:26
BRH:22
end_of_record
TN:
SF:src/components/ui/Card.tsx
FN:19,(anonymous_0)
FN:25,(anonymous_1)
FN:42,(anonymous_2)
FNF:3
FNH:3
FNDA:9,(anonymous_0)
FNDA:2,(anonymous_1)
FNDA:2,(anonymous_2)
DA:19,1
DA:25,9
DA:26,2
DA:27,2
DA:28,2
DA:32,9
DA:38,9
DA:39,2
DA:42,2
DA:52,7
DA:55,1
LF:11
LH:11
BRDA:23,0,0,7
BRDA:26,1,0,2
BRDA:26,1,1,0
BRDA:34,2,0,9
BRDA:34,2,1,1
BRDA:38,3,0,2
BRDA:38,3,1,7
BRDA:44,4,0,2
BRDA:44,4,1,0
BRF:9
BRH:7
end_of_record
TN:
SF:src/components/ui/EmptyState.tsx
FN:17,(anonymous_0)
FNF:1
FNH:0
FNDA:0,(anonymous_0)
DA:17,0
DA:22,0
DA:31,0
LF:3
LH:0
BRDA:18,0,0,0
BRDA:26,1,0,0
BRDA:26,1,1,0
BRF:3
BRH:0
end_of_record
TN:
SF:src/components/ui/ErrorView.tsx
FN:19,(anonymous_0)
FNF:1
FNH:0
FNDA:0,(anonymous_0)
DA:19,0
DA:26,0
DA:41,0
DA:42,0
DA:49,0
DA:56,0
LF:6
LH:0
BRDA:20,0,0,0
BRDA:23,1,0,0
BRDA:30,2,0,0
BRDA:30,2,1,0
BRDA:41,3,0,0
BRDA:41,3,1,0
BRF:6
BRH:0
end_of_record
TN:
SF:src/components/ui/Input.tsx
FN:27,(anonymous_0)
FN:53,(anonymous_1)
FN:54,(anonymous_2)
FN:62,(anonymous_3)
FNF:4
FNH:0
FNDA:0,(anonymous_0)
FNDA:0,(anonymous_1)
FNDA:0,(anonymous_2)
FNDA:0,(anonymous_3)
DA:27,0
DA:36,0
DA:37,0
DA:39,0
DA:53,0
DA:54,0
DA:62,0
DA:78,0
LF:8
LH:0
BRDA:32,0,0,0
BRDA:41,1,0,0
BRDA:41,1,1,0
BRDA:45,2,0,0
BRDA:45,2,1,0
BRDA:46,3,0,0
BRDA:46,3,1,0
BRDA:60,4,0,0
BRDA:60,4,1,0
BRDA:60,4,2,0
BRDA:66,5,0,0
BRDA:66,5,1,0
BRDA:72,6,0,0
BRDA:72,6,1,0
BRDA:73,7,0,0
BRDA:73,7,1,0
BRDA:73,7,2,0
BRF:17
BRH:0
end_of_record
TN:
SF:src/components/ui/LoadingScreen.tsx
FN:15,(anonymous_0)
FN:21,(anonymous_1)
FN:61,(anonymous_2)
FNF:3
FNH:0
FNDA:0,(anonymous_0)
FNDA:0,(anonymous_1)
FNDA:0,(anonymous_2)
DA:15,0
DA:18,0
DA:19,0
DA:21,0
DA:23,0
DA:41,0
DA:58,0
DA:59,0
DA:61,0
DA:62,0
DA:63,0
DA:67,0
DA:98,0
LF:13
LH:0
BRDA:16,0,0,0
BRF:1
BRH:0
end_of_record
TN:
SF:src/components/ui/StatusBadge.tsx
FN:18,(anonymous_0)
FN:37,(anonymous_1)
FN:56,(anonymous_2)
FNF:3
FNH:3
FNDA:26,(anonymous_0)
FNDA:26,(anonymous_1)
FNDA:26,(anonymous_2)
DA:18,1
DA:19,26
DA:21,8
DA:24,5
DA:26,3
DA:28,3
DA:31,5
DA:33,2
DA:37,1
DA:38,26
DA:40,8
DA:43,5
DA:45,3
DA:47,3
DA:50,5
DA:52,2
DA:56,1
DA:61,26
DA:62,26
DA:64,26
DA:70,26
DA:93,1
LF:22
LH:22
BRDA:19,0,0,8
BRDA:19,0,1,3
BRDA:19,0,2,5
BRDA:19,0,3,3
BRDA:19,0,4,3
BRDA:19,0,5,3
BRDA:19,0,6,5
BRDA:19,0,7,2
BRDA:38,1,0,8
BRDA:38,1,1,3
BRDA:38,1,2,5
BRDA:38,1,3,3
BRDA:38,1,4,3
BRDA:38,1,5,3
BRDA:38,1,6,5
BRDA:38,1,7,2
BRDA:58,2,0,23
BRDA:59,3,0,20
BRDA:81,4,0,26
BRDA:81,4,1,25
BRF:20
BRH:20
end_of_record
TN:
SF:src/context/AuthContext.tsx
FN:44,(anonymous_0)
FN:58,(anonymous_1)
FN:62,(anonymous_2)
FN:67,(anonymous_3)
FN:81,(anonymous_4)
FN:85,(anonymous_5)
FN:134,(anonymous_6)
FN:139,(anonymous_7)
FN:146,(anonymous_8)
FN:163,(anonymous_9)
FN:165,(anonymous_10)
FN:204,(anonymous_11)
FN:215,(anonymous_12)
FN:216,(anonymous_13)
FN:236,(anonymous_14)
FN:243,(anonymous_15)
FN:245,(anonymous_16)
FN:257,(anonymous_17)
FN:260,(anonymous_18)
FN:275,(anonymous_19)
FN:276,(anonymous_20)
FN:295,(anonymous_21)
FNF:22
FNH:19
FNDA:29,(anonymous_0)
FNDA:12,(anonymous_1)
FNDA:12,(anonymous_2)
FNDA:6,(anonymous_3)
FNDA:1,(anonymous_4)
FNDA:1,(anonymous_5)
FNDA:3,(anonymous_6)
FNDA:3,(anonymous_7)
FNDA:1,(anonymous_8)
FNDA:1,(anonymous_9)
FNDA:0,(anonymous_10)
FNDA:1,(anonymous_11)
FNDA:1,(anonymous_12)
FNDA:1,(anonymous_13)
FNDA:1,(anonymous_14)
FNDA:2,(anonymous_15)
FNDA:1,(anonymous_16)
FNDA:0,(anonymous_17)
FNDA:0,(anonymous_18)
FNDA:1,(anonymous_19)
FNDA:1,(anonymous_20)
FNDA:31,(anonymous_21)
DA:38,1
DA:44,1
DA:45,29
DA:46,29
DA:58,29
DA:59,12
DA:62,29
DA:63,12
DA:64,12
DA:66,12
DA:67,6
DA:68,6
DA:72,6
DA:73,6
DA:76,6
DA:77,6
DA:78,6
DA:79,6
DA:80,1
DA:81,1
DA:84,5
DA:85,5
DA:88,0
DA:92,6
DA:93,6
DA:94,6
DA:95,6
DA:97,6
DA:100,0
DA:103,6
DA:114,0
DA:117,0
DA:118,0
DA:121,0
DA:134,29
DA:139,3
DA:141,3
DA:143,3
DA:145,3
DA:146,1
DA:151,1
DA:155,2
DA:156,1
DA:159,1
DA:160,1
DA:161,1
DA:162,1
DA:163,1
DA:165,0
DA:168,0
DA:172,1
DA:173,1
DA:174,1
DA:175,1
DA:176,1
DA:179,0
DA:182,1
DA:193,1
DA:196,1
DA:198,1
DA:204,1
DA:211,1
DA:215,29
DA:216,1
DA:218,1
DA:219,1
DA:221,0
DA:224,1
DA:236,29
DA:237,1
DA:239,1
DA:242,1
DA:243,2
DA:245,1
DA:251,1
DA:253,0
DA:257,29
DA:258,0
DA:259,0
DA:260,0
DA:267,0
DA:269,0
DA:270,0
DA:275,29
DA:276,1
DA:279,29
DA:295,1
DA:296,31
DA:298,31
DA:299,2
DA:302,29
LF:91
LH:74
BRDA:66,0,0,6
BRDA:66,0,1,6
BRDA:79,1,0,1
BRDA:79,1,1,5
BRDA:81,2,0,1
BRDA:81,2,1,0
BRDA:85,3,0,5
BRDA:85,3,1,4
BRDA:85,3,2,4
BRDA:97,4,0,6
BRDA:97,4,1,4
BRDA:117,5,0,0
BRDA:117,5,1,0
BRDA:117,6,0,0
BRDA:117,6,1,0
BRDA:129,7,0,0
BRDA:129,7,1,0
BRDA:145,8,0,1
BRDA:145,8,1,2
BRDA:149,9,0,1
BRDA:149,9,1,0
BRDA:162,10,0,1
BRDA:162,10,1,0
BRDA:163,11,0,1
BRDA:163,11,1,0
BRDA:165,12,0,0
BRDA:165,12,1,0
BRDA:165,12,2,0
BRDA:176,13,0,1
BRDA:176,13,1,1
BRDA:198,14,0,0
BRDA:198,14,1,1
BRDA:200,15,0,1
BRDA:200,15,1,0
BRDA:243,16,0,1
BRDA:243,16,1,0
BRDA:269,17,0,0
BRDA:269,17,1,0
BRDA:269,18,0,0
BRDA:269,18,1,0
BRDA:298,19,0,2
BRDA:298,19,1,29
BRF:42
BRH:22
end_of_record
TN:
SF:src/context/FavoritesContext.tsx
FN:26,(anonymous_0)
FN:31,(anonymous_1)
FN:35,(anonymous_2)
FN:48,(anonymous_3)
FN:58,(anonymous_4)
FN:62,(anonymous_5)
FN:64,(anonymous_6)
FN:69,(anonymous_7)
FN:75,(anonymous_8)
FN:77,(anonymous_9)
FN:97,(anonymous_10)
FNF:11
FNH:11
FNDA:40,(anonymous_0)
FNDA:16,(anonymous_1)
FNDA:16,(anonymous_2)
FNDA:10,(anonymous_3)
FNDA:5,(anonymous_4)
FNDA:2,(anonymous_5)
FNDA:2,(anonymous_6)
FNDA:7,(anonymous_7)
FNDA:3,(anonymous_8)
FNDA:4,(anonymous_9)
FNDA:42,(anonymous_10)
DA:9,1
DA:20,1
DA:26,1
DA:27,40
DA:28,40
DA:31,40
DA:32,16
DA:35,40
DA:36,16
DA:37,16
DA:38,15
DA:39,8
DA:42,1
DA:44,16
DA:48,40
DA:49,10
DA:50,10
DA:51,9
DA:53,1
DA:54,1
DA:58,40
DA:59,5
DA:62,40
DA:63,2
DA:64,2
DA:66,2
DA:69,40
DA:70,7
DA:71,6
DA:75,40
DA:76,3
DA:77,4
DA:81,40
DA:97,1
DA:98,42
DA:99,42
DA:100,2
DA:102,40
LF:38
LH:38
BRDA:38,0,0,8
BRDA:38,0,1,7
BRDA:63,1,0,1
BRDA:63,1,1,1
BRDA:70,2,0,6
BRDA:70,2,1,1
BRDA:76,3,0,2
BRDA:76,3,1,1
BRDA:99,4,0,2
BRDA:99,4,1,40
BRF:10
BRH:10
end_of_record
TN:
SF:src/hooks/useOctopusQuery.ts
FN:78,(anonymous_0)
FN:81,(anonymous_1)
FN:82,(anonymous_2)
FN:85,(anonymous_3)
FN:86,(anonymous_4)
FN:88,(anonymous_5)
FN:89,(anonymous_6)
FN:90,(anonymous_7)
FN:91,(anonymous_8)
FN:92,(anonymous_9)
FN:95,(anonymous_10)
FN:96,(anonymous_11)
FN:99,(anonymous_12)
FN:100,(anonymous_13)
FN:102,(anonymous_14)
FN:103,(anonymous_15)
FN:106,(anonymous_16)
FN:107,(anonymous_17)
FN:109,(anonymous_18)
FN:112,(anonymous_19)
FN:113,(anonymous_20)
FN:114,(anonymous_21)
FN:115,(anonymous_22)
FN:116,(anonymous_23)
FN:117,(anonymous_24)
FN:120,(anonymous_25)
FN:121,(anonymous_26)
FN:123,(anonymous_27)
FN:126,(anonymous_28)
FN:127,(anonymous_29)
FN:130,(anonymous_30)
FN:131,(anonymous_31)
FN:132,(anonymous_32)
FN:133,(anonymous_33)
FN:134,(anonymous_34)
FN:137,(anonymous_35)
FN:138,(anonymous_36)
FN:140,(anonymous_37)
FN:143,(anonymous_38)
FN:144,(anonymous_39)
FN:146,(anonymous_40)
FN:154,(anonymous_41)
FN:160,(anonymous_42)
FN:171,(anonymous_43)
FN:179,(anonymous_44)
FN:182,(anonymous_45)
FN:192,(anonymous_46)
FN:195,(anonymous_47)
FN:200,(anonymous_48)
FN:203,(anonymous_49)
FN:213,(anonymous_50)
FN:221,(anonymous_51)
FN:224,(anonymous_52)
FN:234,(anonymous_53)
FN:237,(anonymous_54)
FN:243,(anonymous_55)
FN:246,(anonymous_56)
FN:252,(anonymous_57)
FN:255,(anonymous_58)
FN:265,(anonymous_59)
FN:274,(anonymous_60)
FN:280,(anonymous_61)
FN:283,(anonymous_62)
FN:289,(anonymous_63)
FN:297,(anonymous_64)
FN:299,(anonymous_65)
FN:312,(anonymous_66)
FN:320,(anonymous_67)
FN:326,(anonymous_68)
FN:329,(anonymous_69)
FN:336,(anonymous_70)
FN:339,(anonymous_71)
FN:346,(anonymous_72)
FN:351,(anonymous_73)
FN:359,(anonymous_74)
FN:362,(anonymous_75)
FN:369,(anonymous_76)
FN:372,(anonymous_77)
FN:379,(anonymous_78)
FN:387,(anonymous_79)
FN:388,(anonymous_80)
FN:395,(anonymous_81)
FN:400,(anonymous_82)
FN:410,(anonymous_83)
FN:418,(anonymous_84)
FN:423,(anonymous_85)
FN:426,(anonymous_86)
FN:432,(anonymous_87)
FN:437,(anonymous_88)
FN:449,(anonymous_89)
FN:456,(anonymous_90)
FN:465,(anonymous_91)
FN:472,(anonymous_92)
FN:477,(anonymous_93)
FN:480,(anonymous_94)
FN:486,(anonymous_95)
FN:489,(anonymous_96)
FN:495,(anonymous_97)
FN:498,(anonymous_98)
FN:508,(anonymous_99)
FN:518,(anonymous_100)
FN:524,(anonymous_101)
FN:527,(anonymous_102)
FN:533,(anonymous_103)
FN:541,(anonymous_104)
FN:543,(anonymous_105)
FN:555,(anonymous_106)
FN:558,(anonymous_107)
FN:564,(anonymous_108)
FN:567,(anonymous_109)
FN:573,(anonymous_110)
FN:576,(anonymous_111)
FN:583,(anonymous_112)
FN:586,(anonymous_113)
FN:592,(anonymous_114)
FN:595,(anonymous_115)
FN:610,(anonymous_116)
FN:616,(anonymous_117)
FN:628,(anonymous_118)
FN:634,(anonymous_119)
FN:646,(anonymous_120)
FN:650,(anonymous_121)
FN:652,(anonymous_122)
FNF:123
FNH:57
FNDA:8,(anonymous_0)
FNDA:4,(anonymous_1)
FNDA:1,(anonymous_2)
FNDA:10,(anonymous_3)
FNDA:5,(anonymous_4)
FNDA:4,(anonymous_5)
FNDA:0,(anonymous_6)
FNDA:0,(anonymous_7)
FNDA:0,(anonymous_8)
FNDA:0,(anonymous_9)
FNDA:3,(anonymous_10)
FNDA:0,(anonymous_11)
FNDA:0,(anonymous_12)
FNDA:0,(anonymous_13)
FNDA:0,(anonymous_14)
FNDA:0,(anonymous_15)
FNDA:7,(anonymous_16)
FNDA:3,(anonymous_17)
FNDA:2,(anonymous_18)
FNDA:14,(anonymous_19)
FNDA:3,(anonymous_20)
FNDA:7,(anonymous_21)
FNDA:4,(anonymous_22)
FNDA:0,(anonymous_23)
FNDA:0,(anonymous_24)
FNDA:5,(anonymous_25)
FNDA:2,(anonymous_26)
FNDA:2,(anonymous_27)
FNDA:0,(anonymous_28)
FNDA:0,(anonymous_29)
FNDA:5,(anonymous_30)
FNDA:2,(anonymous_31)
FNDA:2,(anonymous_32)
FNDA:0,(anonymous_33)
FNDA:0,(anonymous_34)
FNDA:1,(anonymous_35)
FNDA:0,(anonymous_36)
FNDA:0,(anonymous_37)
FNDA:2,(anonymous_38)
FNDA:1,(anonymous_39)
FNDA:0,(anonymous_40)
FNDA:5,(anonymous_41)
FNDA:2,(anonymous_42)
FNDA:2,(anonymous_43)
FNDA:0,(anonymous_44)
FNDA:0,(anonymous_45)
FNDA:4,(anonymous_46)
FNDA:2,(anonymous_47)
FNDA:3,(anonymous_48)
FNDA:1,(anonymous_49)
FNDA:2,(anonymous_50)
FNDA:0,(anonymous_51)
FNDA:0,(anonymous_52)
FNDA:0,(anonymous_53)
FNDA:0,(anonymous_54)
FNDA:0,(anonymous_55)
FNDA:0,(anonymous_56)
FNDA:0,(anonymous_57)
FNDA:0,(anonymous_58)
FNDA:3,(anonymous_59)
FNDA:2,(anonymous_60)
FNDA:2,(anonymous_61)
FNDA:1,(anonymous_62)
FNDA:2,(anonymous_63)
FNDA:1,(anonymous_64)
FNDA:1,(anonymous_65)
FNDA:3,(anonymous_66)
FNDA:2,(anonymous_67)
FNDA:2,(anonymous_68)
FNDA:1,(anonymous_69)
FNDA:3,(anonymous_70)
FNDA:1,(anonymous_71)
FNDA:2,(anonymous_72)
FNDA:1,(anonymous_73)
FNDA:0,(anonymous_74)
FNDA:0,(anonymous_75)
FNDA:0,(anonymous_76)
FNDA:0,(anonymous_77)
FNDA:0,(anonymous_78)
FNDA:0,(anonymous_79)
FNDA:0,(anonymous_80)
FNDA:0,(anonymous_81)
FNDA:0,(anonymous_82)
FNDA:2,(anonymous_83)
FNDA:1,(anonymous_84)
FNDA:2,(anonymous_85)
FNDA:1,(anonymous_86)
FNDA:0,(anonymous_87)
FNDA:0,(anonymous_88)
FNDA:0,(anonymous_89)
FNDA:0,(anonymous_90)
FNDA:2,(anonymous_91)
FNDA:1,(anonymous_92)
FNDA:2,(anonymous_93)
FNDA:1,(anonymous_94)
FNDA:0,(anonymous_95)
FNDA:0,(anonymous_96)
FNDA:0,(anonymous_97)
FNDA:0,(anonymous_98)
FNDA:0,(anonymous_99)
FNDA:0,(anonymous_100)
FNDA:0,(anonymous_101)
FNDA:0,(anonymous_102)
FNDA:2,(anonymous_103)
FNDA:1,(anonymous_104)
FNDA:1,(anonymous_105)
FNDA:0,(anonymous_106)
FNDA:0,(anonymous_107)
FNDA:0,(anonymous_108)
FNDA:0,(anonymous_109)
FNDA:0,(anonymous_110)
FNDA:0,(anonymous_111)
FNDA:0,(anonymous_112)
FNDA:0,(anonymous_113)
FNDA:0,(anonymous_114)
FNDA:0,(anonymous_115)
FNDA:0,(anonymous_116)
FNDA:0,(anonymous_117)
FNDA:0,(anonymous_118)
FNDA:0,(anonymous_119)
FNDA:0,(anonymous_120)
FNDA:0,(anonymous_121)
FNDA:0,(anonymous_122)
DA:74,1
DA:78,8
DA:81,4
DA:82,1
DA:85,10
DA:87,5
DA:88,4
DA:89,0
DA:90,0
DA:91,0
DA:92,0
DA:95,3
DA:96,0
DA:99,0
DA:101,0
DA:102,0
DA:103,0
DA:106,7
DA:108,3
DA:109,2
DA:112,14
DA:113,3
DA:114,7
DA:115,4
DA:116,0
DA:117,0
DA:120,5
DA:122,2
DA:123,2
DA:126,0
DA:127,0
DA:130,5
DA:131,2
DA:132,2
DA:133,0
DA:134,0
DA:137,1
DA:139,0
DA:140,0
DA:143,2
DA:145,1
DA:147,0
DA:154,1
DA:158,5
DA:160,2
DA:171,1
DA:172,2
DA:179,1
DA:180,0
DA:182,0
DA:192,1
DA:193,4
DA:195,2
DA:200,1
DA:201,3
DA:203,1
DA:213,1
DA:214,2
DA:221,1
DA:222,0
DA:224,0
DA:234,1
DA:235,0
DA:237,0
DA:243,1
DA:244,0
DA:246,0
DA:252,1
DA:253,0
DA:255,0
DA:265,1
DA:272,3
DA:274,2
DA:280,1
DA:281,2
DA:283,1
DA:289,1
DA:290,2
DA:292,2
DA:298,1
DA:301,1
DA:302,1
DA:303,1
DA:312,1
DA:318,3
DA:320,2
DA:326,1
DA:327,2
DA:329,1
DA:336,1
DA:337,3
DA:339,1
DA:346,1
DA:347,2
DA:349,2
DA:352,1
DA:353,1
DA:354,1
DA:359,1
DA:360,0
DA:362,0
DA:369,1
DA:370,0
DA:372,0
DA:379,1
DA:380,0
DA:382,0
DA:387,0
DA:389,0
DA:390,0
DA:395,1
DA:396,0
DA:398,0
DA:401,0
DA:410,1
DA:416,2
DA:418,1
DA:423,1
DA:424,2
DA:426,1
DA:432,1
DA:433,0
DA:435,0
DA:438,0
DA:439,0
DA:440,0
DA:449,1
DA:454,0
DA:456,0
DA:465,1
DA:470,2
DA:472,1
DA:477,1
DA:478,2
DA:480,1
DA:486,1
DA:487,0
DA:489,0
DA:495,1
DA:496,0
DA:498,0
DA:508,1
DA:516,0
DA:518,0
DA:524,1
DA:525,0
DA:527,0
DA:533,1
DA:534,2
DA:536,2
DA:542,1
DA:545,1
DA:546,1
DA:555,1
DA:556,0
DA:558,0
DA:564,1
DA:565,0
DA:567,0
DA:573,1
DA:574,0
DA:576,0
DA:583,1
DA:584,0
DA:586,0
DA:592,1
DA:593,0
DA:595,0
DA:610,1
DA:614,0
DA:616,0
DA:628,1
DA:632,0
DA:634,0
DA:646,1
DA:650,0
DA:652,0
DA:660,0
LF:178
LH:106
BRDA:332,0,0,2
BRDA:332,0,1,2
BRDA:340,1,0,3
BRDA:340,1,1,2
BRDA:342,2,0,3
BRDA:342,2,1,3
BRDA:363,3,0,0
BRDA:363,3,1,0
BRDA:365,4,0,0
BRDA:365,4,1,0
BRDA:373,5,0,0
BRDA:373,5,1,0
BRDA:375,6,0,0
BRDA:375,6,1,0
BRDA:615,7,0,0
BRDA:615,7,1,0
BRDA:617,8,0,0
BRDA:617,8,1,0
BRDA:619,9,0,0
BRDA:619,9,1,0
BRDA:633,10,0,0
BRDA:633,10,1,0
BRDA:635,11,0,0
BRDA:635,11,1,0
BRDA:637,12,0,0
BRDA:637,12,1,0
BRDA:653,13,0,0
BRDA:653,13,1,0
BRDA:655,14,0,0
BRDA:655,14,1,0
BRF:30
BRH:6
end_of_record
TN:
SF:src/lib/security.ts
FN:30,(anonymous_0)
FN:70,(anonymous_1)
FN:94,(anonymous_2)
FN:134,(anonymous_3)
FN:161,(anonymous_4)
FN:178,(anonymous_5)
FN:185,(anonymous_6)
FN:193,(anonymous_7)
FN:206,(anonymous_8)
FN:218,(anonymous_9)
FN:229,(anonymous_10)
FNF:11
FNH:11
FNDA:18,(anonymous_0)
FNDA:14,(anonymous_1)
FNDA:6,(anonymous_2)
FNDA:4,(anonymous_3)
FNDA:2,(anonymous_4)
FNDA:1,(anonymous_5)
FNDA:1,(anonymous_6)
FNDA:3,(anonymous_7)
FNDA:2,(anonymous_8)
FNDA:4,(anonymous_9)
FNDA:7,(anonymous_10)
DA:12,9
DA:20,9
DA:30,9
DA:31,18
DA:32,4
DA:36,14
DA:39,14
DA:42,14
DA:43,2
DA:47,14
DA:48,14
DA:51,13
DA:52,0
DA:56,13
DA:57,0
DA:60,13
DA:62,1
DA:70,9
DA:71,14
DA:72,3
DA:75,11
DA:78,11
DA:79,2
DA:83,9
DA:84,1
DA:87,8
DA:94,9
DA:99,6
DA:101,6
DA:102,6
DA:103,1
DA:106,5
DA:107,5
DA:108,1
DA:112,4
DA:120,3
DA:122,1
DA:123,1
DA:134,9
DA:139,4
DA:140,4
DA:146,3
DA:147,2
DA:150,1
DA:152,1
DA:153,1
DA:161,9
DA:162,2
DA:163,2
DA:170,1
DA:171,1
DA:178,9
DA:179,1
DA:185,9
DA:186,1
DA:193,9
DA:194,3
DA:195,3
DA:196,2
DA:198,1
DA:206,9
DA:207,2
DA:208,1
DA:210,1
DA:218,9
DA:219,4
DA:220,3
DA:222,1
DA:229,9
DA:230,7
DA:232,5
LF:71
LH:69
BRDA:31,0,0,4
BRDA:31,0,1,14
BRDA:31,1,0,18
BRDA:31,1,1,14
BRDA:42,2,0,2
BRDA:42,2,1,12
BRDA:42,3,0,14
BRDA:42,3,1,4
BRDA:51,4,0,0
BRDA:51,4,1,13
BRDA:56,5,0,0
BRDA:56,5,1,13
BRDA:56,6,0,13
BRDA:56,6,1,2
BRDA:56,6,2,1
BRDA:71,7,0,3
BRDA:71,7,1,11
BRDA:71,8,0,14
BRDA:71,8,1,11
BRDA:78,9,0,2
BRDA:78,9,1,9
BRDA:83,10,0,1
BRDA:83,10,1,8
BRDA:102,11,0,1
BRDA:102,11,1,5
BRDA:107,12,0,1
BRDA:107,12,1,4
BRDA:115,13,0,1
BRDA:115,13,1,3
BRDA:146,14,0,2
BRDA:146,14,1,1
BRDA:146,15,0,3
BRDA:146,15,1,2
BRDA:207,16,0,1
BRDA:207,16,1,1
BRDA:219,17,0,3
BRDA:219,17,1,1
BRDA:219,18,0,4
BRDA:219,18,1,2
BRDA:230,19,0,2
BRDA:230,19,1,5
BRF:41
BRH:39
end_of_record
TN:
SF:src/lib/api/client.ts
FN:62,(anonymous_0)
FN:81,(anonymous_1)
FN:102,(anonymous_2)
FN:109,(anonymous_3)
FN:116,(anonymous_4)
FN:122,(anonymous_5)
FN:136,(anonymous_6)
FN:193,(anonymous_7)
FN:214,(anonymous_8)
FN:225,(anonymous_9)
FN:239,(anonymous_10)
FN:240,(anonymous_11)
FN:258,(anonymous_12)
FN:259,(anonymous_13)
FN:269,(anonymous_14)
FN:270,(anonymous_15)
FN:280,(anonymous_16)
FN:281,(anonymous_17)
FN:299,(anonymous_18)
FN:300,(anonymous_19)
FN:310,(anonymous_20)
FN:311,(anonymous_21)
FN:321,(anonymous_22)
FN:325,(anonymous_23)
FN:345,(anonymous_24)
FN:350,(anonymous_25)
FN:367,(anonymous_26)
FN:368,(anonymous_27)
FN:380,(anonymous_28)
FN:381,(anonymous_29)
FN:393,(anonymous_30)
FN:394,(anonymous_31)
FN:406,(anonymous_32)
FN:407,(anonymous_33)
FN:419,(anonymous_34)
FN:423,(anonymous_35)
FN:439,(anonymous_36)
FN:440,(anonymous_37)
FN:452,(anonymous_38)
FN:453,(anonymous_39)
FN:465,(anonymous_40)
FN:472,(anonymous_41)
FN:491,(anonymous_42)
FN:492,(anonymous_43)
FN:504,(anonymous_44)
FN:514,(anonymous_45)
FN:534,(anonymous_46)
FN:542,(anonymous_47)
FN:563,(anonymous_48)
FN:564,(anonymous_49)
FN:574,(anonymous_50)
FN:575,(anonymous_51)
FN:587,(anonymous_52)
FN:588,(anonymous_53)
FN:601,(anonymous_54)
FN:602,(anonymous_55)
FN:614,(anonymous_56)
FN:619,(anonymous_57)
FN:634,(anonymous_58)
FN:635,(anonymous_59)
FN:646,(anonymous_60)
FN:647,(anonymous_61)
FN:659,(anonymous_62)
FN:660,(anonymous_63)
FN:669,(anonymous_64)
FN:676,(anonymous_65)
FN:695,(anonymous_66)
FN:696,(anonymous_67)
FN:708,(anonymous_68)
FN:709,(anonymous_69)
FN:721,(anonymous_70)
FN:722,(anonymous_71)
FN:734,(anonymous_72)
FN:740,(anonymous_73)
FN:762,(anonymous_74)
FN:767,(anonymous_75)
FN:784,(anonymous_76)
FN:785,(anonymous_77)
FN:797,(anonymous_78)
FN:798,(anonymous_79)
FN:810,(anonymous_80)
FN:818,(anonymous_81)
FN:838,(anonymous_82)
FN:839,(anonymous_83)
FN:851,(anonymous_84)
FN:855,(anonymous_85)
FN:871,(anonymous_86)
FN:882,(anonymous_87)
FN:907,(anonymous_88)
FN:908,(anonymous_89)
FN:924,(anonymous_90)
FN:925,(anonymous_91)
FN:942,(anonymous_92)
FN:943,(anonymous_93)
FN:956,(anonymous_94)
FN:957,(anonymous_95)
FN:974,(anonymous_96)
FN:977,(anonymous_97)
FN:998,(anonymous_98)
FN:1001,(anonymous_99)
FN:1022,(anonymous_100)
FN:1025,(anonymous_101)
FN:1032,(anonymous_102)
FN:1035,(anonymous_103)
FN:1067,(anonymous_104)
FN:1071,(anonymous_105)
FN:1090,(anonymous_106)
FN:1094,(anonymous_107)
FNF:108
FNH:49
FNDA:14,(anonymous_0)
FNDA:35,(anonymous_1)
FNDA:35,(anonymous_2)
FNDA:0,(anonymous_3)
FNDA:26,(anonymous_4)
FNDA:9,(anonymous_5)
FNDA:9,(anonymous_6)
FNDA:31,(anonymous_7)
FNDA:4,(anonymous_8)
FNDA:15,(anonymous_9)
FNDA:1,(anonymous_10)
FNDA:1,(anonymous_11)
FNDA:4,(anonymous_12)
FNDA:6,(anonymous_13)
FNDA:2,(anonymous_14)
FNDA:4,(anonymous_15)
FNDA:2,(anonymous_16)
FNDA:2,(anonymous_17)
FNDA:2,(anonymous_18)
FNDA:2,(anonymous_19)
FNDA:0,(anonymous_20)
FNDA:0,(anonymous_21)
FNDA:0,(anonymous_22)
FNDA:0,(anonymous_23)
FNDA:2,(anonymous_24)
FNDA:2,(anonymous_25)
FNDA:2,(anonymous_26)
FNDA:2,(anonymous_27)
FNDA:0,(anonymous_28)
FNDA:0,(anonymous_29)
FNDA:1,(anonymous_30)
FNDA:1,(anonymous_31)
FNDA:0,(anonymous_32)
FNDA:0,(anonymous_33)
FNDA:0,(anonymous_34)
FNDA:0,(anonymous_35)
FNDA:0,(anonymous_36)
FNDA:0,(anonymous_37)
FNDA:0,(anonymous_38)
FNDA:0,(anonymous_39)
FNDA:2,(anonymous_40)
FNDA:2,(anonymous_41)
FNDA:1,(anonymous_42)
FNDA:1,(anonymous_43)
FNDA:1,(anonymous_44)
FNDA:1,(anonymous_45)
FNDA:2,(anonymous_46)
FNDA:2,(anonymous_47)
FNDA:1,(anonymous_48)
FNDA:1,(anonymous_49)
FNDA:1,(anonymous_50)
FNDA:1,(anonymous_51)
FNDA:0,(anonymous_52)
FNDA:0,(anonymous_53)
FNDA:0,(anonymous_54)
FNDA:0,(anonymous_55)
FNDA:0,(anonymous_56)
FNDA:0,(anonymous_57)
FNDA:0,(anonymous_58)
FNDA:0,(anonymous_59)
FNDA:0,(anonymous_60)
FNDA:0,(anonymous_61)
FNDA:1,(anonymous_62)
FNDA:1,(anonymous_63)
FNDA:2,(anonymous_64)
FNDA:2,(anonymous_65)
FNDA:1,(anonymous_66)
FNDA:1,(anonymous_67)
FNDA:0,(anonymous_68)
FNDA:0,(anonymous_69)
FNDA:0,(anonymous_70)
FNDA:0,(anonymous_71)
FNDA:0,(anonymous_72)
FNDA:0,(anonymous_73)
FNDA:1,(anonymous_74)
FNDA:1,(anonymous_75)
FNDA:1,(anonymous_76)
FNDA:1,(anonymous_77)
FNDA:0,(anonymous_78)
FNDA:0,(anonymous_79)
FNDA:0,(anonymous_80)
FNDA:0,(anonymous_81)
FNDA:0,(anonymous_82)
FNDA:0,(anonymous_83)
FNDA:0,(anonymous_84)
FNDA:0,(anonymous_85)
FNDA:1,(anonymous_86)
FNDA:1,(anonymous_87)
FNDA:0,(anonymous_88)
FNDA:0,(anonymous_89)
FNDA:0,(anonymous_90)
FNDA:0,(anonymous_91)
FNDA:0,(anonymous_92)
FNDA:0,(anonymous_93)
FNDA:0,(anonymous_94)
FNDA:0,(anonymous_95)
FNDA:0,(anonymous_96)
FNDA:0,(anonymous_97)
FNDA:0,(anonymous_98)
FNDA:0,(anonymous_99)
FNDA:0,(anonymous_100)
FNDA:0,(anonymous_101)
FNDA:0,(anonymous_102)
FNDA:0,(anonymous_103)
FNDA:0,(anonymous_104)
FNDA:0,(anonymous_105)
FNDA:0,(anonymous_106)
FNDA:0,(anonymous_107)
DA:48,7
DA:49,7
DA:50,7
DA:68,14
DA:69,14
DA:70,14
DA:71,14
DA:72,14
DA:73,14
DA:74,14
DA:81,7
DA:82,35
DA:84,35
DA:85,1
DA:88,34
DA:90,34
DA:101,34
DA:104,35
DA:105,35
DA:107,35
DA:110,0
DA:115,34
DA:117,26
DA:118,26
DA:120,26
DA:123,9
DA:124,9
DA:126,9
DA:130,34
DA:136,7
DA:138,9
DA:139,3
DA:147,6
DA:150,6
DA:152,1
DA:157,0
DA:163,2
DA:168,0
DA:176,3
DA:182,0
DA:193,7
DA:199,31
DA:200,35
DA:201,35
DA:203,9
DA:206,9
DA:207,9
DA:208,3
DA:213,6
DA:214,4
DA:219,2
DA:225,7
DA:226,15
DA:227,15
DA:229,0
DA:239,7
DA:240,1
DA:241,1
DA:243,1
DA:248,1
DA:258,7
DA:259,4
DA:260,6
DA:261,5
DA:262,1
DA:269,7
DA:270,2
DA:271,4
DA:272,4
DA:273,1
DA:280,7
DA:281,2
DA:282,2
DA:283,2
DA:284,2
DA:285,1
DA:288,1
DA:289,1
DA:291,0
DA:299,7
DA:300,2
DA:301,2
DA:302,2
DA:303,2
DA:310,7
DA:311,0
DA:312,0
DA:313,0
DA:314,0
DA:321,7
DA:325,0
DA:326,0
DA:327,0
DA:329,0
DA:330,0
DA:332,0
DA:333,0
DA:336,0
DA:337,0
DA:338,0
DA:345,7
DA:350,2
DA:351,2
DA:352,2
DA:354,2
DA:355,2
DA:356,2
DA:358,2
DA:359,2
DA:360,2
DA:367,7
DA:368,2
DA:369,2
DA:370,2
DA:373,1
DA:380,7
DA:381,0
DA:382,0
DA:383,0
DA:386,0
DA:393,7
DA:394,1
DA:395,1
DA:396,1
DA:399,1
DA:406,7
DA:407,0
DA:408,0
DA:409,0
DA:412,0
DA:419,7
DA:423,0
DA:424,0
DA:425,0
DA:427,0
DA:428,0
DA:430,0
DA:431,0
DA:432,0
DA:439,7
DA:440,0
DA:441,0
DA:442,0
DA:445,0
DA:452,7
DA:453,0
DA:454,0
DA:455,0
DA:458,0
DA:465,7
DA:472,2
DA:473,2
DA:474,2
DA:476,2
DA:477,2
DA:478,2
DA:479,2
DA:480,2
DA:482,2
DA:483,2
DA:484,2
DA:491,7
DA:492,1
DA:493,1
DA:494,1
DA:497,1
DA:504,7
DA:514,1
DA:515,1
DA:516,1
DA:527,1
DA:534,7
DA:542,2
DA:543,2
DA:544,2
DA:546,2
DA:547,2
DA:548,2
DA:549,2
DA:550,2
DA:551,2
DA:554,2
DA:555,2
DA:556,2
DA:563,7
DA:564,1
DA:565,1
DA:566,1
DA:567,1
DA:574,7
DA:575,1
DA:576,1
DA:577,1
DA:580,1
DA:587,7
DA:588,0
DA:589,0
DA:590,0
DA:594,0
DA:601,7
DA:602,0
DA:603,0
DA:604,0
DA:607,0
DA:614,7
DA:619,0
DA:620,0
DA:621,0
DA:634,7
DA:635,0
DA:636,0
DA:637,0
DA:646,7
DA:647,0
DA:648,0
DA:649,0
DA:652,0
DA:659,7
DA:660,1
DA:661,1
DA:662,1
DA:669,7
DA:676,2
DA:677,2
DA:678,2
DA:680,2
DA:681,2
DA:682,2
DA:683,2
DA:684,2
DA:686,2
DA:687,2
DA:688,2
DA:695,7
DA:696,1
DA:697,1
DA:698,1
DA:701,1
DA:708,7
DA:709,0
DA:710,0
DA:711,0
DA:714,0
DA:721,7
DA:722,0
DA:723,0
DA:724,0
DA:727,0
DA:734,7
DA:740,0
DA:741,0
DA:742,0
DA:744,0
DA:745,0
DA:746,0
DA:747,0
DA:749,0
DA:750,0
DA:751,0
DA:762,7
DA:767,1
DA:768,1
DA:769,1
DA:771,1
DA:772,1
DA:773,1
DA:775,1
DA:776,1
DA:777,1
DA:784,7
DA:785,1
DA:786,1
DA:787,1
DA:790,1
DA:797,7
DA:798,0
DA:799,0
DA:800,0
DA:803,0
DA:810,7
DA:818,0
DA:819,0
DA:820,0
DA:822,0
DA:823,0
DA:824,0
DA:825,0
DA:826,0
DA:827,0
DA:829,0
DA:830,0
DA:831,0
DA:838,7
DA:839,0
DA:840,0
DA:841,0
DA:844,0
DA:851,7
DA:855,0
DA:856,0
DA:857,0
DA:859,0
DA:860,0
DA:862,0
DA:863,0
DA:864,0
DA:871,7
DA:882,1
DA:883,1
DA:884,1
DA:896,1
DA:907,7
DA:908,0
DA:909,0
DA:910,0
DA:913,0
DA:924,7
DA:925,0
DA:926,0
DA:927,0
DA:930,0
DA:942,7
DA:943,0
DA:944,0
DA:946,0
DA:949,0
DA:956,7
DA:957,0
DA:958,0
DA:959,0
DA:962,0
DA:974,7
DA:977,0
DA:978,0
DA:979,0
DA:980,0
DA:983,0
DA:986,0
DA:987,0
DA:989,0
DA:998,7
DA:1001,0
DA:1002,0
DA:1003,0
DA:1004,0
DA:1007,0
DA:1010,0
DA:1011,0
DA:1013,0
DA:1022,7
DA:1025,0
DA:1026,0
DA:1027,0
DA:1029,0
DA:1032,0
DA:1035,0
DA:1038,0
DA:1039,0
DA:1042,0
DA:1043,0
DA:1046,0
DA:1056,0
DA:1057,0
DA:1059,0
DA:1067,7
DA:1071,0
DA:1072,0
DA:1073,0
DA:1074,0
DA:1077,0
DA:1079,0
DA:1080,0
DA:1082,0
DA:1090,7
DA:1094,0
DA:1095,0
DA:1096,0
DA:1097,0
DA:1100,0
DA:1102,0
DA:1103,0
DA:1105,0
LF:382
LH:212
BRDA:64,0,0,0
BRDA:65,1,0,6
BRDA:66,2,0,10
BRDA:73,3,0,14
BRDA:73,3,1,11
BRDA:84,4,0,1
BRDA:84,4,1,34
BRDA:104,5,0,35
BRDA:104,5,1,0
BRDA:117,6,0,26
BRDA:117,6,1,0
BRDA:123,7,0,9
BRDA:123,7,1,0
BRDA:124,8,0,9
BRDA:124,8,1,3
BRDA:124,9,0,9
BRDA:124,9,1,5
BRDA:138,10,0,3
BRDA:138,10,1,6
BRDA:150,11,0,1
BRDA:150,11,1,0
BRDA:150,11,2,2
BRDA:150,11,3,0
BRDA:150,11,4,3
BRDA:150,11,5,3
BRDA:150,11,6,3
BRDA:150,11,7,3
BRDA:150,11,8,0
BRDA:160,12,0,0
BRDA:160,12,1,0
BRDA:179,13,0,3
BRDA:179,13,1,0
BRDA:183,14,0,0
BRDA:183,14,1,0
BRDA:185,15,0,0
BRDA:185,15,1,0
BRDA:195,16,0,31
BRDA:206,17,0,9
BRDA:206,17,1,0
BRDA:207,18,0,3
BRDA:207,18,1,6
BRDA:207,19,0,9
BRDA:207,19,1,7
BRDA:207,19,2,4
BRDA:213,20,0,4
BRDA:213,20,1,2
BRDA:226,21,0,15
BRDA:226,21,1,0
BRDA:288,22,0,1
BRDA:288,22,1,0
BRDA:288,23,0,1
BRDA:288,23,1,1
BRDA:303,24,0,2
BRDA:303,24,1,1
BRDA:329,25,0,0
BRDA:329,25,1,0
BRDA:332,26,0,0
BRDA:332,26,1,0
BRDA:336,27,0,0
BRDA:336,27,1,0
BRDA:354,28,0,0
BRDA:354,28,1,2
BRDA:355,29,0,1
BRDA:355,29,1,1
BRDA:356,30,0,1
BRDA:356,30,1,1
BRDA:358,31,0,1
BRDA:358,31,1,1
BRDA:386,32,0,0
BRDA:386,32,1,0
BRDA:399,33,0,1
BRDA:399,33,1,0
BRDA:427,34,0,0
BRDA:427,34,1,0
BRDA:428,35,0,0
BRDA:428,35,1,0
BRDA:430,36,0,0
BRDA:430,36,1,0
BRDA:476,37,0,0
BRDA:476,37,1,2
BRDA:477,38,0,0
BRDA:477,38,1,2
BRDA:478,39,0,1
BRDA:478,39,1,1
BRDA:479,40,0,1
BRDA:479,40,1,1
BRDA:480,41,0,0
BRDA:480,41,1,2
BRDA:482,42,0,1
BRDA:482,42,1,1
BRDA:522,43,0,1
BRDA:522,43,1,1
BRDA:523,44,0,1
BRDA:523,44,1,1
BRDA:524,45,0,1
BRDA:524,45,1,1
BRDA:546,46,0,0
BRDA:546,46,1,2
BRDA:547,47,0,0
BRDA:547,47,1,2
BRDA:548,48,0,1
BRDA:548,48,1,1
BRDA:549,49,0,0
BRDA:549,49,1,2
BRDA:550,50,0,0
BRDA:550,50,1,2
BRDA:551,51,0,0
BRDA:551,51,1,2
BRDA:554,52,0,1
BRDA:554,52,1,1
BRDA:680,53,0,0
BRDA:680,53,1,2
BRDA:681,54,0,0
BRDA:681,54,1,2
BRDA:682,55,0,1
BRDA:682,55,1,1
BRDA:683,56,0,1
BRDA:683,56,1,1
BRDA:684,57,0,0
BRDA:684,57,1,2
BRDA:686,58,0,1
BRDA:686,58,1,1
BRDA:714,59,0,0
BRDA:714,59,1,0
BRDA:727,60,0,0
BRDA:727,60,1,0
BRDA:744,61,0,0
BRDA:744,61,1,0
BRDA:745,62,0,0
BRDA:745,62,1,0
BRDA:746,63,0,0
BRDA:746,63,1,0
BRDA:747,64,0,0
BRDA:747,64,1,0
BRDA:749,65,0,0
BRDA:749,65,1,0
BRDA:771,66,0,0
BRDA:771,66,1,1
BRDA:772,67,0,0
BRDA:772,67,1,1
BRDA:773,68,0,0
BRDA:773,68,1,1
BRDA:775,69,0,0
BRDA:775,69,1,1
BRDA:803,70,0,0
BRDA:803,70,1,0
BRDA:822,71,0,0
BRDA:822,71,1,0
BRDA:823,72,0,0
BRDA:823,72,1,0
BRDA:824,73,0,0
BRDA:824,73,1,0
BRDA:825,74,0,0
BRDA:825,74,1,0
BRDA:826,75,0,0
BRDA:826,75,1,0
BRDA:827,76,0,0
BRDA:827,76,1,0
BRDA:829,77,0,0
BRDA:829,77,1,0
BRDA:859,78,0,0
BRDA:859,78,1,0
BRDA:860,79,0,0
BRDA:860,79,1,0
BRDA:862,80,0,0
BRDA:862,80,1,0
BRDA:892,81,0,1
BRDA:892,81,1,1
BRDA:893,82,0,1
BRDA:893,82,1,1
BRDA:986,83,0,0
BRDA:986,83,1,0
BRDA:986,84,0,0
BRDA:986,84,1,0
BRDA:1010,85,0,0
BRDA:1010,85,1,0
BRDA:1010,86,0,0
BRDA:1010,86,1,0
BRDA:1038,87,0,0
BRDA:1038,87,1,0
BRDA:1039,88,0,0
BRDA:1039,88,1,0
BRDA:1042,89,0,0
BRDA:1042,89,1,0
BRDA:1042,90,0,0
BRDA:1042,90,1,0
BRDA:1048,91,0,0
BRDA:1048,91,1,0
BRDA:1049,92,0,0
BRDA:1049,92,1,0
BRDA:1050,93,0,0
BRDA:1050,93,1,0
BRDA:1051,94,0,0
BRDA:1051,94,1,0
BRDA:1051,94,2,0
BRDA:1056,95,0,0
BRDA:1056,95,1,0
BRDA:1056,96,0,0
BRDA:1056,96,1,0
BRDA:1079,97,0,0
BRDA:1079,97,1,0
BRDA:1079,98,0,0
BRDA:1079,98,1,0
BRDA:1102,99,0,0
BRDA:1102,99,1,0
BRDA:1102,100,0,0
BRDA:1102,100,1,0
BRF:207
BRH:86
end_of_record
TN:
SF:src/lib/api/types.ts
FNF:0
FNH:0
LF:0
LH:0
BRF:0
BRH:0
end_of_record
TN:
SF:src/theme/colors.ts
FNF:0
FNH:0
DA:6,3
LF:1
LH:1
BRF:0
BRH:0
end_of_record
TN:
SF:src/theme/spacing.ts
FNF:0
FNH:0
DA:5,3
DA:14,3
DA:22,3
DA:32,3
DA:39,3
LF:5
LH:5
BRF:0
BRH:0
end_of_record
